#
# A fatal error has been detected by the Java Runtime Environment:
#
#  SIGSEGV (0xb) at pc=0xb49ff7fe, pid=757, tid=3078839152
#
# JRE version: 6.0_22-b22
# Java VM: OpenJDK Server VM (20.0-b11 mixed mode linux-x86 )
# Derivative: IcedTea6 1.10.4
# Distribution: Fedora release 15 (Lovelock), package fedora-60.1.10.4.fc15-i386
# Problematic frame:
# J  com.android.dx.dex.file.DebugInfoEncoder.convert0()[B
#
# If you would like to submit a bug report, please include
# instructions how to reproduce the bug and visit:
#   http://icedtea.classpath.org/bugzilla
#

---------------  T H R E A D  ---------------

Current thread (0xb7605800):  JavaThread "main" [_thread_in_Java, id=772, stack(0xb77e5000,0xb7836000)]

siginfo:si_signo=SIGSEGV: si_errno=0, si_code=128 (), si_addr=0x00000000

Registers:
EAX=0x00000001, EBX=0xae479e48, ECX=0x00000000, EDX=0x00000000
ESP=0xb7834d80, EBP=0x00000000, ESI=0xae479e58, EDI=0x00000001
EIP=0xb49ff7fe, EFLAGS=0x00010202, CR2=0xb784d000

Top of Stack: (sp=0xb7834d80)
0xb7834d80:   ae479950 b7834d84 6cd7a22d 00b9de0c
0xb7834d90:   b7605800 ae479d90 ae479910 b7605800
0xb7834da0:   00000005 ae479e30 ae479e48 00000004
0xb7834db0:   abf2edc0 00000000 00000001 00000000
0xb7834dc0:   00000000 ae479e58 00000001 00000000
0xb7834dd0:   00000001 00000001 0000000f 00000006
0xb7834de0:   b4612f94 ae479910 b7834e24 b4603047
0xb7834df0:   b7834e2c 6cd8a1d8 6cd8dff0 b4603047 

Instructions: (pc=0xb49ff7fe)
0xb49ff7de:   8b 4c 24 40 89 44 cf 10 89 54 cf 14 43 8b 7c 24
0xb49ff7ee:   24 89 5f 08 8b 5c 24 28 8b 4b 08 8b fd 47 3b f9
0xb49ff7fe:   0f 8f 55 13 00 00 8b 4c 24 24 89 79 0c 8b 4c 24
0xb49ff80e:   28 8b 49 08 3b e9 0f 83 7b 19 00 00 8b 5c 24 28 

Register to memory mapping:

EAX=0x00000001 is an unknown value
EBX=0xae479e48 is an oop
[Ljava.lang.Object; 
 - klass: 'java/lang/Object'[]
 - length: 0
ECX=0x00000000 is an unknown value
EDX=0x00000000 is an unknown value
ESP=0xb7834d80 is pointing into the stack for thread: 0xb7605800
EBP=0x00000000 is an unknown value
ESI=0xae479e58 is an oop
[J 
 - klass: {type array long}
 - length: 1
EDI=0x00000001 is an unknown value


Stack: [0xb77e5000,0xb7836000],  sp=0xb7834d80,  free space=319k
Native frames: (J=compiled Java code, j=interpreted, Vv=VM code, C=native code)
J  com.android.dx.dex.file.DebugInfoEncoder.convert0()[B

[error occurred during error reporting (printing native stack), id 0xb]


---------------  P R O C E S S  ---------------

Java Threads: ( => current thread )
  0xb76c7400 JavaThread "Low Memory Detector" daemon [_thread_blocked, id=783, stack(0x6b819000,0x6b86a000)]
  0xb76c5800 JavaThread "C2 CompilerThread1" daemon [_thread_in_native, id=782, stack(0x6b27f000,0x6b300000)]
  0xb76c3800 JavaThread "C2 CompilerThread0" daemon [_thread_in_native, id=781, stack(0x6b67f000,0x6b700000)]
  0xb76c2400 JavaThread "Signal Dispatcher" daemon [_thread_blocked, id=780, stack(0x6bc2e000,0x6bc7f000)]
  0xb76b2800 JavaThread "Finalizer" daemon [_thread_blocked, id=779, stack(0x6bf2e000,0x6bf7f000)]
  0xb76b1000 JavaThread "Reference Handler" daemon [_thread_blocked, id=778, stack(0x6b86a000,0x6b8bb000)]
=>0xb7605800 JavaThread "main" [_thread_in_Java, id=772, stack(0xb77e5000,0xb7836000)]

Other Threads:
  0xb76ad400 VMThread [stack: 0x6b8bb000,0x6b93c000] [id=777]
  0xb76c9400 WatcherThread [stack: 0x6b1fe000,0x6b27f000] [id=784]

VM state:not at safepoint (normal execution)

VM Mutex/Monitor currently owned by a thread: None

Heap
 PSYoungGen      total 298176K, used 298092K [0x9f0b0000, 0xb4600000, 0xb4600000)
  eden space 251648K, 99% used [0x9f0b0000,0xae65bb60,0xae670000)
  from space 46528K, 99% used [0xae670000,0xb13df670,0xb13e0000)
  to   space 51328K, 0% used [0xb13e0000,0xb13e0000,0xb4600000)
 PSOldGen        total 244160K, used 189936K [0x74600000, 0x83470000, 0x9f0b0000)
  object space 244160K, 77% used [0x74600000,0x7ff7c238,0x83470000)
 PSPermGen       total 16384K, used 7739K [0x6c600000, 0x6d600000, 0x74600000)
  object space 16384K, 47% used [0x6c600000,0x6cd8ed10,0x6d600000)

Code Cache  [0xb4600000, 0xb4a08000, 0xb7600000)
 total_blobs=1172 nmethods=1067 adapters=59 free_code_cache=46165824 largest_free_block=30528

Dynamic libraries:
00110000-00136000 r-xp 00000000 fd:01 931100     /usr/lib/jvm/java-1.6.0-openjdk-1.6.0.0/jre/lib/i386/libjava.so
00136000-00138000 rw-p 00026000 fd:01 931100     /usr/lib/jvm/java-1.6.0-openjdk-1.6.0.0/jre/lib/i386/libjava.so
00138000-00143000 r-xp 00000000 fd:01 1353       /lib/libnss_files-2.14.so
00143000-00144000 r--p 0000a000 fd:01 1353       /lib/libnss_files-2.14.so
00144000-00145000 rw-p 0000b000 fd:01 1353       /lib/libnss_files-2.14.so
00145000-0014c000 r-xp 00000000 fd:01 931120     /usr/lib/jvm/java-1.6.0-openjdk-1.6.0.0/jre/lib/i386/libzip.so
0014c000-0014d000 rw-p 00006000 fd:01 931120     /usr/lib/jvm/java-1.6.0-openjdk-1.6.0.0/jre/lib/i386/libzip.so
00214000-00215000 r-xp 00000000 00:00 0          [vdso]
002d3000-002de000 r-xp 00000000 fd:01 931119     /usr/lib/jvm/java-1.6.0-openjdk-1.6.0.0/jre/lib/i386/libverify.so
002de000-002df000 rw-p 0000b000 fd:01 931119     /usr/lib/jvm/java-1.6.0-openjdk-1.6.0.0/jre/lib/i386/libverify.so
0033a000-00b59000 r-xp 00000000 fd:01 1048579    /usr/lib/jvm/java-1.6.0-openjdk-1.6.0.0/jre/lib/i386/server/libjvm.so
00b59000-00bad000 rw-p 0081e000 fd:01 1048579    /usr/lib/jvm/java-1.6.0-openjdk-1.6.0.0/jre/lib/i386/server/libjvm.so
00bad000-00fc7000 rw-p 00000000 00:00 0 
08048000-08051000 r-xp 00000000 fd:01 666654     /usr/lib/jvm/java-1.6.0-openjdk-1.6.0.0/jre/bin/java
08051000-08052000 rw-p 00008000 fd:01 666654     /usr/lib/jvm/java-1.6.0-openjdk-1.6.0.0/jre/bin/java
0848a000-0855c000 rw-p 00000000 00:00 0          [heap]
43047000-4306f000 r-xp 00000000 fd:01 1453       /lib/libm-2.14.so
4306f000-43070000 r--p 00028000 fd:01 1453       /lib/libm-2.14.so
43070000-43071000 rw-p 00029000 fd:01 1453       /lib/libm-2.14.so
43241000-43323000 r-xp 00000000 fd:01 141890     /usr/lib/libstdc++.so.6.0.16
43323000-43327000 r--p 000e1000 fd:01 141890     /usr/lib/libstdc++.so.6.0.16
43327000-43329000 rw-p 000e5000 fd:01 141890     /usr/lib/libstdc++.so.6.0.16
43329000-4332f000 rw-p 00000000 00:00 0 
4ae5b000-4ae5f000 r-xp 00000000 fd:01 932017     /usr/lib/jvm/java-1.6.0-openjdk-1.6.0.0/jre/lib/i386/jli/libjli.so
4ae5f000-4ae60000 rw-p 00003000 fd:01 932017     /usr/lib/jvm/java-1.6.0-openjdk-1.6.0.0/jre/lib/i386/jli/libjli.so
4aeba000-4aed7000 r-xp 00000000 fd:01 1750       /lib/ld-2.14.so
4aed7000-4aed8000 r--p 0001d000 fd:01 1750       /lib/ld-2.14.so
4aed8000-4aed9000 rw-p 0001e000 fd:01 1750       /lib/ld-2.14.so
4aedb000-4b060000 r-xp 00000000 fd:01 1817       /lib/libc-2.14.so
4b060000-4b061000 ---p 00185000 fd:01 1817       /lib/libc-2.14.so
4b061000-4b063000 r--p 00185000 fd:01 1817       /lib/libc-2.14.so
4b063000-4b064000 rw-p 00187000 fd:01 1817       /lib/libc-2.14.so
4b064000-4b067000 rw-p 00000000 00:00 0 
4b069000-4b07f000 r-xp 00000000 fd:01 1877       /lib/libpthread-2.14.so
4b07f000-4b080000 r--p 00015000 fd:01 1877       /lib/libpthread-2.14.so
4b080000-4b081000 rw-p 00016000 fd:01 1877       /lib/libpthread-2.14.so
4b081000-4b083000 rw-p 00000000 00:00 0 
4b085000-4b088000 r-xp 00000000 fd:01 1818       /lib/libdl-2.14.so
4b088000-4b089000 r--p 00002000 fd:01 1818       /lib/libdl-2.14.so
4b089000-4b08a000 rw-p 00003000 fd:01 1818       /lib/libdl-2.14.so
4b08c000-4b093000 r-xp 00000000 fd:01 1878       /lib/librt-2.14.so
4b093000-4b094000 r--p 00006000 fd:01 1878       /lib/librt-2.14.so
4b094000-4b095000 rw-p 00007000 fd:01 1878       /lib/librt-2.14.so
4b0e4000-4b100000 r-xp 00000000 fd:01 1908       /lib/libgcc_s-4.6.1-20110908.so.1
4b100000-4b101000 rw-p 0001b000 fd:01 1908       /lib/libgcc_s-4.6.1-20110908.so.1
4b103000-4b118000 r-xp 00000000 fd:01 1906       /lib/libz.so.1.2.5
4b118000-4b119000 rw-p 00014000 fd:01 1906       /lib/libz.so.1.2.5
4da1a000-4da30000 r-xp 00000000 fd:01 1916       /lib/libnsl-2.14.so
4da30000-4da31000 r--p 00016000 fd:01 1916       /lib/libnsl-2.14.so
4da31000-4da32000 rw-p 00017000 fd:01 1916       /lib/libnsl-2.14.so
4da32000-4da34000 rw-p 00000000 00:00 0 
66900000-669f8000 rw-p 00000000 00:00 0 
669f8000-66a00000 ---p 00000000 00:00 0 
66a00000-66afb000 rw-p 00000000 00:00 0 
66afb000-66b00000 ---p 00000000 00:00 0 
66b00000-66cf9000 rw-p 00000000 00:00 0 
66cf9000-66d00000 ---p 00000000 00:00 0 
66d00000-66e00000 rw-p 00000000 00:00 0 
66f00000-66ff9000 rw-p 00000000 00:00 0 
66ff9000-67000000 ---p 00000000 00:00 0 
67000000-670fd000 rw-p 00000000 00:00 0 
670fd000-67100000 ---p 00000000 00:00 0 
67100000-671f9000 rw-p 00000000 00:00 0 
671f9000-67200000 ---p 00000000 00:00 0 
67200000-672f5000 rw-p 00000000 00:00 0 
672f5000-67300000 ---p 00000000 00:00 0 
67300000-673e1000 rw-p 00000000 00:00 0 
673e1000-67400000 ---p 00000000 00:00 0 
67400000-674fa000 rw-p 00000000 00:00 0 
674fa000-67500000 ---p 00000000 00:00 0 
67500000-675f2000 rw-p 00000000 00:00 0 
675f2000-67600000 ---p 00000000 00:00 0 
67600000-676ff000 rw-p 00000000 00:00 0 
676ff000-67700000 ---p 00000000 00:00 0 
67700000-677fa000 rw-p 00000000 00:00 0 
677fa000-67800000 ---p 00000000 00:00 0 
67800000-678fb000 rw-p 00000000 00:00 0 
678fb000-67900000 ---p 00000000 00:00 0 
67900000-67b00000 rw-p 00000000 00:00 0 
67b00000-67c00000 rw-p 00000000 00:00 0 
67c00000-67cf9000 rw-p 00000000 00:00 0 
67cf9000-67d00000 ---p 00000000 00:00 0 
67d00000-67dfc000 rw-p 00000000 00:00 0 
67dfc000-67e00000 ---p 00000000 00:00 0 
67e00000-67efe000 rw-p 00000000 00:00 0 
67efe000-67f00000 ---p 00000000 00:00 0 
67f00000-68100000 rw-p 00000000 00:00 0 
68100000-68200000 rw-p 00000000 00:00 0 
68200000-682fe000 rw-p 00000000 00:00 0 
682fe000-68300000 ---p 00000000 00:00 0 
68300000-683fa000 rw-p 00000000 00:00 0 
683fa000-68400000 ---p 00000000 00:00 0 
68400000-684fe000 rw-p 00000000 00:00 0 
684fe000-68500000 ---p 00000000 00:00 0 
68500000-685fe000 rw-p 00000000 00:00 0 
685fe000-68600000 ---p 00000000 00:00 0 
68600000-686f9000 rw-p 00000000 00:00 0 
686f9000-68700000 ---p 00000000 00:00 0 
68700000-687fa000 rw-p 00000000 00:00 0 
687fa000-68800000 ---p 00000000 00:00 0 
68800000-688fc000 rw-p 00000000 00:00 0 
688fc000-68900000 ---p 00000000 00:00 0 
68900000-68a00000 rw-p 00000000 00:00 0 
68a00000-68af5000 rw-p 00000000 00:00 0 
68af5000-68b00000 ---p 00000000 00:00 0 
68b00000-68bf3000 rw-p 00000000 00:00 0 
68bf3000-68c00000 ---p 00000000 00:00 0 
68c00000-68ced000 rw-p 00000000 00:00 0 
68ced000-68d00000 ---p 00000000 00:00 0 
68d00000-68df5000 rw-p 00000000 00:00 0 
68df5000-68e00000 ---p 00000000 00:00 0 
68e00000-68eec000 rw-p 00000000 00:00 0 
68eec000-68f00000 ---p 00000000 00:00 0 
68f00000-69000000 rw-p 00000000 00:00 0 
69000000-69100000 rw-p 00000000 00:00 0 
69100000-691fd000 rw-p 00000000 00:00 0 
691fd000-69200000 ---p 00000000 00:00 0 
69200000-69300000 rw-p 00000000 00:00 0 
69300000-693fe000 rw-p 00000000 00:00 0 
693fe000-69400000 ---p 00000000 00:00 0 
69400000-69500000 rw-p 00000000 00:00 0 
69500000-695fe000 rw-p 00000000 00:00 0 
695fe000-69600000 ---p 00000000 00:00 0 
69600000-69700000 rw-p 00000000 00:00 0 
69700000-697fa000 rw-p 00000000 00:00 0 
697fa000-69800000 ---p 00000000 00:00 0 
69800000-69a00000 rw-p 00000000 00:00 0 
69a00000-69b00000 rw-p 00000000 00:00 0 
69b00000-69bfb000 rw-p 00000000 00:00 0 
69bfb000-69c00000 ---p 00000000 00:00 0 
69c00000-69cfd000 rw-p 00000000 00:00 0 
69cfd000-69d00000 ---p 00000000 00:00 0 
69d00000-69dfa000 rw-p 00000000 00:00 0 
69dfa000-69e00000 ---p 00000000 00:00 0 
69e00000-69efd000 rw-p 00000000 00:00 0 
69efd000-69f00000 ---p 00000000 00:00 0 
69f00000-69ff9000 rw-p 00000000 00:00 0 
69ff9000-6a000000 ---p 00000000 00:00 0 
6a000000-6a1f8000 rw-p 00000000 00:00 0 
6a1f8000-6a200000 ---p 00000000 00:00 0 
6a200000-6a2df000 rw-p 00000000 00:00 0 
6a2df000-6a300000 ---p 00000000 00:00 0 
6a300000-6a3fe000 rw-p 00000000 00:00 0 
6a3fe000-6a400000 ---p 00000000 00:00 0 
6a400000-6a4fd000 rw-p 00000000 00:00 0 
6a4fd000-6a500000 ---p 00000000 00:00 0 
6a500000-6a5fb000 rw-p 00000000 00:00 0 
6a5fb000-6a600000 ---p 00000000 00:00 0 
6a600000-6a700000 rw-p 00000000 00:00 0 
6a700000-6a7fd000 rw-p 00000000 00:00 0 
6a7fd000-6a800000 ---p 00000000 00:00 0 
6a800000-6a900000 rw-p 00000000 00:00 0 
6a900000-6a9fb000 rw-p 00000000 00:00 0 
6a9fb000-6aa00000 ---p 00000000 00:00 0 
6aa00000-6aafe000 rw-p 00000000 00:00 0 
6aafe000-6ab00000 ---p 00000000 00:00 0 
6ac00000-6acfb000 rw-p 00000000 00:00 0 
6acfb000-6ad00000 ---p 00000000 00:00 0 
6ad00000-6adfd000 rw-p 00000000 00:00 0 
6adfd000-6ae00000 ---p 00000000 00:00 0 
6ae00000-6aefa000 rw-p 00000000 00:00 0 
6aefa000-6af00000 ---p 00000000 00:00 0 
6af00000-6affb000 rw-p 00000000 00:00 0 
6affb000-6b000000 ---p 00000000 00:00 0 
6b000000-6b0de000 rw-p 00000000 00:00 0 
6b0de000-6b100000 ---p 00000000 00:00 0 
6b1fe000-6b1ff000 ---p 00000000 00:00 0 
6b1ff000-6b27f000 rw-p 00000000 00:00 0 
6b27f000-6b282000 ---p 00000000 00:00 0 
6b282000-6b300000 rw-p 00000000 00:00 0 
6b300000-6b500000 r--p 00000000 fd:01 151052     /usr/lib/locale/locale-archive
6b500000-6b521000 rw-p 00000000 00:00 0 
6b521000-6b600000 ---p 00000000 00:00 0 
6b67f000-6b682000 ---p 00000000 00:00 0 
6b682000-6b700000 rw-p 00000000 00:00 0 
6b700000-6b7f2000 rw-p 00000000 00:00 0 
6b7f2000-6b800000 ---p 00000000 00:00 0 
6b819000-6b81c000 ---p 00000000 00:00 0 
6b81c000-6b86a000 rw-p 00000000 00:00 0 
6b86a000-6b86d000 ---p 00000000 00:00 0 
6b86d000-6b8bb000 rw-p 00000000 00:00 0 
6b8bb000-6b8bc000 ---p 00000000 00:00 0 
6b8bc000-6b96f000 rw-p 00000000 00:00 0 
6b96f000-6bb00000 r--s 037b1000 fd:01 931134     /usr/lib/jvm/java-1.6.0-openjdk-1.6.0.0/jre/lib/rt.jar
6bb00000-6bbfe000 rw-p 00000000 00:00 0 
6bbfe000-6bc00000 ---p 00000000 00:00 0 
6bc2e000-6bc31000 ---p 00000000 00:00 0 
6bc31000-6bc7f000 rw-p 00000000 00:00 0 
6bc7f000-6bc80000 ---p 00000000 00:00 0 
6bc80000-6bd00000 rw-p 00000000 00:00 0 
6bd00000-6bd22000 rw-p 00000000 00:00 0 
6bd22000-6be00000 ---p 00000000 00:00 0 
6be00000-6be21000 rw-p 00000000 00:00 0 
6be21000-6bf00000 ---p 00000000 00:00 0 
6bf2e000-6bf31000 ---p 00000000 00:00 0 
6bf31000-6bf7f000 rw-p 00000000 00:00 0 
6bf7f000-6bf80000 ---p 00000000 00:00 0 
6bf80000-6c000000 rw-p 00000000 00:00 0 
6c000000-6c021000 rw-p 00000000 00:00 0 
6c021000-6c100000 ---p 00000000 00:00 0 
6c127000-6c128000 ---p 00000000 00:00 0 
6c128000-6c1a8000 rw-p 00000000 00:00 0 
6c1a8000-6c1a9000 ---p 00000000 00:00 0 
6c1a9000-6c231000 rw-p 00000000 00:00 0 
6c231000-6c269000 rw-p 00000000 00:00 0 
6c269000-6c2e1000 rw-p 00000000 00:00 0 
6c2e1000-6c3bf000 rw-p 00000000 00:00 0 
6c3bf000-6c3c7000 rw-p 00000000 00:00 0 
6c3c7000-6c3ff000 rw-p 00000000 00:00 0 
6c3ff000-6c477000 rw-p 00000000 00:00 0 
6c477000-6c554000 rw-p 00000000 00:00 0 
6c554000-6c5ff000 rw-p 00000000 00:00 0 
6c5ff000-6d600000 rw-p 00000000 00:00 0 
6d600000-74600000 rw-p 00000000 00:00 0 
74600000-83470000 rw-p 00000000 00:00 0 
83470000-9f0b0000 rw-p 00000000 00:00 0 
9f0b0000-b4600000 rw-p 00000000 00:00 0 
b4600000-b4a08000 rwxp 00000000 00:00 0 
b4a08000-b7700000 rw-p 00000000 00:00 0 
b770d000-b7716000 r--s 00065000 fd:01 931057     /usr/lib/jvm/java-1.6.0-openjdk-1.6.0.0/jre/lib/ext/gnome-java-bridge.jar
b7716000-b7725000 r--s 000e3000 fd:02 1441925    /home/kaiquesilva/android-sdk-linux/platform-tools/lib/dx.jar
b7725000-b7736000 rw-p 00000000 00:00 0 
b7736000-b77e5000 rw-p 00000000 00:00 0 
b77e5000-b77e8000 ---p 00000000 00:00 0 
b77e8000-b7838000 rw-p 00000000 00:00 0 
b783e000-b7841000 r--s 0007d000 fd:01 931124     /usr/lib/jvm/java-1.6.0-openjdk-1.6.0.0/jre/lib/jsse.jar
b7841000-b7844000 r--s 0000f000 fd:01 931060     /usr/lib/jvm/java-1.6.0-openjdk-1.6.0.0/jre/lib/ext/pulse-java.jar
b7844000-b784c000 rw-s 00000000 fd:01 399015     /tmp/hsperfdata_kaiquesilva/757
b784c000-b784d000 rw-p 00000000 00:00 0 
b784d000-b784e000 r--p 00000000 00:00 0 
b784e000-b784f000 rw-p 00000000 00:00 0 
bfcf0000-bfd27000 rw-p 00000000 00:00 0          [stack]

VM Arguments:
jvm_args: -Xmx1024M -XX:-UseGCOverheadLimit 
java_command: /home/kaiquesilva/android-sdk-linux/platform-tools/lib/dx.jar --dex --output=/home/kaiquesilva/Documents/Projects/dataSync/build/android/bin/classes.dex /home/kaiquesilva/Documents/Projects/dataSync/build/android/bin/classes /home/kaiquesilva/.titanium/mobilesdk/linux/1.7.5/android/modules/titanium-filesystem.jar /home/kaiquesilva/.titanium/mobilesdk/linux/1.7.5/android/modules/titanium-app.jar /home/kaiquesilva/.titanium/mobilesdk/linux/1.7.5/android/modules/titanium-ui.jar /home/kaiquesilva/.titanium/mobilesdk/linux/1.7.5/android/modules/titanium-json.jar /home/kaiquesilva/.titanium/mobilesdk/linux/1.7.5/android/jaxen-1.1.1.jar /home/kaiquesilva/.titanium/mobilesdk/linux/1.7.5/android/titanium.jar /home/kaiquesilva/.titanium/mobilesdk/linux/1.7.5/android/modules/titanium-platform.jar /home/kaiquesilva/.titanium/mobilesdk/linux/1.7.5/android/modules/titanium-android.jar /home/kaiquesilva/.titanium/mobilesdk/linux/1.7.5/android/modules/titanium-media.jar /home/kaiquesilva/.titanium/mobilesdk/linux/1.7.5/android/modules/titanium-locale.jar /home/kaiquesilva/.titanium/mobilesdk/linux/1.7.5/android/ti-commons-codec-1.3.jar /home/kaiquesilva/.titanium/mobilesdk/linux/1.7.5/android/modules/titanium-api.jar /home/kaiquesilva/.titanium/mobilesdk/linux/1.7.5/android/modules/titanium-analytics.jar /home/kaiquesilva/.titanium/mobilesdk/linux/1.7.5/android/lib/titanium-verify.jar /home/kaiquesilva/.titanium/mobilesdk/linux/1.7.5/android/lib/titanium-debug.jar /home/kaiquesilva/.titanium/mobilesdk/linux/1.7.5/android/modules/titanium-network.jar /home/kaiquesilva/.titanium/mobilesdk/linux/1.7.5/android/js-debug.jar
Launcher Type: SUN_STANDARD

Environment Variables:
JAVA_HOME=/usr/lib/jvm/java-1.6.0-openjdk/bin/
PATH=/usr/lib/qt-3.3/bin:/usr/local/bin:/usr/bin:/bin:/usr/local/sbin:/usr/sbin:/sbin:/home/kaiquesilva/android-sdk-linux/tools:/home/kaiquesilva/android-sdk-linux/tools
USERNAME=kaiquesilva
LD_LIBRARY_PATH=/usr/lib/jvm/java-1.6.0-openjdk-1.6.0.0/jre/lib/i386/server:/usr/lib/jvm/java-1.6.0-openjdk-1.6.0.0/jre/lib/i386:/usr/lib/jvm/java-1.6.0-openjdk-1.6.0.0/jre/../lib/i386
SHELL=/bin/bash
DISPLAY=:0

Signal Handlers:
SIGSEGV: [libjvm.so+0x66b0c0], sa_mask[0]=0x7ffbfeff, sa_flags=0x10000004
SIGBUS: [libjvm.so+0x66b0c0], sa_mask[0]=0x7ffbfeff, sa_flags=0x10000004
SIGFPE: [libjvm.so+0x52f440], sa_mask[0]=0x7ffbfeff, sa_flags=0x10000004
SIGPIPE: [libjvm.so+0x52f440], sa_mask[0]=0x7ffbfeff, sa_flags=0x10000004
SIGXFSZ: [libjvm.so+0x52f440], sa_mask[0]=0x7ffbfeff, sa_flags=0x10000004
SIGILL: [libjvm.so+0x52f440], sa_mask[0]=0x7ffbfeff, sa_flags=0x10000004
SIGUSR1: SIG_DFL, sa_mask[0]=0x00000000, sa_flags=0x00000000
SIGUSR2: [libjvm.so+0x52f2d0], sa_mask[0]=0x00000000, sa_flags=0x10000004
SIGHUP: [libjvm.so+0x532140], sa_mask[0]=0x7ffbfeff, sa_flags=0x10000004
SIGINT: [libjvm.so+0x532140], sa_mask[0]=0x7ffbfeff, sa_flags=0x10000004
SIGTERM: [libjvm.so+0x532140], sa_mask[0]=0x7ffbfeff, sa_flags=0x10000004
SIGQUIT: [libjvm.so+0x532140], sa_mask[0]=0x7ffbfeff, sa_flags=0x10000004


---------------  S Y S T E M  ---------------

OS:Fedora release 15 (Lovelock)

uname:Linux 2.6.40.6-0.fc15.i686 #1 SMP Tue Oct 4 00:51:19 UTC 2011 i686
libc:glibc 2.14 NPTL 2.14 
rlimit: STACK 8192k, CORE 0k, NPROC 1024, NOFILE 4096, AS infinity
load average:1.35 0.74 0.49

/proc/meminfo:
MemTotal:        2831504 kB
MemFree:          313800 kB
Buffers:            8284 kB
Cached:           567896 kB
SwapCached:        20776 kB
Active:          1562068 kB
Inactive:         830524 kB
Active(anon):    1353860 kB
Inactive(anon):   641104 kB
Active(file):     208208 kB
Inactive(file):   189420 kB
Unevictable:          16 kB
Mlocked:              16 kB
HighTotal:       1973412 kB
HighFree:         145652 kB
LowTotal:         858092 kB
LowFree:          168148 kB
SwapTotal:       4915196 kB
SwapFree:        4785772 kB
Dirty:              1160 kB
Writeback:             0 kB
AnonPages:       1802380 kB
Mapped:           131204 kB
Shmem:            178552 kB
Slab:              75276 kB
SReclaimable:      39604 kB
SUnreclaim:        35672 kB
KernelStack:        3448 kB
PageTables:        15884 kB
NFS_Unstable:          0 kB
Bounce:                0 kB
WritebackTmp:          0 kB
CommitLimit:     6330948 kB
Committed_AS:    5188072 kB
VmallocTotal:     122880 kB
VmallocUsed:       36632 kB
VmallocChunk:      59004 kB
HardwareCorrupted:     0 kB
AnonHugePages:   1044480 kB
HugePages_Total:       0
HugePages_Free:        0
HugePages_Rsvd:        0
HugePages_Surp:        0
Hugepagesize:       4096 kB
DirectMap4k:       20472 kB
DirectMap4M:      880640 kB


CPU:total 4 (2 cores per cpu, 2 threads per core) family 6 model 37 stepping 5, cmov, cx8, fxsr, mmx, sse, sse2, sse3, ssse3, sse4.1, sse4.2, popcnt, ht

Memory: 4k page, physical 2831504k(313800k free), swap 4915196k(4785772k free)

vm_info: OpenJDK Server VM (20.0-b11) for linux-x86 JRE (1.6.0_22-b22), built on Oct 19 2011 06:35:36 by "mockbuild" with gcc 4.6.1 20110908 (Red Hat 4.6.1-9)

time: Tue Nov 22 16:35:46 2011
elapsed time: 19 seconds

