#
# A fatal error has been detected by the Java Runtime Environment:
#
#  SIGSEGV (0xb) at pc=0xb482fe30, pid=32576, tid=3077794672
#
# JRE version: 6.0_22-b22
# Java VM: OpenJDK Server VM (20.0-b11 mixed mode linux-x86 )
# Derivative: IcedTea6 1.10.4
# Distribution: Fedora release 15 (Lovelock), package fedora-60.1.10.4.fc15-i386
# Problematic frame:
# J  com.android.dx.dex.code.OutputFinisher.addConstants(Ljava/util/HashSet;Lcom/android/dx/dex/code/DalvInsn;)V
#
# If you would like to submit a bug report, please include
# instructions how to reproduce the bug and visit:
#   http://icedtea.classpath.org/bugzilla
#

---------------  T H R E A D  ---------------

Current thread (0xb7505800):  JavaThread "main" [_thread_in_Java, id=32589, stack(0xb76e6000,0xb7737000)]

siginfo:si_signo=SIGSEGV: si_errno=0, si_code=128 (), si_addr=0x00000000

Registers:
EAX=0x00000019, EBX=0x00000001, ECX=0x748f67f8, EDX=0x78d3b840
ESP=0xb7735de0, EBP=0x00000000, ESI=0xb7735e44, EDI=0x773f3e38
EIP=0xb482fe30, EFLAGS=0x00010297, CR2=0xb774e000

Top of Stack: (sp=0xb7735de0)
0xb7735de0:   1e78505e a511f6a0 a511f668 b7505800
0xb7735df0:   78d3b878 78d3b860 00000005 773f3e38
0xb7735e00:   00000000 773f3d40 748f67f8 b45096c7
0xb7735e10:   b7735e10 6c8b5b98 b7735e48 6c8b7d98
0xb7735e20:   00000000 00000007 00000000 b7735e44
0xb7735e30:   b7735e6c b4502ee1 b7735e6c b4502ee1
0xb7735e40:   b4502ee1 78d3b840 a511f668 b7735e4c
0xb7735e50:   6c8b5acf b7735e80 6c8b7d98 6cc44c18 

Instructions: (pc=0xb482fe30)
0xb482fe10:   c1 0f 84 fa fc ff ff bb a0 01 00 00 8b 8b c0 99
0xb482fe20:   75 6c 89 4c 24 28 8b 01 8b d8 83 e3 07 83 fb 05
0xb482fe30:   0f 85 23 18 00 00 bb 20 fe 58 6c 8b 4b 64 8b e9
0xb482fe40:   8b 5c 24 0c 0b eb 8b dd 33 d8 f7 c3 87 ff ff ff 

Register to memory mapping:

EAX=0x00000019 is an unknown value
EBX=0x00000001 is an unknown value
ECX=0x748f67f8 is an oop
java.util.HashMap 
 - klass: 'java/util/HashMap'
EDX=0x78d3b840 is an oop
com.android.dx.dex.code.LocalSnapshot 
 - klass: 'com/android/dx/dex/code/LocalSnapshot'
ESP=0xb7735de0 is pointing into the stack for thread: 0xb7505800
EBP=0x00000000 is an unknown value
ESI=0xb7735e44 is pointing into the stack for thread: 0xb7505800
EDI=0x773f3e38 is an oop
com.android.dx.rop.cst.CstString 
 - klass: 'com/android/dx/rop/cst/CstString'


Stack: [0xb76e6000,0xb7737000],  sp=0xb7735de0,  free space=319k
Native frames: (J=compiled Java code, j=interpreted, Vv=VM code, C=native code)
J  com.android.dx.dex.code.OutputFinisher.addConstants(Ljava/util/HashSet;Lcom/android/dx/dex/code/DalvInsn;)V

[error occurred during error reporting (printing native stack), id 0xb]


---------------  P R O C E S S  ---------------

Java Threads: ( => current thread )
  0xb75c7400 JavaThread "Low Memory Detector" daemon [_thread_blocked, id=32600, stack(0x6b719000,0x6b76a000)]
  0xb75c5800 JavaThread "C2 CompilerThread1" daemon [_thread_in_native, id=32599, stack(0x6b17f000,0x6b200000)]
  0xb75c3800 JavaThread "C2 CompilerThread0" daemon [_thread_blocked, id=32598, stack(0x6b57f000,0x6b600000)]
  0xb75c2400 JavaThread "Signal Dispatcher" daemon [_thread_blocked, id=32597, stack(0x6bb2e000,0x6bb7f000)]
  0xb75b2800 JavaThread "Finalizer" daemon [_thread_blocked, id=32596, stack(0x6be2e000,0x6be7f000)]
  0xb75b1000 JavaThread "Reference Handler" daemon [_thread_blocked, id=32595, stack(0x6b76a000,0x6b7bb000)]
=>0xb7505800 JavaThread "main" [_thread_in_Java, id=32589, stack(0xb76e6000,0xb7737000)]

Other Threads:
  0xb75ad400 VMThread [stack: 0x6b7bb000,0x6b83c000] [id=32594]
  0xb75c9400 WatcherThread [stack: 0x6b0fe000,0x6b17f000] [id=32601]

VM state:not at safepoint (normal execution)

VM Mutex/Monitor currently owned by a thread: None

Heap
 PSYoungGen      total 226048K, used 183841K [0x9efb0000, 0xb4500000, 0xb4500000)
  eden space 143552K, 70% used [0x9efb0000,0xa52ab918,0xa7be0000)
  from space 82496K, 99% used [0xaf470000,0xb44fce48,0xb4500000)
  to   space 102976K, 0% used [0xa7be0000,0xa7be0000,0xae070000)
 PSOldGen        total 222720K, used 160618K [0x74500000, 0x81e80000, 0x9efb0000)
  object space 222720K, 72% used [0x74500000,0x7e1da890,0x81e80000)
 PSPermGen       total 16384K, used 7447K [0x6c500000, 0x6d500000, 0x74500000)
  object space 16384K, 45% used [0x6c500000,0x6cc45c30,0x6d500000)

Code Cache  [0xb4500000, 0xb4838000, 0xb7500000)
 total_blobs=938 nmethods=833 adapters=59 free_code_cache=47014208 largest_free_block=18368

Dynamic libraries:
00110000-00136000 r-xp 00000000 fd:01 931100     /usr/lib/jvm/java-1.6.0-openjdk-1.6.0.0/jre/lib/i386/libjava.so
00136000-00138000 rw-p 00026000 fd:01 931100     /usr/lib/jvm/java-1.6.0-openjdk-1.6.0.0/jre/lib/i386/libjava.so
00138000-0013f000 r-xp 00000000 fd:01 931120     /usr/lib/jvm/java-1.6.0-openjdk-1.6.0.0/jre/lib/i386/libzip.so
0013f000-00140000 rw-p 00006000 fd:01 931120     /usr/lib/jvm/java-1.6.0-openjdk-1.6.0.0/jre/lib/i386/libzip.so
00380000-0038b000 r-xp 00000000 fd:01 931119     /usr/lib/jvm/java-1.6.0-openjdk-1.6.0.0/jre/lib/i386/libverify.so
0038b000-0038c000 rw-p 0000b000 fd:01 931119     /usr/lib/jvm/java-1.6.0-openjdk-1.6.0.0/jre/lib/i386/libverify.so
005e3000-005ee000 r-xp 00000000 fd:01 1353       /lib/libnss_files-2.14.so
005ee000-005ef000 r--p 0000a000 fd:01 1353       /lib/libnss_files-2.14.so
005ef000-005f0000 rw-p 0000b000 fd:01 1353       /lib/libnss_files-2.14.so
00a5c000-00a5d000 r-xp 00000000 00:00 0          [vdso]
00a5d000-0127c000 r-xp 00000000 fd:01 1048579    /usr/lib/jvm/java-1.6.0-openjdk-1.6.0.0/jre/lib/i386/server/libjvm.so
0127c000-012d0000 rw-p 0081e000 fd:01 1048579    /usr/lib/jvm/java-1.6.0-openjdk-1.6.0.0/jre/lib/i386/server/libjvm.so
012d0000-016ea000 rw-p 00000000 00:00 0 
08048000-08051000 r-xp 00000000 fd:01 666654     /usr/lib/jvm/java-1.6.0-openjdk-1.6.0.0/jre/bin/java
08051000-08052000 rw-p 00008000 fd:01 666654     /usr/lib/jvm/java-1.6.0-openjdk-1.6.0.0/jre/bin/java
08289000-08301000 rw-p 00000000 00:00 0          [heap]
43047000-4306f000 r-xp 00000000 fd:01 1453       /lib/libm-2.14.so
4306f000-43070000 r--p 00028000 fd:01 1453       /lib/libm-2.14.so
43070000-43071000 rw-p 00029000 fd:01 1453       /lib/libm-2.14.so
43241000-43323000 r-xp 00000000 fd:01 141890     /usr/lib/libstdc++.so.6.0.16
43323000-43327000 r--p 000e1000 fd:01 141890     /usr/lib/libstdc++.so.6.0.16
43327000-43329000 rw-p 000e5000 fd:01 141890     /usr/lib/libstdc++.so.6.0.16
43329000-4332f000 rw-p 00000000 00:00 0 
4ae5b000-4ae5f000 r-xp 00000000 fd:01 932017     /usr/lib/jvm/java-1.6.0-openjdk-1.6.0.0/jre/lib/i386/jli/libjli.so
4ae5f000-4ae60000 rw-p 00003000 fd:01 932017     /usr/lib/jvm/java-1.6.0-openjdk-1.6.0.0/jre/lib/i386/jli/libjli.so
4aeba000-4aed7000 r-xp 00000000 fd:01 1750       /lib/ld-2.14.so
4aed7000-4aed8000 r--p 0001d000 fd:01 1750       /lib/ld-2.14.so
4aed8000-4aed9000 rw-p 0001e000 fd:01 1750       /lib/ld-2.14.so
4aedb000-4b060000 r-xp 00000000 fd:01 1817       /lib/libc-2.14.so
4b060000-4b061000 ---p 00185000 fd:01 1817       /lib/libc-2.14.so
4b061000-4b063000 r--p 00185000 fd:01 1817       /lib/libc-2.14.so
4b063000-4b064000 rw-p 00187000 fd:01 1817       /lib/libc-2.14.so
4b064000-4b067000 rw-p 00000000 00:00 0 
4b069000-4b07f000 r-xp 00000000 fd:01 1877       /lib/libpthread-2.14.so
4b07f000-4b080000 r--p 00015000 fd:01 1877       /lib/libpthread-2.14.so
4b080000-4b081000 rw-p 00016000 fd:01 1877       /lib/libpthread-2.14.so
4b081000-4b083000 rw-p 00000000 00:00 0 
4b085000-4b088000 r-xp 00000000 fd:01 1818       /lib/libdl-2.14.so
4b088000-4b089000 r--p 00002000 fd:01 1818       /lib/libdl-2.14.so
4b089000-4b08a000 rw-p 00003000 fd:01 1818       /lib/libdl-2.14.so
4b08c000-4b093000 r-xp 00000000 fd:01 1878       /lib/librt-2.14.so
4b093000-4b094000 r--p 00006000 fd:01 1878       /lib/librt-2.14.so
4b094000-4b095000 rw-p 00007000 fd:01 1878       /lib/librt-2.14.so
4b0e4000-4b100000 r-xp 00000000 fd:01 1908       /lib/libgcc_s-4.6.1-20110908.so.1
4b100000-4b101000 rw-p 0001b000 fd:01 1908       /lib/libgcc_s-4.6.1-20110908.so.1
4b103000-4b118000 r-xp 00000000 fd:01 1906       /lib/libz.so.1.2.5
4b118000-4b119000 rw-p 00014000 fd:01 1906       /lib/libz.so.1.2.5
4da1a000-4da30000 r-xp 00000000 fd:01 1916       /lib/libnsl-2.14.so
4da30000-4da31000 r--p 00016000 fd:01 1916       /lib/libnsl-2.14.so
4da31000-4da32000 rw-p 00017000 fd:01 1916       /lib/libnsl-2.14.so
4da32000-4da34000 rw-p 00000000 00:00 0 
65700000-65743000 rw-p 00000000 00:00 0 
65743000-65800000 ---p 00000000 00:00 0 
65900000-65a00000 rw-p 00000000 00:00 0 
65b00000-65d00000 rw-p 00000000 00:00 0 
65d00000-65dfd000 rw-p 00000000 00:00 0 
65dfd000-65e00000 ---p 00000000 00:00 0 
65e00000-65ef6000 rw-p 00000000 00:00 0 
65ef6000-65f00000 ---p 00000000 00:00 0 
65f00000-66100000 rw-p 00000000 00:00 0 
66100000-66300000 rw-p 00000000 00:00 0 
66300000-66500000 rw-p 00000000 00:00 0 
66500000-66700000 rw-p 00000000 00:00 0 
66700000-66800000 rw-p 00000000 00:00 0 
66900000-66a00000 rw-p 00000000 00:00 0 
66b00000-66bfe000 rw-p 00000000 00:00 0 
66bfe000-66c00000 ---p 00000000 00:00 0 
66d00000-66e00000 rw-p 00000000 00:00 0 
66e00000-66f00000 rw-p 00000000 00:00 0 
66f00000-67100000 rw-p 00000000 00:00 0 
67100000-67200000 rw-p 00000000 00:00 0 
67200000-67300000 rw-p 00000000 00:00 0 
67300000-67400000 rw-p 00000000 00:00 0 
67400000-674fe000 rw-p 00000000 00:00 0 
674fe000-67500000 ---p 00000000 00:00 0 
67500000-675f8000 rw-p 00000000 00:00 0 
675f8000-67600000 ---p 00000000 00:00 0 
67600000-67700000 rw-p 00000000 00:00 0 
67700000-67900000 rw-p 00000000 00:00 0 
67900000-67a00000 rw-p 00000000 00:00 0 
67a00000-67afd000 rw-p 00000000 00:00 0 
67afd000-67b00000 ---p 00000000 00:00 0 
67b00000-67d00000 rw-p 00000000 00:00 0 
67d00000-67e00000 rw-p 00000000 00:00 0 
67e00000-67efd000 rw-p 00000000 00:00 0 
67efd000-67f00000 ---p 00000000 00:00 0 
67f00000-68000000 rw-p 00000000 00:00 0 
68000000-680fa000 rw-p 00000000 00:00 0 
680fa000-68100000 ---p 00000000 00:00 0 
68100000-68200000 rw-p 00000000 00:00 0 
68200000-682fc000 rw-p 00000000 00:00 0 
682fc000-68300000 ---p 00000000 00:00 0 
68300000-683fd000 rw-p 00000000 00:00 0 
683fd000-68400000 ---p 00000000 00:00 0 
68400000-68500000 rw-p 00000000 00:00 0 
68500000-68700000 rw-p 00000000 00:00 0 
68700000-687fc000 rw-p 00000000 00:00 0 
687fc000-68800000 ---p 00000000 00:00 0 
68800000-68900000 rw-p 00000000 00:00 0 
68900000-689fc000 rw-p 00000000 00:00 0 
689fc000-68a00000 ---p 00000000 00:00 0 
68a00000-68b00000 rw-p 00000000 00:00 0 
68b00000-68c00000 rw-p 00000000 00:00 0 
68c00000-68cf9000 rw-p 00000000 00:00 0 
68cf9000-68d00000 ---p 00000000 00:00 0 
68d00000-68e00000 rw-p 00000000 00:00 0 
68f00000-68ff8000 rw-p 00000000 00:00 0 
68ff8000-69000000 ---p 00000000 00:00 0 
69100000-691fa000 rw-p 00000000 00:00 0 
691fa000-69200000 ---p 00000000 00:00 0 
69200000-692fd000 rw-p 00000000 00:00 0 
692fd000-69300000 ---p 00000000 00:00 0 
69300000-693f7000 rw-p 00000000 00:00 0 
693f7000-69400000 ---p 00000000 00:00 0 
69400000-694fd000 rw-p 00000000 00:00 0 
694fd000-69500000 ---p 00000000 00:00 0 
69500000-695fc000 rw-p 00000000 00:00 0 
695fc000-69600000 ---p 00000000 00:00 0 
69700000-697fd000 rw-p 00000000 00:00 0 
697fd000-69800000 ---p 00000000 00:00 0 
69900000-69a00000 rw-p 00000000 00:00 0 
69a00000-69afb000 rw-p 00000000 00:00 0 
69afb000-69b00000 ---p 00000000 00:00 0 
69b00000-69bf4000 rw-p 00000000 00:00 0 
69bf4000-69c00000 ---p 00000000 00:00 0 
69c00000-69cef000 rw-p 00000000 00:00 0 
69cef000-69d00000 ---p 00000000 00:00 0 
69d00000-69dec000 rw-p 00000000 00:00 0 
69dec000-69e00000 ---p 00000000 00:00 0 
69e00000-69efd000 rw-p 00000000 00:00 0 
69efd000-69f00000 ---p 00000000 00:00 0 
69f00000-69fff000 rw-p 00000000 00:00 0 
69fff000-6a000000 ---p 00000000 00:00 0 
6a000000-6a0f9000 rw-p 00000000 00:00 0 
6a0f9000-6a100000 ---p 00000000 00:00 0 
6a100000-6a200000 rw-p 00000000 00:00 0 
6a200000-6a300000 rw-p 00000000 00:00 0 
6a300000-6a3f8000 rw-p 00000000 00:00 0 
6a3f8000-6a400000 ---p 00000000 00:00 0 
6a500000-6a5ff000 rw-p 00000000 00:00 0 
6a5ff000-6a600000 ---p 00000000 00:00 0 
6a700000-6a7fe000 rw-p 00000000 00:00 0 
6a7fe000-6a800000 ---p 00000000 00:00 0 
6a900000-6a9fa000 rw-p 00000000 00:00 0 
6a9fa000-6aa00000 ---p 00000000 00:00 0 
6aa00000-6aae7000 rw-p 00000000 00:00 0 
6aae7000-6ab00000 ---p 00000000 00:00 0 
6ab00000-6abfb000 rw-p 00000000 00:00 0 
6abfb000-6ac00000 ---p 00000000 00:00 0 
6ac00000-6acdb000 rw-p 00000000 00:00 0 
6acdb000-6ad00000 ---p 00000000 00:00 0 
6ad00000-6adfb000 rw-p 00000000 00:00 0 
6adfb000-6ae00000 ---p 00000000 00:00 0 
6ae00000-6aefa000 rw-p 00000000 00:00 0 
6aefa000-6af00000 ---p 00000000 00:00 0 
6af00000-6afc2000 rw-p 00000000 00:00 0 
6afc2000-6b000000 ---p 00000000 00:00 0 
6b0fe000-6b0ff000 ---p 00000000 00:00 0 
6b0ff000-6b17f000 rw-p 00000000 00:00 0 
6b17f000-6b182000 ---p 00000000 00:00 0 
6b182000-6b200000 rw-p 00000000 00:00 0 
6b200000-6b400000 r--p 00000000 fd:01 151052     /usr/lib/locale/locale-archive
6b400000-6b421000 rw-p 00000000 00:00 0 
6b421000-6b500000 ---p 00000000 00:00 0 
6b57f000-6b582000 ---p 00000000 00:00 0 
6b582000-6b600000 rw-p 00000000 00:00 0 
6b600000-6b6fb000 rw-p 00000000 00:00 0 
6b6fb000-6b700000 ---p 00000000 00:00 0 
6b719000-6b71c000 ---p 00000000 00:00 0 
6b71c000-6b76a000 rw-p 00000000 00:00 0 
6b76a000-6b76d000 ---p 00000000 00:00 0 
6b76d000-6b7bb000 rw-p 00000000 00:00 0 
6b7bb000-6b7bc000 ---p 00000000 00:00 0 
6b7bc000-6b86f000 rw-p 00000000 00:00 0 
6b86f000-6ba00000 r--s 037b1000 fd:01 931134     /usr/lib/jvm/java-1.6.0-openjdk-1.6.0.0/jre/lib/rt.jar
6ba00000-6baf8000 rw-p 00000000 00:00 0 
6baf8000-6bb00000 ---p 00000000 00:00 0 
6bb2e000-6bb31000 ---p 00000000 00:00 0 
6bb31000-6bb7f000 rw-p 00000000 00:00 0 
6bb7f000-6bb80000 ---p 00000000 00:00 0 
6bb80000-6bc00000 rw-p 00000000 00:00 0 
6bc00000-6bc21000 rw-p 00000000 00:00 0 
6bc21000-6bd00000 ---p 00000000 00:00 0 
6bd00000-6bd21000 rw-p 00000000 00:00 0 
6bd21000-6be00000 ---p 00000000 00:00 0 
6be2e000-6be31000 ---p 00000000 00:00 0 
6be31000-6be7f000 rw-p 00000000 00:00 0 
6be7f000-6be80000 ---p 00000000 00:00 0 
6be80000-6bf00000 rw-p 00000000 00:00 0 
6bf00000-6bf21000 rw-p 00000000 00:00 0 
6bf21000-6c000000 ---p 00000000 00:00 0 
6c027000-6c028000 ---p 00000000 00:00 0 
6c028000-6c0a8000 rw-p 00000000 00:00 0 
6c0a8000-6c0a9000 ---p 00000000 00:00 0 
6c0a9000-6c131000 rw-p 00000000 00:00 0 
6c131000-6c169000 rw-p 00000000 00:00 0 
6c169000-6c1d6000 rw-p 00000000 00:00 0 
6c1d6000-6c2bf000 rw-p 00000000 00:00 0 
6c2bf000-6c2c7000 rw-p 00000000 00:00 0 
6c2c7000-6c2ff000 rw-p 00000000 00:00 0 
6c2ff000-6c36c000 rw-p 00000000 00:00 0 
6c36c000-6c454000 rw-p 00000000 00:00 0 
6c454000-6c4ff000 rw-p 00000000 00:00 0 
6c4ff000-6d500000 rw-p 00000000 00:00 0 
6d500000-74500000 rw-p 00000000 00:00 0 
74500000-81e80000 rw-p 00000000 00:00 0 
81e80000-9efb0000 rw-p 00000000 00:00 0 
9efb0000-b4500000 rw-p 00000000 00:00 0 
b4500000-b4838000 rwxp 00000000 00:00 0 
b4838000-b7600000 rw-p 00000000 00:00 0 
b760e000-b7617000 r--s 00065000 fd:01 931057     /usr/lib/jvm/java-1.6.0-openjdk-1.6.0.0/jre/lib/ext/gnome-java-bridge.jar
b7617000-b7626000 r--s 000e3000 fd:02 1441925    /home/kaiquesilva/android-sdk-linux/platform-tools/lib/dx.jar
b7626000-b7633000 rw-p 00000000 00:00 0 
b7633000-b76e6000 rw-p 00000000 00:00 0 
b76e6000-b76e9000 ---p 00000000 00:00 0 
b76e9000-b7739000 rw-p 00000000 00:00 0 
b773f000-b7742000 r--s 0007d000 fd:01 931124     /usr/lib/jvm/java-1.6.0-openjdk-1.6.0.0/jre/lib/jsse.jar
b7742000-b7745000 r--s 0000f000 fd:01 931060     /usr/lib/jvm/java-1.6.0-openjdk-1.6.0.0/jre/lib/ext/pulse-java.jar
b7745000-b774d000 rw-s 00000000 fd:01 399015     /tmp/hsperfdata_kaiquesilva/32576
b774d000-b774e000 rw-p 00000000 00:00 0 
b774e000-b774f000 r--p 00000000 00:00 0 
b774f000-b7750000 rw-p 00000000 00:00 0 
bfaa5000-bfadc000 rw-p 00000000 00:00 0          [stack]

VM Arguments:
jvm_args: -Xmx1024M -XX:-UseGCOverheadLimit 
java_command: /home/kaiquesilva/android-sdk-linux/platform-tools/lib/dx.jar --dex --output=/home/kaiquesilva/Documents/Projects/dataSync/build/android/bin/classes.dex /home/kaiquesilva/Documents/Projects/dataSync/build/android/bin/classes /home/kaiquesilva/.titanium/mobilesdk/linux/1.7.5/android/modules/titanium-filesystem.jar /home/kaiquesilva/.titanium/mobilesdk/linux/1.7.5/android/modules/titanium-app.jar /home/kaiquesilva/.titanium/mobilesdk/linux/1.7.5/android/modules/titanium-ui.jar /home/kaiquesilva/.titanium/mobilesdk/linux/1.7.5/android/modules/titanium-json.jar /home/kaiquesilva/.titanium/mobilesdk/linux/1.7.5/android/jaxen-1.1.1.jar /home/kaiquesilva/.titanium/mobilesdk/linux/1.7.5/android/titanium.jar /home/kaiquesilva/.titanium/mobilesdk/linux/1.7.5/android/modules/titanium-platform.jar /home/kaiquesilva/.titanium/mobilesdk/linux/1.7.5/android/modules/titanium-android.jar /home/kaiquesilva/.titanium/mobilesdk/linux/1.7.5/android/modules/titanium-media.jar /home/kaiquesilva/.titanium/mobilesdk/linux/1.7.5/android/modules/titanium-locale.jar /home/kaiquesilva/.titanium/mobilesdk/linux/1.7.5/android/ti-commons-codec-1.3.jar /home/kaiquesilva/.titanium/mobilesdk/linux/1.7.5/android/modules/titanium-api.jar /home/kaiquesilva/.titanium/mobilesdk/linux/1.7.5/android/modules/titanium-analytics.jar /home/kaiquesilva/.titanium/mobilesdk/linux/1.7.5/android/lib/titanium-verify.jar /home/kaiquesilva/.titanium/mobilesdk/linux/1.7.5/android/lib/titanium-debug.jar /home/kaiquesilva/.titanium/mobilesdk/linux/1.7.5/android/modules/titanium-network.jar /home/kaiquesilva/.titanium/mobilesdk/linux/1.7.5/android/js-debug.jar
Launcher Type: SUN_STANDARD

Environment Variables:
JAVA_HOME=/usr/lib/jvm/java-1.6.0-openjdk/bin/
PATH=/usr/lib/qt-3.3/bin:/usr/local/bin:/usr/bin:/bin:/usr/local/sbin:/usr/sbin:/sbin:/home/kaiquesilva/android-sdk-linux/tools:/home/kaiquesilva/android-sdk-linux/tools
USERNAME=kaiquesilva
LD_LIBRARY_PATH=/usr/lib/jvm/java-1.6.0-openjdk-1.6.0.0/jre/lib/i386/server:/usr/lib/jvm/java-1.6.0-openjdk-1.6.0.0/jre/lib/i386:/usr/lib/jvm/java-1.6.0-openjdk-1.6.0.0/jre/../lib/i386
SHELL=/bin/bash
DISPLAY=:0

Signal Handlers:
SIGSEGV: [libjvm.so+0x66b0c0], sa_mask[0]=0x7ffbfeff, sa_flags=0x10000004
SIGBUS: [libjvm.so+0x66b0c0], sa_mask[0]=0x7ffbfeff, sa_flags=0x10000004
SIGFPE: [libjvm.so+0x52f440], sa_mask[0]=0x7ffbfeff, sa_flags=0x10000004
SIGPIPE: [libjvm.so+0x52f440], sa_mask[0]=0x7ffbfeff, sa_flags=0x10000004
SIGXFSZ: [libjvm.so+0x52f440], sa_mask[0]=0x7ffbfeff, sa_flags=0x10000004
SIGILL: [libjvm.so+0x52f440], sa_mask[0]=0x7ffbfeff, sa_flags=0x10000004
SIGUSR1: SIG_DFL, sa_mask[0]=0x00000000, sa_flags=0x00000000
SIGUSR2: [libjvm.so+0x52f2d0], sa_mask[0]=0x00000000, sa_flags=0x10000004
SIGHUP: [libjvm.so+0x532140], sa_mask[0]=0x7ffbfeff, sa_flags=0x10000004
SIGINT: [libjvm.so+0x532140], sa_mask[0]=0x7ffbfeff, sa_flags=0x10000004
SIGTERM: [libjvm.so+0x532140], sa_mask[0]=0x7ffbfeff, sa_flags=0x10000004
SIGQUIT: [libjvm.so+0x532140], sa_mask[0]=0x7ffbfeff, sa_flags=0x10000004


---------------  S Y S T E M  ---------------

OS:Fedora release 15 (Lovelock)

uname:Linux 2.6.40.6-0.fc15.i686 #1 SMP Tue Oct 4 00:51:19 UTC 2011 i686
libc:glibc 2.14 NPTL 2.14 
rlimit: STACK 8192k, CORE 0k, NPROC 1024, NOFILE 4096, AS infinity
load average:0.98 0.41 0.32

/proc/meminfo:
MemTotal:        2831504 kB
MemFree:          299844 kB
Buffers:            7940 kB
Cached:           586384 kB
SwapCached:        19872 kB
Active:          1536712 kB
Inactive:         865576 kB
Active(anon):    1329156 kB
Inactive(anon):   659660 kB
Active(file):     207556 kB
Inactive(file):   205916 kB
Unevictable:          16 kB
Mlocked:              16 kB
HighTotal:       1973412 kB
HighFree:         153272 kB
LowTotal:         858092 kB
LowFree:          146572 kB
SwapTotal:       4915196 kB
SwapFree:        4794412 kB
Dirty:                28 kB
Writeback:             0 kB
AnonPages:       1795216 kB
Mapped:           132204 kB
Shmem:            180740 kB
Slab:              80820 kB
SReclaimable:      44680 kB
SUnreclaim:        36140 kB
KernelStack:        3464 kB
PageTables:        15820 kB
NFS_Unstable:          0 kB
Bounce:                0 kB
WritebackTmp:          0 kB
CommitLimit:     6330948 kB
Committed_AS:    5172880 kB
VmallocTotal:     122880 kB
VmallocUsed:       36632 kB
VmallocChunk:      59004 kB
HardwareCorrupted:     0 kB
AnonHugePages:   1028096 kB
HugePages_Total:       0
HugePages_Free:        0
HugePages_Rsvd:        0
HugePages_Surp:        0
Hugepagesize:       4096 kB
DirectMap4k:       20472 kB
DirectMap4M:      880640 kB


CPU:total 4 (2 cores per cpu, 2 threads per core) family 6 model 37 stepping 5, cmov, cx8, fxsr, mmx, sse, sse2, sse3, ssse3, sse4.1, sse4.2, popcnt, ht

Memory: 4k page, physical 2831504k(299844k free), swap 4915196k(4794412k free)

vm_info: OpenJDK Server VM (20.0-b11) for linux-x86 JRE (1.6.0_22-b22), built on Oct 19 2011 06:35:36 by "mockbuild" with gcc 4.6.1 20110908 (Red Hat 4.6.1-9)

time: Tue Nov 22 16:26:01 2011
elapsed time: 17 seconds

