#
# A fatal error has been detected by the Java Runtime Environment:
#
#  SIGSEGV (0xb) at pc=0xb49b7e82, pid=11706, tid=3079248752
#
# JRE version: 6.0_22-b22
# Java VM: OpenJDK Server VM (20.0-b11 mixed mode linux-x86 )
# Derivative: IcedTea6 1.10.4
# Distribution: Fedora release 15 (Lovelock), package fedora-60.1.10.4.fc15-i386
# Problematic frame:
# J  com.android.dx.cf.code.BytecodeArray.parseInstruction(ILcom/android/dx/cf/code/BytecodeArray$Visitor;)I
#
# If you would like to submit a bug report, please include
# instructions how to reproduce the bug and visit:
#   http://icedtea.classpath.org/bugzilla
#

---------------  T H R E A D  ---------------

Current thread (0xb7705800):  JavaThread "main" [_thread_in_Java, id=11719, stack(0xb7849000,0xb789a000)]

siginfo:si_signo=SIGSEGV: si_errno=0, si_code=128 (), si_addr=0x00000000

Registers:
EAX=0x000001c4, EBX=0x00000003, ECX=0x000000d8, EDX=0x000000ac
ESP=0xb7898b00, EBP=0x000001a0, ESI=0x00000003, EDI=0x00000000
EIP=0xb49b7e82, EFLAGS=0x00010206, CR2=0x00000014

Top of Stack: (sp=0xb7898b00)
0xb7898b00:   b7703518 b49b7c2c b493abab b493abb0
0xb7898b10:   0047eecb 00000008 a88a9f98 00000036
0xb7898b20:   a898e0b8 00000001 a88a9fa8 00000002
0xb7898b30:   00000002 00000004 00000000 00000000
0xb7898b40:   00000004 00000010 0000000c 00000004
0xb7898b50:   748e4fe8 b7705800 755979a8 75598058
0xb7898b60:   748e5038 75597cf0 755a8018 755a1220
0xb7898b70:   748e4fc0 748e5010 00000005 00000035 

Instructions: (pc=0xb49b7e82)
0xb49b7e62:   8b 89 80 85 8e 6c 89 4c 24 70 b9 94 01 00 00 8b
0xb49b7e72:   89 80 85 8e 6c 89 4c 24 74 8b 8c 24 94 00 00 00
0xb49b7e82:   ff 24 0d e0 78 9b b4 8b 4c 24 20 8b 54 24 1c 8b
0xb49b7e92:   6c 24 24 89 2c 24 bd 01 00 00 00 89 6c 24 04 90 

Register to memory mapping:

EAX=0x000001c4 is an unknown value
EBX=0x00000003 is an unknown value
ECX=0x000000d8 is an unknown value
EDX=0x000000ac is an unknown value
ESP=0xb7898b00 is pointing into the stack for thread: 0xb7705800
EBP=0x000001a0 is an unknown value
ESI=0x00000003 is an unknown value
EDI=0x00000000 is an unknown value


Stack: [0xb7849000,0xb789a000],  sp=0xb7898b00,  free space=318k
Native frames: (J=compiled Java code, j=interpreted, Vv=VM code, C=native code)
J  com.android.dx.cf.code.BytecodeArray.parseInstruction(ILcom/android/dx/cf/code/BytecodeArray$Visitor;)I

[error occurred during error reporting (printing native stack), id 0xb]


---------------  P R O C E S S  ---------------

Java Threads: ( => current thread )
  0xb77c7400 JavaThread "Low Memory Detector" daemon [_thread_blocked, id=11730, stack(0x6b62e000,0x6b67f000)]
  0xb77c5800 JavaThread "C2 CompilerThread1" daemon [_thread_in_native, id=11729, stack(0x6b67f000,0x6b700000)]
  0xb77c3800 JavaThread "C2 CompilerThread0" daemon [_thread_in_native, id=11728, stack(0x6b81c000,0x6b89d000)]
  0xb77c2000 JavaThread "Signal Dispatcher" daemon [_thread_blocked, id=11727, stack(0x6bc2e000,0x6bc7f000)]
  0xb77b2800 JavaThread "Finalizer" daemon [_thread_blocked, id=11726, stack(0x6be2e000,0x6be7f000)]
  0xb77b1000 JavaThread "Reference Handler" daemon [_thread_blocked, id=11725, stack(0x6b89d000,0x6b8ee000)]
=>0xb7705800 JavaThread "main" [_thread_in_Java, id=11719, stack(0xb7849000,0xb789a000)]

Other Threads:
  0xb77ad400 VMThread [stack: 0x6b8ee000,0x6b96f000] [id=11724]
  0xb77c9400 WatcherThread [stack: 0x6b27f000,0x6b300000] [id=11731]

VM state:not at safepoint (normal execution)

VM Mutex/Monitor currently owned by a thread: None

Heap
 PSYoungGen      total 269184K, used 159314K [0x9f0f0000, 0xb3b50000, 0xb4640000)
  eden space 220352K, 72% used [0x9f0f0000,0xa8c84bd8,0xac820000)
  from space 48832K, 0% used [0xafc90000,0xafc90000,0xb2c40000)
  to   space 53696K, 0% used [0xac820000,0xac820000,0xafc90000)
 PSOldGen        total 156288K, used 98111K [0x74640000, 0x7dee0000, 0x9f0f0000)
  object space 156288K, 62% used [0x74640000,0x7a60ff60,0x7dee0000)
 PSPermGen       total 16384K, used 6378K [0x6c640000, 0x6d640000, 0x74640000)
  object space 16384K, 38% used [0x6c640000,0x6cc7aa00,0x6d640000)

Code Cache  [0xb4700000, 0xb49c8000, 0xb7700000)
 total_blobs=799 nmethods=694 adapters=59 free_code_cache=47696384 largest_free_block=70400

Dynamic libraries:
00110000-0092f000 r-xp 00000000 fd:01 1048579    /usr/lib/jvm/java-1.6.0-openjdk-1.6.0.0/jre/lib/i386/server/libjvm.so
0092f000-00983000 rw-p 0081e000 fd:01 1048579    /usr/lib/jvm/java-1.6.0-openjdk-1.6.0.0/jre/lib/i386/server/libjvm.so
00983000-00d9d000 rw-p 00000000 00:00 0 
00d9d000-00da8000 r-xp 00000000 fd:01 931119     /usr/lib/jvm/java-1.6.0-openjdk-1.6.0.0/jre/lib/i386/libverify.so
00da8000-00da9000 rw-p 0000b000 fd:01 931119     /usr/lib/jvm/java-1.6.0-openjdk-1.6.0.0/jre/lib/i386/libverify.so
00da9000-00db4000 r-xp 00000000 fd:01 1353       /lib/libnss_files-2.14.so
00db4000-00db5000 r--p 0000a000 fd:01 1353       /lib/libnss_files-2.14.so
00db5000-00db6000 rw-p 0000b000 fd:01 1353       /lib/libnss_files-2.14.so
00db6000-00dbd000 r-xp 00000000 fd:01 931120     /usr/lib/jvm/java-1.6.0-openjdk-1.6.0.0/jre/lib/i386/libzip.so
00dbd000-00dbe000 rw-p 00006000 fd:01 931120     /usr/lib/jvm/java-1.6.0-openjdk-1.6.0.0/jre/lib/i386/libzip.so
00f4a000-00f4b000 r-xp 00000000 00:00 0          [vdso]
00f71000-00f97000 r-xp 00000000 fd:01 931100     /usr/lib/jvm/java-1.6.0-openjdk-1.6.0.0/jre/lib/i386/libjava.so
00f97000-00f99000 rw-p 00026000 fd:01 931100     /usr/lib/jvm/java-1.6.0-openjdk-1.6.0.0/jre/lib/i386/libjava.so
08048000-08051000 r-xp 00000000 fd:01 666654     /usr/lib/jvm/java-1.6.0-openjdk-1.6.0.0/jre/bin/java
08051000-08052000 rw-p 00008000 fd:01 666654     /usr/lib/jvm/java-1.6.0-openjdk-1.6.0.0/jre/bin/java
09832000-09911000 rw-p 00000000 00:00 0          [heap]
43047000-4306f000 r-xp 00000000 fd:01 1453       /lib/libm-2.14.so
4306f000-43070000 r--p 00028000 fd:01 1453       /lib/libm-2.14.so
43070000-43071000 rw-p 00029000 fd:01 1453       /lib/libm-2.14.so
43241000-43323000 r-xp 00000000 fd:01 141890     /usr/lib/libstdc++.so.6.0.16
43323000-43327000 r--p 000e1000 fd:01 141890     /usr/lib/libstdc++.so.6.0.16
43327000-43329000 rw-p 000e5000 fd:01 141890     /usr/lib/libstdc++.so.6.0.16
43329000-4332f000 rw-p 00000000 00:00 0 
4ae5b000-4ae5f000 r-xp 00000000 fd:01 932017     /usr/lib/jvm/java-1.6.0-openjdk-1.6.0.0/jre/lib/i386/jli/libjli.so
4ae5f000-4ae60000 rw-p 00003000 fd:01 932017     /usr/lib/jvm/java-1.6.0-openjdk-1.6.0.0/jre/lib/i386/jli/libjli.so
4aeba000-4aed7000 r-xp 00000000 fd:01 1750       /lib/ld-2.14.so
4aed7000-4aed8000 r--p 0001d000 fd:01 1750       /lib/ld-2.14.so
4aed8000-4aed9000 rw-p 0001e000 fd:01 1750       /lib/ld-2.14.so
4aedb000-4b060000 r-xp 00000000 fd:01 1817       /lib/libc-2.14.so
4b060000-4b061000 ---p 00185000 fd:01 1817       /lib/libc-2.14.so
4b061000-4b063000 r--p 00185000 fd:01 1817       /lib/libc-2.14.so
4b063000-4b064000 rw-p 00187000 fd:01 1817       /lib/libc-2.14.so
4b064000-4b067000 rw-p 00000000 00:00 0 
4b069000-4b07f000 r-xp 00000000 fd:01 1877       /lib/libpthread-2.14.so
4b07f000-4b080000 r--p 00015000 fd:01 1877       /lib/libpthread-2.14.so
4b080000-4b081000 rw-p 00016000 fd:01 1877       /lib/libpthread-2.14.so
4b081000-4b083000 rw-p 00000000 00:00 0 
4b085000-4b088000 r-xp 00000000 fd:01 1818       /lib/libdl-2.14.so
4b088000-4b089000 r--p 00002000 fd:01 1818       /lib/libdl-2.14.so
4b089000-4b08a000 rw-p 00003000 fd:01 1818       /lib/libdl-2.14.so
4b08c000-4b093000 r-xp 00000000 fd:01 1878       /lib/librt-2.14.so
4b093000-4b094000 r--p 00006000 fd:01 1878       /lib/librt-2.14.so
4b094000-4b095000 rw-p 00007000 fd:01 1878       /lib/librt-2.14.so
4b0e4000-4b100000 r-xp 00000000 fd:01 1908       /lib/libgcc_s-4.6.1-20110908.so.1
4b100000-4b101000 rw-p 0001b000 fd:01 1908       /lib/libgcc_s-4.6.1-20110908.so.1
4b103000-4b118000 r-xp 00000000 fd:01 1906       /lib/libz.so.1.2.5
4b118000-4b119000 rw-p 00014000 fd:01 1906       /lib/libz.so.1.2.5
4da1a000-4da30000 r-xp 00000000 fd:01 1916       /lib/libnsl-2.14.so
4da30000-4da31000 r--p 00016000 fd:01 1916       /lib/libnsl-2.14.so
4da31000-4da32000 rw-p 00017000 fd:01 1916       /lib/libnsl-2.14.so
4da32000-4da34000 rw-p 00000000 00:00 0 
65da6000-65f00000 rw-p 00000000 00:00 0 
65f00000-65ffc000 rw-p 00000000 00:00 0 
65ffc000-66000000 ---p 00000000 00:00 0 
66000000-660cf000 rw-p 00000000 00:00 0 
660cf000-66100000 ---p 00000000 00:00 0 
66100000-66195000 rw-p 00000000 00:00 0 
66195000-66200000 ---p 00000000 00:00 0 
66300000-663fc000 rw-p 00000000 00:00 0 
663fc000-66400000 ---p 00000000 00:00 0 
66400000-664f6000 rw-p 00000000 00:00 0 
664f6000-66500000 ---p 00000000 00:00 0 
66500000-665fa000 rw-p 00000000 00:00 0 
665fa000-66600000 ---p 00000000 00:00 0 
66600000-666fd000 rw-p 00000000 00:00 0 
666fd000-66700000 ---p 00000000 00:00 0 
66700000-668fc000 rw-p 00000000 00:00 0 
668fc000-66900000 ---p 00000000 00:00 0 
66900000-669fa000 rw-p 00000000 00:00 0 
669fa000-66a00000 ---p 00000000 00:00 0 
66a00000-66afe000 rw-p 00000000 00:00 0 
66afe000-66b00000 ---p 00000000 00:00 0 
66b00000-66bfe000 rw-p 00000000 00:00 0 
66bfe000-66c00000 ---p 00000000 00:00 0 
66d00000-66df5000 rw-p 00000000 00:00 0 
66df5000-66e00000 ---p 00000000 00:00 0 
66e00000-66efe000 rw-p 00000000 00:00 0 
66efe000-66f00000 ---p 00000000 00:00 0 
66f00000-66ff3000 rw-p 00000000 00:00 0 
66ff3000-67000000 ---p 00000000 00:00 0 
67000000-670e8000 rw-p 00000000 00:00 0 
670e8000-67100000 ---p 00000000 00:00 0 
67100000-671f6000 rw-p 00000000 00:00 0 
671f6000-67200000 ---p 00000000 00:00 0 
67300000-673fa000 rw-p 00000000 00:00 0 
673fa000-67400000 ---p 00000000 00:00 0 
67400000-674f0000 rw-p 00000000 00:00 0 
674f0000-67500000 ---p 00000000 00:00 0 
67500000-675e6000 rw-p 00000000 00:00 0 
675e6000-67600000 ---p 00000000 00:00 0 
67600000-676f4000 rw-p 00000000 00:00 0 
676f4000-67700000 ---p 00000000 00:00 0 
67700000-677f6000 rw-p 00000000 00:00 0 
677f6000-67800000 ---p 00000000 00:00 0 
67800000-678f9000 rw-p 00000000 00:00 0 
678f9000-67900000 ---p 00000000 00:00 0 
67900000-67afb000 rw-p 00000000 00:00 0 
67afb000-67b00000 ---p 00000000 00:00 0 
67b00000-67d00000 rw-p 00000000 00:00 0 
67d00000-67f00000 rw-p 00000000 00:00 0 
67f00000-68100000 rw-p 00000000 00:00 0 
68100000-681ff000 rw-p 00000000 00:00 0 
681ff000-68200000 ---p 00000000 00:00 0 
68300000-68400000 rw-p 00000000 00:00 0 
68400000-684f2000 rw-p 00000000 00:00 0 
684f2000-68500000 ---p 00000000 00:00 0 
68500000-685f8000 rw-p 00000000 00:00 0 
685f8000-68600000 ---p 00000000 00:00 0 
68700000-687fd000 rw-p 00000000 00:00 0 
687fd000-68800000 ---p 00000000 00:00 0 
68800000-688fe000 rw-p 00000000 00:00 0 
688fe000-68900000 ---p 00000000 00:00 0 
68900000-689ff000 rw-p 00000000 00:00 0 
689ff000-68a00000 ---p 00000000 00:00 0 
68a00000-68af9000 rw-p 00000000 00:00 0 
68af9000-68b00000 ---p 00000000 00:00 0 
68b00000-68d00000 rw-p 00000000 00:00 0 
68d00000-68f00000 rw-p 00000000 00:00 0 
68f00000-68ffc000 rw-p 00000000 00:00 0 
68ffc000-69000000 ---p 00000000 00:00 0 
69100000-691fe000 rw-p 00000000 00:00 0 
691fe000-69200000 ---p 00000000 00:00 0 
69200000-692f7000 rw-p 00000000 00:00 0 
692f7000-69300000 ---p 00000000 00:00 0 
69300000-693f9000 rw-p 00000000 00:00 0 
693f9000-69400000 ---p 00000000 00:00 0 
69468000-69500000 rw-p 00000000 00:00 0 
69500000-695f8000 rw-p 00000000 00:00 0 
695f8000-69600000 ---p 00000000 00:00 0 
69660000-69700000 rw-p 00000000 00:00 0 
69700000-697fc000 rw-p 00000000 00:00 0 
697fc000-69800000 ---p 00000000 00:00 0 
69800000-698f9000 rw-p 00000000 00:00 0 
698f9000-69900000 ---p 00000000 00:00 0 
69900000-699f9000 rw-p 00000000 00:00 0 
699f9000-69a00000 ---p 00000000 00:00 0 
69a00000-69b00000 rw-p 00000000 00:00 0 
69b00000-69bef000 rw-p 00000000 00:00 0 
69bef000-69c00000 ---p 00000000 00:00 0 
69c00000-69d00000 rw-p 00000000 00:00 0 
69d00000-69dfd000 rw-p 00000000 00:00 0 
69dfd000-69e00000 ---p 00000000 00:00 0 
69e00000-69efc000 rw-p 00000000 00:00 0 
69efc000-69f00000 ---p 00000000 00:00 0 
69f00000-6a000000 rw-p 00000000 00:00 0 
6a000000-6a0f9000 rw-p 00000000 00:00 0 
6a0f9000-6a100000 ---p 00000000 00:00 0 
6a100000-6a1fc000 rw-p 00000000 00:00 0 
6a1fc000-6a200000 ---p 00000000 00:00 0 
6a200000-6a2fb000 rw-p 00000000 00:00 0 
6a2fb000-6a300000 ---p 00000000 00:00 0 
6a300000-6a3f9000 rw-p 00000000 00:00 0 
6a3f9000-6a400000 ---p 00000000 00:00 0 
6a400000-6a4fe000 rw-p 00000000 00:00 0 
6a4fe000-6a500000 ---p 00000000 00:00 0 
6a500000-6a5ea000 rw-p 00000000 00:00 0 
6a5ea000-6a600000 ---p 00000000 00:00 0 
6a600000-6a6fe000 rw-p 00000000 00:00 0 
6a6fe000-6a700000 ---p 00000000 00:00 0 
6a700000-6a8f1000 rw-p 00000000 00:00 0 
6a8f1000-6a900000 ---p 00000000 00:00 0 
6a900000-6a9fb000 rw-p 00000000 00:00 0 
6a9fb000-6aa00000 ---p 00000000 00:00 0 
6aa00000-6ab00000 rw-p 00000000 00:00 0 
6ab00000-6abfb000 rw-p 00000000 00:00 0 
6abfb000-6ac00000 ---p 00000000 00:00 0 
6ac00000-6acef000 rw-p 00000000 00:00 0 
6acef000-6ad00000 ---p 00000000 00:00 0 
6ad00000-6adf9000 rw-p 00000000 00:00 0 
6adf9000-6ae00000 ---p 00000000 00:00 0 
6ae00000-6aef9000 rw-p 00000000 00:00 0 
6aef9000-6af00000 ---p 00000000 00:00 0 
6af00000-6afff000 rw-p 00000000 00:00 0 
6afff000-6b000000 ---p 00000000 00:00 0 
6b000000-6b0f9000 rw-p 00000000 00:00 0 
6b0f9000-6b100000 ---p 00000000 00:00 0 
6b100000-6b1eb000 rw-p 00000000 00:00 0 
6b1eb000-6b200000 ---p 00000000 00:00 0 
6b27f000-6b280000 ---p 00000000 00:00 0 
6b280000-6b300000 rw-p 00000000 00:00 0 
6b300000-6b500000 r--p 00000000 fd:01 151052     /usr/lib/locale/locale-archive
6b500000-6b521000 rw-p 00000000 00:00 0 
6b521000-6b600000 ---p 00000000 00:00 0 
6b62e000-6b631000 ---p 00000000 00:00 0 
6b631000-6b67f000 rw-p 00000000 00:00 0 
6b67f000-6b682000 ---p 00000000 00:00 0 
6b682000-6b700000 rw-p 00000000 00:00 0 
6b700000-6b7e5000 rw-p 00000000 00:00 0 
6b7e5000-6b800000 ---p 00000000 00:00 0 
6b81c000-6b81f000 ---p 00000000 00:00 0 
6b81f000-6b89d000 rw-p 00000000 00:00 0 
6b89d000-6b8a0000 ---p 00000000 00:00 0 
6b8a0000-6b8ee000 rw-p 00000000 00:00 0 
6b8ee000-6b8ef000 ---p 00000000 00:00 0 
6b8ef000-6b96f000 rw-p 00000000 00:00 0 
6b96f000-6bb00000 r--s 037b1000 fd:01 931134     /usr/lib/jvm/java-1.6.0-openjdk-1.6.0.0/jre/lib/rt.jar
6bb00000-6bbf4000 rw-p 00000000 00:00 0 
6bbf4000-6bc00000 ---p 00000000 00:00 0 
6bc2e000-6bc31000 ---p 00000000 00:00 0 
6bc31000-6bc7f000 rw-p 00000000 00:00 0 
6bc7f000-6bc80000 ---p 00000000 00:00 0 
6bc80000-6bd00000 rw-p 00000000 00:00 0 
6bd00000-6bd21000 rw-p 00000000 00:00 0 
6bd21000-6be00000 ---p 00000000 00:00 0 
6be2e000-6be31000 ---p 00000000 00:00 0 
6be31000-6be7f000 rw-p 00000000 00:00 0 
6be7f000-6be80000 ---p 00000000 00:00 0 
6be80000-6bf00000 rw-p 00000000 00:00 0 
6bf00000-6bf21000 rw-p 00000000 00:00 0 
6bf21000-6c000000 ---p 00000000 00:00 0 
6c04c000-6c07f000 rw-p 00000000 00:00 0 
6c07f000-6c080000 ---p 00000000 00:00 0 
6c080000-6c100000 rw-p 00000000 00:00 0 
6c100000-6c121000 rw-p 00000000 00:00 0 
6c121000-6c200000 ---p 00000000 00:00 0 
6c205000-6c219000 r--s 00160000 fd:02 1708357    /home/kaiquesilva/.titanium/mobilesdk/linux/1.7.5/android/js-debug.jar
6c219000-6c228000 r--s 000e3000 fd:02 1441925    /home/kaiquesilva/android-sdk-linux/platform-tools/lib/dx.jar
6c228000-6c229000 ---p 00000000 00:00 0 
6c229000-6c2f6000 rw-p 00000000 00:00 0 
6c2f6000-6c3ff000 rw-p 00000000 00:00 0 
6c3ff000-6c407000 rw-p 00000000 00:00 0 
6c407000-6c43f000 rw-p 00000000 00:00 0 
6c43f000-6c48c000 rw-p 00000000 00:00 0 
6c48c000-6c594000 rw-p 00000000 00:00 0 
6c594000-6c63a000 rw-p 00000000 00:00 0 
6c63a000-6c63f000 rw-p 00000000 00:00 0 
6c63f000-6d640000 rw-p 00000000 00:00 0 
6d640000-74640000 rw-p 00000000 00:00 0 
74640000-7dee0000 rw-p 00000000 00:00 0 
7dee0000-9f0f0000 rw-p 00000000 00:00 0 
9f0f0000-b3b50000 rw-p 00000000 00:00 0 
b3b50000-b4640000 rw-p 00000000 00:00 0 
b4640000-b464c000 rw-p 00000000 00:00 0 
b464c000-b4700000 rw-p 00000000 00:00 0 
b4700000-b49c8000 rwxp 00000000 00:00 0 
b49c8000-b7800000 rw-p 00000000 00:00 0 
b7806000-b7809000 r--s 0007d000 fd:01 931124     /usr/lib/jvm/java-1.6.0-openjdk-1.6.0.0/jre/lib/jsse.jar
b7809000-b7811000 rw-p 00000000 00:00 0 
b7811000-b7849000 rw-p 00000000 00:00 0 
b7849000-b784c000 ---p 00000000 00:00 0 
b784c000-b789c000 rw-p 00000000 00:00 0 
b789c000-b789f000 r--s 0000f000 fd:01 931060     /usr/lib/jvm/java-1.6.0-openjdk-1.6.0.0/jre/lib/ext/pulse-java.jar
b789f000-b78a8000 r--s 00065000 fd:01 931057     /usr/lib/jvm/java-1.6.0-openjdk-1.6.0.0/jre/lib/ext/gnome-java-bridge.jar
b78a8000-b78b0000 rw-s 00000000 fd:01 404235     /tmp/hsperfdata_kaiquesilva/11706
b78b0000-b78b1000 rw-p 00000000 00:00 0 
b78b1000-b78b2000 r--p 00000000 00:00 0 
b78b2000-b78b3000 rw-p 00000000 00:00 0 
bfcbb000-bfcf2000 rw-p 00000000 00:00 0          [stack]

VM Arguments:
jvm_args: -Xmx1024M -XX:-UseGCOverheadLimit 
java_command: /home/kaiquesilva/android-sdk-linux/platform-tools/lib/dx.jar --dex --output=/home/kaiquesilva/Documents/Projects/dataSync/build/android/bin/classes.dex /home/kaiquesilva/Documents/Projects/dataSync/build/android/bin/classes /home/kaiquesilva/.titanium/mobilesdk/linux/1.7.5/android/modules/titanium-filesystem.jar /home/kaiquesilva/.titanium/mobilesdk/linux/1.7.5/android/modules/titanium-app.jar /home/kaiquesilva/.titanium/mobilesdk/linux/1.7.5/android/modules/titanium-ui.jar /home/kaiquesilva/.titanium/mobilesdk/linux/1.7.5/android/modules/titanium-json.jar /home/kaiquesilva/.titanium/mobilesdk/linux/1.7.5/android/jaxen-1.1.1.jar /home/kaiquesilva/.titanium/mobilesdk/linux/1.7.5/android/titanium.jar /home/kaiquesilva/.titanium/mobilesdk/linux/1.7.5/android/modules/titanium-android.jar /home/kaiquesilva/.titanium/mobilesdk/linux/1.7.5/android/modules/titanium-media.jar /home/kaiquesilva/.titanium/mobilesdk/linux/1.7.5/android/modules/titanium-locale.jar /home/kaiquesilva/.titanium/mobilesdk/linux/1.7.5/android/ti-commons-codec-1.3.jar /home/kaiquesilva/.titanium/mobilesdk/linux/1.7.5/android/modules/titanium-api.jar /home/kaiquesilva/.titanium/mobilesdk/linux/1.7.5/android/modules/titanium-analytics.jar /home/kaiquesilva/.titanium/mobilesdk/linux/1.7.5/android/lib/titanium-verify.jar /home/kaiquesilva/.titanium/mobilesdk/linux/1.7.5/android/lib/titanium-debug.jar /home/kaiquesilva/.titanium/mobilesdk/linux/1.7.5/android/modules/titanium-network.jar /home/kaiquesilva/.titanium/mobilesdk/linux/1.7.5/android/js-debug.jar
Launcher Type: SUN_STANDARD

Environment Variables:
JAVA_HOME=/usr/lib/jvm/java-1.6.0-openjdk/bin/
PATH=/usr/lib/qt-3.3/bin:/usr/local/bin:/usr/bin:/bin:/usr/local/sbin:/usr/sbin:/sbin:/home/kaiquesilva/android-sdk-linux/tools:/home/kaiquesilva/android-sdk-linux/tools
USERNAME=kaiquesilva
LD_LIBRARY_PATH=/usr/lib/jvm/java-1.6.0-openjdk-1.6.0.0/jre/lib/i386/server:/usr/lib/jvm/java-1.6.0-openjdk-1.6.0.0/jre/lib/i386:/usr/lib/jvm/java-1.6.0-openjdk-1.6.0.0/jre/../lib/i386
SHELL=/bin/bash
DISPLAY=:0

Signal Handlers:
SIGSEGV: [libjvm.so+0x66b0c0], sa_mask[0]=0x7ffbfeff, sa_flags=0x10000004
SIGBUS: [libjvm.so+0x66b0c0], sa_mask[0]=0x7ffbfeff, sa_flags=0x10000004
SIGFPE: [libjvm.so+0x52f440], sa_mask[0]=0x7ffbfeff, sa_flags=0x10000004
SIGPIPE: [libjvm.so+0x52f440], sa_mask[0]=0x7ffbfeff, sa_flags=0x10000004
SIGXFSZ: [libjvm.so+0x52f440], sa_mask[0]=0x7ffbfeff, sa_flags=0x10000004
SIGILL: [libjvm.so+0x52f440], sa_mask[0]=0x7ffbfeff, sa_flags=0x10000004
SIGUSR1: SIG_DFL, sa_mask[0]=0x00000000, sa_flags=0x00000000
SIGUSR2: [libjvm.so+0x52f2d0], sa_mask[0]=0x00000000, sa_flags=0x10000004
SIGHUP: [libjvm.so+0x532140], sa_mask[0]=0x7ffbfeff, sa_flags=0x10000004
SIGINT: [libjvm.so+0x532140], sa_mask[0]=0x7ffbfeff, sa_flags=0x10000004
SIGTERM: [libjvm.so+0x532140], sa_mask[0]=0x7ffbfeff, sa_flags=0x10000004
SIGQUIT: [libjvm.so+0x532140], sa_mask[0]=0x7ffbfeff, sa_flags=0x10000004


---------------  S Y S T E M  ---------------

OS:Fedora release 15 (Lovelock)

uname:Linux 2.6.40.6-0.fc15.i686 #1 SMP Tue Oct 4 00:51:19 UTC 2011 i686
libc:glibc 2.14 NPTL 2.14 
rlimit: STACK 8192k, CORE 0k, NPROC 1024, NOFILE 4096, AS infinity
load average:1.24 0.82 0.77

/proc/meminfo:
MemTotal:        2831504 kB
MemFree:          495204 kB
Buffers:            5664 kB
Cached:           384636 kB
SwapCached:        63688 kB
Active:          1466448 kB
Inactive:         744800 kB
Active(anon):    1340916 kB
Inactive(anon):   660828 kB
Active(file):     125532 kB
Inactive(file):    83972 kB
Unevictable:          16 kB
Mlocked:              16 kB
HighTotal:       1973412 kB
HighFree:         272444 kB
LowTotal:         858092 kB
LowFree:          222760 kB
SwapTotal:       4915196 kB
SwapFree:        4494976 kB
Dirty:              1036 kB
Writeback:             0 kB
AnonPages:       1787492 kB
Mapped:            98792 kB
Shmem:            180748 kB
Slab:              73820 kB
SReclaimable:      37364 kB
SUnreclaim:        36456 kB
KernelStack:        3704 kB
PageTables:        16944 kB
NFS_Unstable:          0 kB
Bounce:                0 kB
WritebackTmp:          0 kB
CommitLimit:     6330948 kB
Committed_AS:    5723988 kB
VmallocTotal:     122880 kB
VmallocUsed:       36632 kB
VmallocChunk:      61820 kB
HardwareCorrupted:     0 kB
AnonHugePages:    884736 kB
HugePages_Total:       0
HugePages_Free:        0
HugePages_Rsvd:        0
HugePages_Surp:        0
Hugepagesize:       4096 kB
DirectMap4k:       20472 kB
DirectMap4M:      880640 kB


CPU:total 4 (2 cores per cpu, 2 threads per core) family 6 model 37 stepping 5, cmov, cx8, fxsr, mmx, sse, sse2, sse3, ssse3, sse4.1, sse4.2, popcnt, ht

Memory: 4k page, physical 2831504k(495204k free), swap 4915196k(4494976k free)

vm_info: OpenJDK Server VM (20.0-b11) for linux-x86 JRE (1.6.0_22-b22), built on Oct 19 2011 06:35:36 by "mockbuild" with gcc 4.6.1 20110908 (Red Hat 4.6.1-9)

time: Thu Nov 24 16:59:02 2011
elapsed time: 11 seconds

