#
# A fatal error has been detected by the Java Runtime Environment:
#
#  SIGSEGV (0xb) at pc=0xb485cc97, pid=19228, tid=3078519664
#
# JRE version: 6.0_22-b22
# Java VM: OpenJDK Server VM (20.0-b11 mixed mode linux-x86 )
# Derivative: IcedTea6 1.10.4
# Distribution: Fedora release 15 (Lovelock), package fedora-60.1.10.4.fc15-i386
# Problematic frame:
# J  java.util.Arrays.sort([Ljava/lang/Object;Ljava/util/Comparator;)V
#
# If you would like to submit a bug report, please include
# instructions how to reproduce the bug and visit:
#   http://icedtea.classpath.org/bugzilla
#

---------------  T H R E A D  ---------------

Current thread (0xb7605800):  JavaThread "main" [_thread_in_Java, id=19241, stack(0xb7797000,0xb77e8000)]

siginfo:si_signo=SIGSEGV: si_errno=0, si_code=128 (), si_addr=0x00000000

Registers:
EAX=0xa371b6f0, EBX=0x00000003, ECX=0xa371b718, EDX=0xa371b700
ESP=0xb77e6d50, EBP=0x00000000, ESI=0xa371b708, EDI=0x00000000
EIP=0xb485cc97, EFLAGS=0x00010246, CR2=0xb77ff000

Top of Stack: (sp=0xb77e6d50)
0xb77e6d50:   00000000 00000003 00000000 a371b6f0
0xb77e6d60:   a371b6f0 a371b700 b7605800 00f9f197
0xb77e6d70:   6ccb4698 00000001 a371b6f0 b49ea3a0
0xb77e6d80:   a371b1c8 b77e6d84 6ccb8aa5 a371b6a0
0xb77e6d90:   b7605800 a371b600 a371b188 b7605800
0xb77e6da0:   a371b700 a371b688 a371b6d0 00000008
0xb77e6db0:   a0640430 00000001 00000002 00000000
0xb77e6dc0:   00000000 a371b6b8 00000001 00000008 

Instructions: (pc=0xb485cc97)
0xb485cc77:   24 10 85 c0 74 47 8b cf 8b 54 24 14 33 ff 89 3c
0xb485cc87:   24 89 5c 24 04 33 ed 89 6c 24 08 89 44 24 0c 90
0xb485cc97:   e8 44 c8 19 00 83 c4 28 5d 85 05 00 f0 7f b7 c3
0xb485cca7:   89 5c 24 1c 89 74 24 18 8b d3 66 90 e8 28 ab de 

Register to memory mapping:

EAX=0xa371b6f0 is an oop
com.android.dx.dex.file.DebugInfoEncoder$2 
 - klass: 'com/android/dx/dex/file/DebugInfoEncoder$2'
EBX=0x00000003 is an unknown value
ECX=0xa371b718 is an oop
[Ljava.lang.Object; 
 - klass: 'java/lang/Object'[]
 - length: 3
EDX=0xa371b700 is an oop
[Ljava.lang.Object; 
 - klass: 'java/lang/Object'[]
 - length: 3
ESP=0xb77e6d50 is pointing into the stack for thread: 0xb7605800
EBP=0x00000000 is an unknown value
ESI=0xa371b708 is an unknown value
EDI=0x00000000 is an unknown value


Stack: [0xb7797000,0xb77e8000],  sp=0xb77e6d50,  free space=319k
Native frames: (J=compiled Java code, j=interpreted, Vv=VM code, C=native code)
J  java.util.Arrays.sort([Ljava/lang/Object;Ljava/util/Comparator;)V

[error occurred during error reporting (printing native stack), id 0xb]


---------------  P R O C E S S  ---------------

Java Threads: ( => current thread )
  0xb76c7400 JavaThread "Low Memory Detector" daemon [_thread_blocked, id=19252, stack(0x6bb2e000,0x6bb7f000)]
  0xb76c5800 JavaThread "C2 CompilerThread1" daemon [_thread_blocked, id=19251, stack(0x6b57f000,0x6b600000)]
  0xb76c3800 JavaThread "C2 CompilerThread0" daemon [_thread_blocked, id=19250, stack(0x6b71c000,0x6b79d000)]
  0xb76c2400 JavaThread "Signal Dispatcher" daemon [_thread_blocked, id=19249, stack(0x6bd2e000,0x6bd7f000)]
  0xb76b2800 JavaThread "Finalizer" daemon [_thread_blocked, id=19248, stack(0x6bf2e000,0x6bf7f000)]
  0xb76b1000 JavaThread "Reference Handler" daemon [_thread_blocked, id=19247, stack(0x6b79d000,0x6b7ee000)]
=>0xb7605800 JavaThread "main" [_thread_in_Java, id=19241, stack(0xb7797000,0xb77e8000)]

Other Threads:
  0xb76ad400 VMThread [stack: 0x6b7ee000,0x6b86f000] [id=19246]
  0xb76c9400 WatcherThread [stack: 0x6b17f000,0x6b200000] [id=19253]

VM state:not at safepoint (normal execution)

VM Mutex/Monitor currently owned by a thread: None

Heap
 PSYoungGen      total 238336K, used 127848K [0x9eff0000, 0xb4540000, 0xb4540000)
  eden space 184128K, 39% used [0x9eff0000,0xa37dc870,0xaa3c0000)
  from space 54208K, 99% used [0xb1050000,0xb453d8b0,0xb4540000)
  to   space 82688K, 0% used [0xaa3c0000,0xaa3c0000,0xaf480000)
 PSOldGen        total 251264K, used 207017K [0x74540000, 0x83aa0000, 0x9eff0000)
  object space 251264K, 82% used [0x74540000,0x80f6a520,0x83aa0000)
 PSPermGen       total 16384K, used 7731K [0x6c540000, 0x6d540000, 0x74540000)
  object space 16384K, 47% used [0x6c540000,0x6ccccf80,0x6d540000)

Code Cache  [0xb4600000, 0xb4a10000, 0xb7600000)
 total_blobs=1148 nmethods=1043 adapters=59 free_code_cache=46187008 largest_free_block=30528

Dynamic libraries:
00110000-0011b000 r-xp 00000000 fd:01 931119     /usr/lib/jvm/java-1.6.0-openjdk-1.6.0.0/jre/lib/i386/libverify.so
0011b000-0011c000 rw-p 0000b000 fd:01 931119     /usr/lib/jvm/java-1.6.0-openjdk-1.6.0.0/jre/lib/i386/libverify.so
0011c000-00142000 r-xp 00000000 fd:01 931100     /usr/lib/jvm/java-1.6.0-openjdk-1.6.0.0/jre/lib/i386/libjava.so
00142000-00144000 rw-p 00026000 fd:01 931100     /usr/lib/jvm/java-1.6.0-openjdk-1.6.0.0/jre/lib/i386/libjava.so
00144000-0014f000 r-xp 00000000 fd:01 1353       /lib/libnss_files-2.14.so
0014f000-00150000 r--p 0000a000 fd:01 1353       /lib/libnss_files-2.14.so
00150000-00151000 rw-p 0000b000 fd:01 1353       /lib/libnss_files-2.14.so
009ed000-009f4000 r-xp 00000000 fd:01 931120     /usr/lib/jvm/java-1.6.0-openjdk-1.6.0.0/jre/lib/i386/libzip.so
009f4000-009f5000 rw-p 00006000 fd:01 931120     /usr/lib/jvm/java-1.6.0-openjdk-1.6.0.0/jre/lib/i386/libzip.so
00a75000-00a76000 r-xp 00000000 00:00 0          [vdso]
00a76000-01295000 r-xp 00000000 fd:01 1048579    /usr/lib/jvm/java-1.6.0-openjdk-1.6.0.0/jre/lib/i386/server/libjvm.so
01295000-012e9000 rw-p 0081e000 fd:01 1048579    /usr/lib/jvm/java-1.6.0-openjdk-1.6.0.0/jre/lib/i386/server/libjvm.so
012e9000-01703000 rw-p 00000000 00:00 0 
08048000-08051000 r-xp 00000000 fd:01 666654     /usr/lib/jvm/java-1.6.0-openjdk-1.6.0.0/jre/bin/java
08051000-08052000 rw-p 00008000 fd:01 666654     /usr/lib/jvm/java-1.6.0-openjdk-1.6.0.0/jre/bin/java
091bf000-091e2000 rw-p 00000000 00:00 0          [heap]
43047000-4306f000 r-xp 00000000 fd:01 1453       /lib/libm-2.14.so
4306f000-43070000 r--p 00028000 fd:01 1453       /lib/libm-2.14.so
43070000-43071000 rw-p 00029000 fd:01 1453       /lib/libm-2.14.so
43241000-43323000 r-xp 00000000 fd:01 141890     /usr/lib/libstdc++.so.6.0.16
43323000-43327000 r--p 000e1000 fd:01 141890     /usr/lib/libstdc++.so.6.0.16
43327000-43329000 rw-p 000e5000 fd:01 141890     /usr/lib/libstdc++.so.6.0.16
43329000-4332f000 rw-p 00000000 00:00 0 
4ae5b000-4ae5f000 r-xp 00000000 fd:01 932017     /usr/lib/jvm/java-1.6.0-openjdk-1.6.0.0/jre/lib/i386/jli/libjli.so
4ae5f000-4ae60000 rw-p 00003000 fd:01 932017     /usr/lib/jvm/java-1.6.0-openjdk-1.6.0.0/jre/lib/i386/jli/libjli.so
4aeba000-4aed7000 r-xp 00000000 fd:01 1750       /lib/ld-2.14.so
4aed7000-4aed8000 r--p 0001d000 fd:01 1750       /lib/ld-2.14.so
4aed8000-4aed9000 rw-p 0001e000 fd:01 1750       /lib/ld-2.14.so
4aedb000-4b060000 r-xp 00000000 fd:01 1817       /lib/libc-2.14.so
4b060000-4b061000 ---p 00185000 fd:01 1817       /lib/libc-2.14.so
4b061000-4b063000 r--p 00185000 fd:01 1817       /lib/libc-2.14.so
4b063000-4b064000 rw-p 00187000 fd:01 1817       /lib/libc-2.14.so
4b064000-4b067000 rw-p 00000000 00:00 0 
4b069000-4b07f000 r-xp 00000000 fd:01 1877       /lib/libpthread-2.14.so
4b07f000-4b080000 r--p 00015000 fd:01 1877       /lib/libpthread-2.14.so
4b080000-4b081000 rw-p 00016000 fd:01 1877       /lib/libpthread-2.14.so
4b081000-4b083000 rw-p 00000000 00:00 0 
4b085000-4b088000 r-xp 00000000 fd:01 1818       /lib/libdl-2.14.so
4b088000-4b089000 r--p 00002000 fd:01 1818       /lib/libdl-2.14.so
4b089000-4b08a000 rw-p 00003000 fd:01 1818       /lib/libdl-2.14.so
4b08c000-4b093000 r-xp 00000000 fd:01 1878       /lib/librt-2.14.so
4b093000-4b094000 r--p 00006000 fd:01 1878       /lib/librt-2.14.so
4b094000-4b095000 rw-p 00007000 fd:01 1878       /lib/librt-2.14.so
4b0e4000-4b100000 r-xp 00000000 fd:01 1908       /lib/libgcc_s-4.6.1-20110908.so.1
4b100000-4b101000 rw-p 0001b000 fd:01 1908       /lib/libgcc_s-4.6.1-20110908.so.1
4b103000-4b118000 r-xp 00000000 fd:01 1906       /lib/libz.so.1.2.5
4b118000-4b119000 rw-p 00014000 fd:01 1906       /lib/libz.so.1.2.5
4da1a000-4da30000 r-xp 00000000 fd:01 1916       /lib/libnsl-2.14.so
4da30000-4da31000 r--p 00016000 fd:01 1916       /lib/libnsl-2.14.so
4da31000-4da32000 rw-p 00017000 fd:01 1916       /lib/libnsl-2.14.so
4da32000-4da34000 rw-p 00000000 00:00 0 
63a00000-63af5000 rw-p 00000000 00:00 0 
63af5000-63b00000 ---p 00000000 00:00 0 
63c00000-63cfb000 rw-p 00000000 00:00 0 
63cfb000-63d00000 ---p 00000000 00:00 0 
63d00000-63e00000 rw-p 00000000 00:00 0 
63e00000-63efc000 rw-p 00000000 00:00 0 
63efc000-63f00000 ---p 00000000 00:00 0 
64000000-640f5000 rw-p 00000000 00:00 0 
640f5000-64100000 ---p 00000000 00:00 0 
64200000-642f9000 rw-p 00000000 00:00 0 
642f9000-64300000 ---p 00000000 00:00 0 
64300000-64400000 rw-p 00000000 00:00 0 
64400000-645f9000 rw-p 00000000 00:00 0 
645f9000-64600000 ---p 00000000 00:00 0 
64600000-64800000 rw-p 00000000 00:00 0 
64800000-64a00000 rw-p 00000000 00:00 0 
64a00000-64c00000 rw-p 00000000 00:00 0 
64c00000-64e00000 rw-p 00000000 00:00 0 
64e00000-65000000 rw-p 00000000 00:00 0 
65000000-65200000 rw-p 00000000 00:00 0 
65200000-65400000 rw-p 00000000 00:00 0 
65400000-65600000 rw-p 00000000 00:00 0 
65600000-65800000 rw-p 00000000 00:00 0 
65800000-658fd000 rw-p 00000000 00:00 0 
658fd000-65900000 ---p 00000000 00:00 0 
65a00000-65afd000 rw-p 00000000 00:00 0 
65afd000-65b00000 ---p 00000000 00:00 0 
65b00000-65bf9000 rw-p 00000000 00:00 0 
65bf9000-65c00000 ---p 00000000 00:00 0 
65c00000-65cf6000 rw-p 00000000 00:00 0 
65cf6000-65d00000 ---p 00000000 00:00 0 
65d00000-65de7000 rw-p 00000000 00:00 0 
65de7000-65e00000 ---p 00000000 00:00 0 
65e00000-65ef4000 rw-p 00000000 00:00 0 
65ef4000-65f00000 ---p 00000000 00:00 0 
65f00000-65fea000 rw-p 00000000 00:00 0 
65fea000-66000000 ---p 00000000 00:00 0 
66000000-660fb000 rw-p 00000000 00:00 0 
660fb000-66100000 ---p 00000000 00:00 0 
66100000-661fc000 rw-p 00000000 00:00 0 
661fc000-66200000 ---p 00000000 00:00 0 
66200000-662f2000 rw-p 00000000 00:00 0 
662f2000-66300000 ---p 00000000 00:00 0 
66300000-663f9000 rw-p 00000000 00:00 0 
663f9000-66400000 ---p 00000000 00:00 0 
66400000-664dc000 rw-p 00000000 00:00 0 
664dc000-66500000 ---p 00000000 00:00 0 
66500000-665f4000 rw-p 00000000 00:00 0 
665f4000-66600000 ---p 00000000 00:00 0 
66600000-66800000 rw-p 00000000 00:00 0 
66800000-66a00000 rw-p 00000000 00:00 0 
66a00000-66af9000 rw-p 00000000 00:00 0 
66af9000-66b00000 ---p 00000000 00:00 0 
66b00000-66c00000 rw-p 00000000 00:00 0 
66c00000-66ce3000 rw-p 00000000 00:00 0 
66ce3000-66d00000 ---p 00000000 00:00 0 
66d00000-66dfe000 rw-p 00000000 00:00 0 
66dfe000-66e00000 ---p 00000000 00:00 0 
66e00000-66eef000 rw-p 00000000 00:00 0 
66eef000-66f00000 ---p 00000000 00:00 0 
66f00000-66ff6000 rw-p 00000000 00:00 0 
66ff6000-67000000 ---p 00000000 00:00 0 
67000000-670ff000 rw-p 00000000 00:00 0 
670ff000-67100000 ---p 00000000 00:00 0 
67200000-672ed000 rw-p 00000000 00:00 0 
672ed000-67300000 ---p 00000000 00:00 0 
67300000-673ed000 rw-p 00000000 00:00 0 
673ed000-67400000 ---p 00000000 00:00 0 
67400000-674fa000 rw-p 00000000 00:00 0 
674fa000-67500000 ---p 00000000 00:00 0 
67600000-676fa000 rw-p 00000000 00:00 0 
676fa000-67700000 ---p 00000000 00:00 0 
67700000-677ff000 rw-p 00000000 00:00 0 
677ff000-67800000 ---p 00000000 00:00 0 
67800000-678fd000 rw-p 00000000 00:00 0 
678fd000-67900000 ---p 00000000 00:00 0 
67900000-679fd000 rw-p 00000000 00:00 0 
679fd000-67a00000 ---p 00000000 00:00 0 
67a00000-67afc000 rw-p 00000000 00:00 0 
67afc000-67b00000 ---p 00000000 00:00 0 
67b00000-67c00000 rw-p 00000000 00:00 0 
67c00000-67cf1000 rw-p 00000000 00:00 0 
67cf1000-67d00000 ---p 00000000 00:00 0 
67d00000-67df9000 rw-p 00000000 00:00 0 
67df9000-67e00000 ---p 00000000 00:00 0 
67e00000-67f00000 rw-p 00000000 00:00 0 
67f00000-68000000 rw-p 00000000 00:00 0 
68000000-68200000 rw-p 00000000 00:00 0 
68200000-68300000 rw-p 00000000 00:00 0 
68300000-683fc000 rw-p 00000000 00:00 0 
683fc000-68400000 ---p 00000000 00:00 0 
68400000-684f8000 rw-p 00000000 00:00 0 
684f8000-68500000 ---p 00000000 00:00 0 
68500000-68600000 rw-p 00000000 00:00 0 
68600000-686fc000 rw-p 00000000 00:00 0 
686fc000-68700000 ---p 00000000 00:00 0 
68700000-68800000 rw-p 00000000 00:00 0 
68800000-68a00000 rw-p 00000000 00:00 0 
68a00000-68afe000 rw-p 00000000 00:00 0 
68afe000-68b00000 ---p 00000000 00:00 0 
68b00000-68c00000 rw-p 00000000 00:00 0 
68c00000-68cf6000 rw-p 00000000 00:00 0 
68cf6000-68d00000 ---p 00000000 00:00 0 
68d00000-68dfb000 rw-p 00000000 00:00 0 
68dfb000-68e00000 ---p 00000000 00:00 0 
68e00000-68efd000 rw-p 00000000 00:00 0 
68efd000-68f00000 ---p 00000000 00:00 0 
68f00000-68ffb000 rw-p 00000000 00:00 0 
68ffb000-69000000 ---p 00000000 00:00 0 
69000000-690f0000 rw-p 00000000 00:00 0 
690f0000-69100000 ---p 00000000 00:00 0 
69100000-691ff000 rw-p 00000000 00:00 0 
691ff000-69200000 ---p 00000000 00:00 0 
69200000-692fd000 rw-p 00000000 00:00 0 
692fd000-69300000 ---p 00000000 00:00 0 
69300000-69400000 rw-p 00000000 00:00 0 
69400000-694fa000 rw-p 00000000 00:00 0 
694fa000-69500000 ---p 00000000 00:00 0 
69500000-695fd000 rw-p 00000000 00:00 0 
695fd000-69600000 ---p 00000000 00:00 0 
69600000-696fd000 rw-p 00000000 00:00 0 
696fd000-69700000 ---p 00000000 00:00 0 
69700000-697ee000 rw-p 00000000 00:00 0 
697ee000-69800000 ---p 00000000 00:00 0 
69800000-698f7000 rw-p 00000000 00:00 0 
698f7000-69900000 ---p 00000000 00:00 0 
69900000-699ec000 rw-p 00000000 00:00 0 
699ec000-69a00000 ---p 00000000 00:00 0 
69a00000-69aff000 rw-p 00000000 00:00 0 
69aff000-69b00000 ---p 00000000 00:00 0 
69b00000-69bff000 rw-p 00000000 00:00 0 
69bff000-69c00000 ---p 00000000 00:00 0 
69c00000-69cec000 rw-p 00000000 00:00 0 
69cec000-69d00000 ---p 00000000 00:00 0 
69d00000-69df9000 rw-p 00000000 00:00 0 
69df9000-69e00000 ---p 00000000 00:00 0 
69e00000-69efb000 rw-p 00000000 00:00 0 
69efb000-69f00000 ---p 00000000 00:00 0 
69f00000-69ff7000 rw-p 00000000 00:00 0 
69ff7000-6a000000 ---p 00000000 00:00 0 
6a000000-6a0fd000 rw-p 00000000 00:00 0 
6a0fd000-6a100000 ---p 00000000 00:00 0 
6a100000-6a200000 rw-p 00000000 00:00 0 
6a200000-6a2ff000 rw-p 00000000 00:00 0 
6a2ff000-6a300000 ---p 00000000 00:00 0 
6a300000-6a400000 rw-p 00000000 00:00 0 
6a400000-6a4fd000 rw-p 00000000 00:00 0 
6a4fd000-6a500000 ---p 00000000 00:00 0 
6a500000-6a5f4000 rw-p 00000000 00:00 0 
6a5f4000-6a600000 ---p 00000000 00:00 0 
6a600000-6a700000 rw-p 00000000 00:00 0 
6a700000-6a7fa000 rw-p 00000000 00:00 0 
6a7fa000-6a800000 ---p 00000000 00:00 0 
6a800000-6a8e2000 rw-p 00000000 00:00 0 
6a8e2000-6a900000 ---p 00000000 00:00 0 
6a900000-6aa00000 rw-p 00000000 00:00 0 
6ab00000-6abfa000 rw-p 00000000 00:00 0 
6abfa000-6ac00000 ---p 00000000 00:00 0 
6ac00000-6acfa000 rw-p 00000000 00:00 0 
6acfa000-6ad00000 ---p 00000000 00:00 0 
6ad00000-6adfd000 rw-p 00000000 00:00 0 
6adfd000-6ae00000 ---p 00000000 00:00 0 
6ae00000-6aed3000 rw-p 00000000 00:00 0 
6aed3000-6af00000 ---p 00000000 00:00 0 
6af00000-6b000000 rw-p 00000000 00:00 0 
6b000000-6b0ab000 rw-p 00000000 00:00 0 
6b0ab000-6b100000 ---p 00000000 00:00 0 
6b17f000-6b180000 ---p 00000000 00:00 0 
6b180000-6b200000 rw-p 00000000 00:00 0 
6b200000-6b400000 r--p 00000000 fd:01 151052     /usr/lib/locale/locale-archive
6b400000-6b421000 rw-p 00000000 00:00 0 
6b421000-6b500000 ---p 00000000 00:00 0 
6b57f000-6b582000 ---p 00000000 00:00 0 
6b582000-6b600000 rw-p 00000000 00:00 0 
6b600000-6b6fa000 rw-p 00000000 00:00 0 
6b6fa000-6b700000 ---p 00000000 00:00 0 
6b71c000-6b71f000 ---p 00000000 00:00 0 
6b71f000-6b79d000 rw-p 00000000 00:00 0 
6b79d000-6b7a0000 ---p 00000000 00:00 0 
6b7a0000-6b7ee000 rw-p 00000000 00:00 0 
6b7ee000-6b7ef000 ---p 00000000 00:00 0 
6b7ef000-6b86f000 rw-p 00000000 00:00 0 
6b86f000-6ba00000 r--s 037b1000 fd:01 931134     /usr/lib/jvm/java-1.6.0-openjdk-1.6.0.0/jre/lib/rt.jar
6ba00000-6bb00000 rw-p 00000000 00:00 0 
6bb2e000-6bb31000 ---p 00000000 00:00 0 
6bb31000-6bb7f000 rw-p 00000000 00:00 0 
6bb7f000-6bb80000 ---p 00000000 00:00 0 
6bb80000-6bc00000 rw-p 00000000 00:00 0 
6bc00000-6bc21000 rw-p 00000000 00:00 0 
6bc21000-6bd00000 ---p 00000000 00:00 0 
6bd2e000-6bd31000 ---p 00000000 00:00 0 
6bd31000-6bd7f000 rw-p 00000000 00:00 0 
6bd7f000-6bd80000 ---p 00000000 00:00 0 
6bd80000-6be00000 rw-p 00000000 00:00 0 
6be00000-6be21000 rw-p 00000000 00:00 0 
6be21000-6bf00000 ---p 00000000 00:00 0 
6bf2e000-6bf31000 ---p 00000000 00:00 0 
6bf31000-6bf7f000 rw-p 00000000 00:00 0 
6bf7f000-6bf80000 ---p 00000000 00:00 0 
6bf80000-6c000000 rw-p 00000000 00:00 0 
6c000000-6c021000 rw-p 00000000 00:00 0 
6c021000-6c100000 ---p 00000000 00:00 0 
6c128000-6c129000 ---p 00000000 00:00 0 
6c129000-6c224000 rw-p 00000000 00:00 0 
6c224000-6c2ff000 rw-p 00000000 00:00 0 
6c2ff000-6c307000 rw-p 00000000 00:00 0 
6c307000-6c33f000 rw-p 00000000 00:00 0 
6c33f000-6c3ba000 rw-p 00000000 00:00 0 
6c3ba000-6c494000 rw-p 00000000 00:00 0 
6c494000-6c53f000 rw-p 00000000 00:00 0 
6c53f000-6d540000 rw-p 00000000 00:00 0 
6d540000-74540000 rw-p 00000000 00:00 0 
74540000-83aa0000 rw-p 00000000 00:00 0 
83aa0000-9eff0000 rw-p 00000000 00:00 0 
9eff0000-b4540000 rw-p 00000000 00:00 0 
b4540000-b4551000 rw-p 00000000 00:00 0 
b4551000-b4600000 rw-p 00000000 00:00 0 
b4600000-b4a10000 rwxp 00000000 00:00 0 
b4a10000-b76f9000 rw-p 00000000 00:00 0 
b76f9000-b7700000 ---p 00000000 00:00 0 
b770c000-b7715000 r--s 00065000 fd:01 931057     /usr/lib/jvm/java-1.6.0-openjdk-1.6.0.0/jre/lib/ext/gnome-java-bridge.jar
b7715000-b7724000 r--s 000e3000 fd:02 1441925    /home/kaiquesilva/android-sdk-linux/platform-tools/lib/dx.jar
b7724000-b775f000 rw-p 00000000 00:00 0 
b775f000-b7797000 rw-p 00000000 00:00 0 
b7797000-b779a000 ---p 00000000 00:00 0 
b779a000-b77ea000 rw-p 00000000 00:00 0 
b77f0000-b77f3000 r--s 0007d000 fd:01 931124     /usr/lib/jvm/java-1.6.0-openjdk-1.6.0.0/jre/lib/jsse.jar
b77f3000-b77f6000 r--s 0000f000 fd:01 931060     /usr/lib/jvm/java-1.6.0-openjdk-1.6.0.0/jre/lib/ext/pulse-java.jar
b77f6000-b77fe000 rw-s 00000000 fd:01 403952     /tmp/hsperfdata_kaiquesilva/19228
b77fe000-b77ff000 rw-p 00000000 00:00 0 
b77ff000-b7800000 r--p 00000000 00:00 0 
b7800000-b7801000 rw-p 00000000 00:00 0 
bfd6f000-bfda5000 rw-p 00000000 00:00 0          [stack]

VM Arguments:
jvm_args: -Xmx1024M -XX:-UseGCOverheadLimit 
java_command: /home/kaiquesilva/android-sdk-linux/platform-tools/lib/dx.jar --dex --output=/home/kaiquesilva/Documents/Projects/dataSync/build/android/bin/classes.dex /home/kaiquesilva/Documents/Projects/dataSync/build/android/bin/classes /home/kaiquesilva/.titanium/mobilesdk/linux/1.7.5/android/modules/titanium-filesystem.jar /home/kaiquesilva/.titanium/mobilesdk/linux/1.7.5/android/modules/titanium-app.jar /home/kaiquesilva/.titanium/mobilesdk/linux/1.7.5/android/modules/titanium-ui.jar /home/kaiquesilva/.titanium/mobilesdk/linux/1.7.5/android/modules/titanium-json.jar /home/kaiquesilva/.titanium/mobilesdk/linux/1.7.5/android/jaxen-1.1.1.jar /home/kaiquesilva/.titanium/mobilesdk/linux/1.7.5/android/titanium.jar /home/kaiquesilva/.titanium/mobilesdk/linux/1.7.5/android/modules/titanium-android.jar /home/kaiquesilva/.titanium/mobilesdk/linux/1.7.5/android/modules/titanium-media.jar /home/kaiquesilva/.titanium/mobilesdk/linux/1.7.5/android/modules/titanium-locale.jar /home/kaiquesilva/.titanium/mobilesdk/linux/1.7.5/android/modules/titanium-database.jar /home/kaiquesilva/.titanium/mobilesdk/linux/1.7.5/android/ti-commons-codec-1.3.jar /home/kaiquesilva/.titanium/mobilesdk/linux/1.7.5/android/modules/titanium-api.jar /home/kaiquesilva/.titanium/mobilesdk/linux/1.7.5/android/modules/titanium-analytics.jar /home/kaiquesilva/.titanium/mobilesdk/linux/1.7.5/android/lib/titanium-verify.jar /home/kaiquesilva/.titanium/mobilesdk/linux/1.7.5/android/lib/titanium-debug.jar /home/kaiquesilva/.titanium/mobilesdk/linux/1.7.5/android/modules/titanium-network.jar /home/kaiquesilva/.titanium/mobilesdk/linux/1.7.5/android/js-debug.jar
Launcher Type: SUN_STANDARD

Environment Variables:
JAVA_HOME=/usr/lib/jvm/java-1.6.0-openjdk/bin/
PATH=/usr/lib/qt-3.3/bin:/usr/local/bin:/usr/bin:/bin:/usr/local/sbin:/usr/sbin:/sbin:/home/kaiquesilva/android-sdk-linux/tools:/home/kaiquesilva/android-sdk-linux/tools
USERNAME=kaiquesilva
LD_LIBRARY_PATH=/usr/lib/jvm/java-1.6.0-openjdk-1.6.0.0/jre/lib/i386/server:/usr/lib/jvm/java-1.6.0-openjdk-1.6.0.0/jre/lib/i386:/usr/lib/jvm/java-1.6.0-openjdk-1.6.0.0/jre/../lib/i386
SHELL=/bin/bash
DISPLAY=:0

Signal Handlers:
SIGSEGV: [libjvm.so+0x66b0c0], sa_mask[0]=0x7ffbfeff, sa_flags=0x10000004
SIGBUS: [libjvm.so+0x66b0c0], sa_mask[0]=0x7ffbfeff, sa_flags=0x10000004
SIGFPE: [libjvm.so+0x52f440], sa_mask[0]=0x7ffbfeff, sa_flags=0x10000004
SIGPIPE: [libjvm.so+0x52f440], sa_mask[0]=0x7ffbfeff, sa_flags=0x10000004
SIGXFSZ: [libjvm.so+0x52f440], sa_mask[0]=0x7ffbfeff, sa_flags=0x10000004
SIGILL: [libjvm.so+0x52f440], sa_mask[0]=0x7ffbfeff, sa_flags=0x10000004
SIGUSR1: SIG_DFL, sa_mask[0]=0x00000000, sa_flags=0x00000000
SIGUSR2: [libjvm.so+0x52f2d0], sa_mask[0]=0x00000000, sa_flags=0x10000004
SIGHUP: [libjvm.so+0x532140], sa_mask[0]=0x7ffbfeff, sa_flags=0x10000004
SIGINT: [libjvm.so+0x532140], sa_mask[0]=0x7ffbfeff, sa_flags=0x10000004
SIGTERM: [libjvm.so+0x532140], sa_mask[0]=0x7ffbfeff, sa_flags=0x10000004
SIGQUIT: [libjvm.so+0x532140], sa_mask[0]=0x7ffbfeff, sa_flags=0x10000004


---------------  S Y S T E M  ---------------

OS:Fedora release 15 (Lovelock)

uname:Linux 2.6.40.6-0.fc15.i686 #1 SMP Tue Oct 4 00:51:19 UTC 2011 i686
libc:glibc 2.14 NPTL 2.14 
rlimit: STACK 8192k, CORE 0k, NPROC 1024, NOFILE 4096, AS infinity
load average:0.77 0.43 0.44

/proc/meminfo:
MemTotal:        2831504 kB
MemFree:          265508 kB
Buffers:           13544 kB
Cached:           548292 kB
SwapCached:        90832 kB
Active:          1459280 kB
Inactive:         998844 kB
Active(anon):    1293452 kB
Inactive(anon):   807372 kB
Active(file):     165828 kB
Inactive(file):   191472 kB
Unevictable:          16 kB
Mlocked:              16 kB
HighTotal:       1973412 kB
HighFree:         124632 kB
LowTotal:         858092 kB
LowFree:          140876 kB
SwapTotal:       4915196 kB
SwapFree:        4447528 kB
Dirty:               100 kB
Writeback:             0 kB
AnonPages:       1842648 kB
Mapped:            96744 kB
Shmem:            204352 kB
Slab:              57344 kB
SReclaimable:      20904 kB
SUnreclaim:        36440 kB
KernelStack:        3608 kB
PageTables:        16480 kB
NFS_Unstable:          0 kB
Bounce:                0 kB
WritebackTmp:          0 kB
CommitLimit:     6330948 kB
Committed_AS:    5516352 kB
VmallocTotal:     122880 kB
VmallocUsed:       36632 kB
VmallocChunk:      44652 kB
HardwareCorrupted:     0 kB
AnonHugePages:    864256 kB
HugePages_Total:       0
HugePages_Free:        0
HugePages_Rsvd:        0
HugePages_Surp:        0
Hugepagesize:       4096 kB
DirectMap4k:       20472 kB
DirectMap4M:      880640 kB


CPU:total 4 (2 cores per cpu, 2 threads per core) family 6 model 37 stepping 5, cmov, cx8, fxsr, mmx, sse, sse2, sse3, ssse3, sse4.1, sse4.2, popcnt, ht

Memory: 4k page, physical 2831504k(265508k free), swap 4915196k(4447528k free)

vm_info: OpenJDK Server VM (20.0-b11) for linux-x86 JRE (1.6.0_22-b22), built on Oct 19 2011 06:35:36 by "mockbuild" with gcc 4.6.1 20110908 (Red Hat 4.6.1-9)

time: Fri Nov 25 14:08:30 2011
elapsed time: 20 seconds

