#
# A fatal error has been detected by the Java Runtime Environment:
#
#  SIGSEGV (0xb) at pc=0xb49f7f87, pid=30320, tid=3078540144
#
# JRE version: 6.0_22-b22
# Java VM: OpenJDK Server VM (20.0-b11 mixed mode linux-x86 )
# Derivative: IcedTea6 1.10.4
# Distribution: Fedora release 15 (Lovelock), package fedora-60.1.10.4.fc15-i386
# Problematic frame:
# J  java.util.Arrays.mergeSort([Ljava/lang/Object;[Ljava/lang/Object;IIILjava/util/Comparator;)V
#
# If you would like to submit a bug report, please include
# instructions how to reproduce the bug and visit:
#   http://icedtea.classpath.org/bugzilla
#

---------------  T H R E A D  ---------------

Current thread (0xb7605800):  JavaThread "main" [_thread_in_Java, id=30333, stack(0xb779c000,0xb77ed000)]

siginfo:si_signo=SIGSEGV: si_errno=0, si_code=128 (), si_addr=0x00000000

Registers:
EAX=0xa6594408, EBX=0x00000001, ECX=0xa6594428, EDX=0xa6594418
ESP=0xb77ebcb0, EBP=0x00000000, ESI=0xa6594420, EDI=0x00000000
EIP=0xb49f7f87, EFLAGS=0x00010297, CR2=0xb7804000

Top of Stack: (sp=0xb77ebcb0)
0xb77ebcb0:   00000001 b77ebcb4 6c614310 b77ebd0c
0xb77ebcc0:   6c61a860 6ca24c98 6c6144d8 00000000
0xb77ebcd0:   b77ebd10 00000000 b470b9dc 00000000
0xb77ebce0:   00000000 00000000 00000000 00000000
0xb77ebcf0:   00000001 a6594418 00000001 00000000
0xb77ebd00:   00000001 00000000 a6594398 a65943a8
0xb77ebd10:   00000000 00000001 00000000 a6594388
0xb77ebd20:   a6594388 a6594398 6ccd9d60 6c7b89b8 

Instructions: (pc=0xb49f7f87)
0xb49f7f67:   55 81 ec 98 00 00 00 89 54 24 44 8b 9c 24 a4 00
0xb49f7f77:   00 00 2b 9c 24 a0 00 00 00 89 5c 24 48 83 fb 07
0xb49f7f87:   0f 8c 99 13 00 00 8b 9c 24 a0 00 00 00 8d 5c 9a
0xb49f7f97:   0c 89 5c 24 14 8b ac 24 a4 00 00 00 03 ac 24 a8 

Register to memory mapping:

EAX=0xa6594408 is an oop
com.android.dx.dex.file.DebugInfoEncoder$2 
 - klass: 'com/android/dx/dex/file/DebugInfoEncoder$2'
EBX=0x00000001 is an unknown value
ECX=0xa6594428 is an oop
[Ljava.lang.Object; 
 - klass: 'java/lang/Object'[]
 - length: 1
EDX=0xa6594418 is an oop
[Ljava.lang.Object; 
 - klass: 'java/lang/Object'[]
 - length: 1
ESP=0xb77ebcb0 is pointing into the stack for thread: 0xb7605800
EBP=0x00000000 is an unknown value
ESI=0xa6594420 is an unknown value
EDI=0x00000000 is an unknown value


Stack: [0xb779c000,0xb77ed000],  sp=0xb77ebcb0,  free space=319k
Native frames: (J=compiled Java code, j=interpreted, Vv=VM code, C=native code)
J  java.util.Arrays.mergeSort([Ljava/lang/Object;[Ljava/lang/Object;IIILjava/util/Comparator;)V

[error occurred during error reporting (printing native stack), id 0xb]


---------------  P R O C E S S  ---------------

Java Threads: ( => current thread )
  0xb76c7400 JavaThread "Low Memory Detector" daemon [_thread_blocked, id=30344, stack(0x6bb2e000,0x6bb7f000)]
  0xb76c5800 JavaThread "C2 CompilerThread1" daemon [_thread_in_native, id=30343, stack(0x6b57f000,0x6b600000)]
  0xb76c3800 JavaThread "C2 CompilerThread0" daemon [_thread_in_vm, id=30342, stack(0x6b71c000,0x6b79d000)]
  0xb76c2400 JavaThread "Signal Dispatcher" daemon [_thread_blocked, id=30341, stack(0x6bd2e000,0x6bd7f000)]
  0xb76b2800 JavaThread "Finalizer" daemon [_thread_blocked, id=30340, stack(0x6bf2e000,0x6bf7f000)]
  0xb76b1000 JavaThread "Reference Handler" daemon [_thread_blocked, id=30339, stack(0x6b79d000,0x6b7ee000)]
=>0xb7605800 JavaThread "main" [_thread_in_Java, id=30333, stack(0xb779c000,0xb77ed000)]

Other Threads:
  0xb76ad400 VMThread [stack: 0x6b7ee000,0x6b86f000] [id=30338]
  0xb76c9400 WatcherThread [stack: 0x6b17f000,0x6b200000] [id=30345]

VM state:not at safepoint (normal execution)

VM Mutex/Monitor currently owned by a thread: None

Heap
 PSYoungGen      total 226624K, used 123388K [0x9eff0000, 0xb4540000, 0xb4540000)
  eden space 165568K, 74% used [0x9eff0000,0xa686f068,0xa91a0000)
  from space 61056K, 0% used [0xb09a0000,0xb09a0000,0xb4540000)
  to   space 91968K, 0% used [0xa91a0000,0xa91a0000,0xaeb70000)
 PSOldGen        total 317824K, used 223680K [0x74540000, 0x87ba0000, 0x9eff0000)
  object space 317824K, 70% used [0x74540000,0x81fb0000,0x87ba0000)
 PSPermGen       total 16384K, used 7786K [0x6c540000, 0x6d540000, 0x74540000)
  object space 16384K, 47% used [0x6c540000,0x6ccda840,0x6d540000)

Code Cache  [0xb4600000, 0xb4a10000, 0xb7600000)
 total_blobs=1179 nmethods=1072 adapters=59 free_code_cache=46154880 largest_free_block=30528

Dynamic libraries:
00110000-00117000 r-xp 00000000 fd:01 931120     /usr/lib/jvm/java-1.6.0-openjdk-1.6.0.0/jre/lib/i386/libzip.so
00117000-00118000 rw-p 00006000 fd:01 931120     /usr/lib/jvm/java-1.6.0-openjdk-1.6.0.0/jre/lib/i386/libzip.so
00315000-0033b000 r-xp 00000000 fd:01 931100     /usr/lib/jvm/java-1.6.0-openjdk-1.6.0.0/jre/lib/i386/libjava.so
0033b000-0033d000 rw-p 00026000 fd:01 931100     /usr/lib/jvm/java-1.6.0-openjdk-1.6.0.0/jre/lib/i386/libjava.so
003b4000-003bf000 r-xp 00000000 fd:01 931119     /usr/lib/jvm/java-1.6.0-openjdk-1.6.0.0/jre/lib/i386/libverify.so
003bf000-003c0000 rw-p 0000b000 fd:01 931119     /usr/lib/jvm/java-1.6.0-openjdk-1.6.0.0/jre/lib/i386/libverify.so
004d6000-004e1000 r-xp 00000000 fd:01 1353       /lib/libnss_files-2.14.so
004e1000-004e2000 r--p 0000a000 fd:01 1353       /lib/libnss_files-2.14.so
004e2000-004e3000 rw-p 0000b000 fd:01 1353       /lib/libnss_files-2.14.so
00af0000-00af1000 r-xp 00000000 00:00 0          [vdso]
00af1000-01310000 r-xp 00000000 fd:01 1048579    /usr/lib/jvm/java-1.6.0-openjdk-1.6.0.0/jre/lib/i386/server/libjvm.so
01310000-01364000 rw-p 0081e000 fd:01 1048579    /usr/lib/jvm/java-1.6.0-openjdk-1.6.0.0/jre/lib/i386/server/libjvm.so
01364000-0177e000 rw-p 00000000 00:00 0 
08048000-08051000 r-xp 00000000 fd:01 666654     /usr/lib/jvm/java-1.6.0-openjdk-1.6.0.0/jre/bin/java
08051000-08052000 rw-p 00008000 fd:01 666654     /usr/lib/jvm/java-1.6.0-openjdk-1.6.0.0/jre/bin/java
08c45000-08d17000 rw-p 00000000 00:00 0          [heap]
43047000-4306f000 r-xp 00000000 fd:01 1453       /lib/libm-2.14.so
4306f000-43070000 r--p 00028000 fd:01 1453       /lib/libm-2.14.so
43070000-43071000 rw-p 00029000 fd:01 1453       /lib/libm-2.14.so
43241000-43323000 r-xp 00000000 fd:01 141890     /usr/lib/libstdc++.so.6.0.16
43323000-43327000 r--p 000e1000 fd:01 141890     /usr/lib/libstdc++.so.6.0.16
43327000-43329000 rw-p 000e5000 fd:01 141890     /usr/lib/libstdc++.so.6.0.16
43329000-4332f000 rw-p 00000000 00:00 0 
4ae5b000-4ae5f000 r-xp 00000000 fd:01 932017     /usr/lib/jvm/java-1.6.0-openjdk-1.6.0.0/jre/lib/i386/jli/libjli.so
4ae5f000-4ae60000 rw-p 00003000 fd:01 932017     /usr/lib/jvm/java-1.6.0-openjdk-1.6.0.0/jre/lib/i386/jli/libjli.so
4aeba000-4aed7000 r-xp 00000000 fd:01 1750       /lib/ld-2.14.so
4aed7000-4aed8000 r--p 0001d000 fd:01 1750       /lib/ld-2.14.so
4aed8000-4aed9000 rw-p 0001e000 fd:01 1750       /lib/ld-2.14.so
4aedb000-4b060000 r-xp 00000000 fd:01 1817       /lib/libc-2.14.so
4b060000-4b061000 ---p 00185000 fd:01 1817       /lib/libc-2.14.so
4b061000-4b063000 r--p 00185000 fd:01 1817       /lib/libc-2.14.so
4b063000-4b064000 rw-p 00187000 fd:01 1817       /lib/libc-2.14.so
4b064000-4b067000 rw-p 00000000 00:00 0 
4b069000-4b07f000 r-xp 00000000 fd:01 1877       /lib/libpthread-2.14.so
4b07f000-4b080000 r--p 00015000 fd:01 1877       /lib/libpthread-2.14.so
4b080000-4b081000 rw-p 00016000 fd:01 1877       /lib/libpthread-2.14.so
4b081000-4b083000 rw-p 00000000 00:00 0 
4b085000-4b088000 r-xp 00000000 fd:01 1818       /lib/libdl-2.14.so
4b088000-4b089000 r--p 00002000 fd:01 1818       /lib/libdl-2.14.so
4b089000-4b08a000 rw-p 00003000 fd:01 1818       /lib/libdl-2.14.so
4b08c000-4b093000 r-xp 00000000 fd:01 1878       /lib/librt-2.14.so
4b093000-4b094000 r--p 00006000 fd:01 1878       /lib/librt-2.14.so
4b094000-4b095000 rw-p 00007000 fd:01 1878       /lib/librt-2.14.so
4b0e4000-4b100000 r-xp 00000000 fd:01 1908       /lib/libgcc_s-4.6.1-20110908.so.1
4b100000-4b101000 rw-p 0001b000 fd:01 1908       /lib/libgcc_s-4.6.1-20110908.so.1
4b103000-4b118000 r-xp 00000000 fd:01 1906       /lib/libz.so.1.2.5
4b118000-4b119000 rw-p 00014000 fd:01 1906       /lib/libz.so.1.2.5
4da1a000-4da30000 r-xp 00000000 fd:01 1916       /lib/libnsl-2.14.so
4da30000-4da31000 r--p 00016000 fd:01 1916       /lib/libnsl-2.14.so
4da31000-4da32000 rw-p 00017000 fd:01 1916       /lib/libnsl-2.14.so
4da32000-4da34000 rw-p 00000000 00:00 0 
65a00000-65afd000 rw-p 00000000 00:00 0 
65afd000-65b00000 ---p 00000000 00:00 0 
65c00000-65cfd000 rw-p 00000000 00:00 0 
65cfd000-65d00000 ---p 00000000 00:00 0 
65e00000-65ee1000 rw-p 00000000 00:00 0 
65ee1000-65f00000 ---p 00000000 00:00 0 
65f00000-65ffb000 rw-p 00000000 00:00 0 
65ffb000-66000000 ---p 00000000 00:00 0 
66000000-661a5000 rw-p 00000000 00:00 0 
661a5000-66200000 ---p 00000000 00:00 0 
66200000-66400000 rw-p 00000000 00:00 0 
66400000-66600000 rw-p 00000000 00:00 0 
66600000-666f9000 rw-p 00000000 00:00 0 
666f9000-66700000 ---p 00000000 00:00 0 
66700000-66800000 rw-p 00000000 00:00 0 
66800000-669f9000 rw-p 00000000 00:00 0 
669f9000-66a00000 ---p 00000000 00:00 0 
66a00000-66c00000 rw-p 00000000 00:00 0 
66c00000-66cfe000 rw-p 00000000 00:00 0 
66cfe000-66d00000 ---p 00000000 00:00 0 
66d00000-66dff000 rw-p 00000000 00:00 0 
66dff000-66e00000 ---p 00000000 00:00 0 
66e00000-66eff000 rw-p 00000000 00:00 0 
66eff000-66f00000 ---p 00000000 00:00 0 
66f00000-66ff7000 rw-p 00000000 00:00 0 
66ff7000-67000000 ---p 00000000 00:00 0 
67000000-670fa000 rw-p 00000000 00:00 0 
670fa000-67100000 ---p 00000000 00:00 0 
67100000-671e4000 rw-p 00000000 00:00 0 
671e4000-67200000 ---p 00000000 00:00 0 
67200000-672fe000 rw-p 00000000 00:00 0 
672fe000-67300000 ---p 00000000 00:00 0 
67400000-674f5000 rw-p 00000000 00:00 0 
674f5000-67500000 ---p 00000000 00:00 0 
67500000-675f2000 rw-p 00000000 00:00 0 
675f2000-67600000 ---p 00000000 00:00 0 
67600000-676fd000 rw-p 00000000 00:00 0 
676fd000-67700000 ---p 00000000 00:00 0 
67700000-677fc000 rw-p 00000000 00:00 0 
677fc000-67800000 ---p 00000000 00:00 0 
67800000-678d9000 rw-p 00000000 00:00 0 
678d9000-67900000 ---p 00000000 00:00 0 
67900000-67a00000 rw-p 00000000 00:00 0 
67a00000-67ae7000 rw-p 00000000 00:00 0 
67ae7000-67b00000 ---p 00000000 00:00 0 
67b00000-67bfc000 rw-p 00000000 00:00 0 
67bfc000-67c00000 ---p 00000000 00:00 0 
67c00000-67cfa000 rw-p 00000000 00:00 0 
67cfa000-67d00000 ---p 00000000 00:00 0 
67d00000-67e00000 rw-p 00000000 00:00 0 
67e00000-67f00000 rw-p 00000000 00:00 0 
67f00000-67ffe000 rw-p 00000000 00:00 0 
67ffe000-68000000 ---p 00000000 00:00 0 
68000000-680fc000 rw-p 00000000 00:00 0 
680fc000-68100000 ---p 00000000 00:00 0 
68100000-68200000 rw-p 00000000 00:00 0 
68200000-682fe000 rw-p 00000000 00:00 0 
682fe000-68300000 ---p 00000000 00:00 0 
68300000-68400000 rw-p 00000000 00:00 0 
68400000-68500000 rw-p 00000000 00:00 0 
68500000-685fb000 rw-p 00000000 00:00 0 
685fb000-68600000 ---p 00000000 00:00 0 
68600000-686fa000 rw-p 00000000 00:00 0 
686fa000-68700000 ---p 00000000 00:00 0 
68800000-688f0000 rw-p 00000000 00:00 0 
688f0000-68900000 ---p 00000000 00:00 0 
68900000-68a00000 rw-p 00000000 00:00 0 
68a00000-68afd000 rw-p 00000000 00:00 0 
68afd000-68b00000 ---p 00000000 00:00 0 
68b00000-68bfd000 rw-p 00000000 00:00 0 
68bfd000-68c00000 ---p 00000000 00:00 0 
68c00000-68cfd000 rw-p 00000000 00:00 0 
68cfd000-68d00000 ---p 00000000 00:00 0 
68d00000-68dfe000 rw-p 00000000 00:00 0 
68dfe000-68e00000 ---p 00000000 00:00 0 
68e00000-68ef9000 rw-p 00000000 00:00 0 
68ef9000-68f00000 ---p 00000000 00:00 0 
68f00000-68ff0000 rw-p 00000000 00:00 0 
68ff0000-69000000 ---p 00000000 00:00 0 
69000000-690fb000 rw-p 00000000 00:00 0 
690fb000-69100000 ---p 00000000 00:00 0 
69100000-691fd000 rw-p 00000000 00:00 0 
691fd000-69200000 ---p 00000000 00:00 0 
69200000-692fe000 rw-p 00000000 00:00 0 
692fe000-69300000 ---p 00000000 00:00 0 
69300000-693cb000 rw-p 00000000 00:00 0 
693cb000-69400000 ---p 00000000 00:00 0 
69400000-69500000 rw-p 00000000 00:00 0 
69500000-695f9000 rw-p 00000000 00:00 0 
695f9000-69600000 ---p 00000000 00:00 0 
69600000-69700000 rw-p 00000000 00:00 0 
69700000-697fd000 rw-p 00000000 00:00 0 
697fd000-69800000 ---p 00000000 00:00 0 
69800000-698ff000 rw-p 00000000 00:00 0 
698ff000-69900000 ---p 00000000 00:00 0 
69900000-699ff000 rw-p 00000000 00:00 0 
699ff000-69a00000 ---p 00000000 00:00 0 
69a00000-69c00000 rw-p 00000000 00:00 0 
69c00000-69d00000 rw-p 00000000 00:00 0 
69d00000-69e00000 rw-p 00000000 00:00 0 
69e00000-69f00000 rw-p 00000000 00:00 0 
69f00000-6a000000 rw-p 00000000 00:00 0 
6a000000-6a100000 rw-p 00000000 00:00 0 
6a100000-6a1f9000 rw-p 00000000 00:00 0 
6a1f9000-6a200000 ---p 00000000 00:00 0 
6a200000-6a300000 rw-p 00000000 00:00 0 
6a300000-6a400000 rw-p 00000000 00:00 0 
6a400000-6a500000 rw-p 00000000 00:00 0 
6a500000-6a600000 rw-p 00000000 00:00 0 
6a600000-6a6fb000 rw-p 00000000 00:00 0 
6a6fb000-6a700000 ---p 00000000 00:00 0 
6a700000-6a800000 rw-p 00000000 00:00 0 
6a800000-6a8ff000 rw-p 00000000 00:00 0 
6a8ff000-6a900000 ---p 00000000 00:00 0 
6a900000-6a9f9000 rw-p 00000000 00:00 0 
6a9f9000-6aa00000 ---p 00000000 00:00 0 
6aa00000-6aaff000 rw-p 00000000 00:00 0 
6aaff000-6ab00000 ---p 00000000 00:00 0 
6ab00000-6abfe000 rw-p 00000000 00:00 0 
6abfe000-6ac00000 ---p 00000000 00:00 0 
6ac00000-6acfb000 rw-p 00000000 00:00 0 
6acfb000-6ad00000 ---p 00000000 00:00 0 
6ad00000-6adfd000 rw-p 00000000 00:00 0 
6adfd000-6ae00000 ---p 00000000 00:00 0 
6ae00000-6aefb000 rw-p 00000000 00:00 0 
6aefb000-6af00000 ---p 00000000 00:00 0 
6af00000-6b000000 rw-p 00000000 00:00 0 
6b000000-6b0c3000 rw-p 00000000 00:00 0 
6b0c3000-6b100000 ---p 00000000 00:00 0 
6b17f000-6b180000 ---p 00000000 00:00 0 
6b180000-6b200000 rw-p 00000000 00:00 0 
6b200000-6b400000 r--p 00000000 fd:01 151052     /usr/lib/locale/locale-archive
6b400000-6b421000 rw-p 00000000 00:00 0 
6b421000-6b500000 ---p 00000000 00:00 0 
6b57f000-6b582000 ---p 00000000 00:00 0 
6b582000-6b600000 rw-p 00000000 00:00 0 
6b600000-6b6f9000 rw-p 00000000 00:00 0 
6b6f9000-6b700000 ---p 00000000 00:00 0 
6b71c000-6b71f000 ---p 00000000 00:00 0 
6b71f000-6b79d000 rw-p 00000000 00:00 0 
6b79d000-6b7a0000 ---p 00000000 00:00 0 
6b7a0000-6b7ee000 rw-p 00000000 00:00 0 
6b7ee000-6b7ef000 ---p 00000000 00:00 0 
6b7ef000-6b86f000 rw-p 00000000 00:00 0 
6b86f000-6ba00000 r--s 037b1000 fd:01 931134     /usr/lib/jvm/java-1.6.0-openjdk-1.6.0.0/jre/lib/rt.jar
6ba00000-6bafb000 rw-p 00000000 00:00 0 
6bafb000-6bb00000 ---p 00000000 00:00 0 
6bb2e000-6bb31000 ---p 00000000 00:00 0 
6bb31000-6bb7f000 rw-p 00000000 00:00 0 
6bb7f000-6bb80000 ---p 00000000 00:00 0 
6bb80000-6bc00000 rw-p 00000000 00:00 0 
6bc00000-6bc21000 rw-p 00000000 00:00 0 
6bc21000-6bd00000 ---p 00000000 00:00 0 
6bd2e000-6bd31000 ---p 00000000 00:00 0 
6bd31000-6bd7f000 rw-p 00000000 00:00 0 
6bd7f000-6bd80000 ---p 00000000 00:00 0 
6bd80000-6be00000 rw-p 00000000 00:00 0 
6be00000-6be21000 rw-p 00000000 00:00 0 
6be21000-6bf00000 ---p 00000000 00:00 0 
6bf2e000-6bf31000 ---p 00000000 00:00 0 
6bf31000-6bf7f000 rw-p 00000000 00:00 0 
6bf7f000-6bf80000 ---p 00000000 00:00 0 
6bf80000-6c000000 rw-p 00000000 00:00 0 
6c000000-6c021000 rw-p 00000000 00:00 0 
6c021000-6c100000 ---p 00000000 00:00 0 
6c128000-6c129000 ---p 00000000 00:00 0 
6c129000-6c245000 rw-p 00000000 00:00 0 
6c245000-6c2ff000 rw-p 00000000 00:00 0 
6c2ff000-6c307000 rw-p 00000000 00:00 0 
6c307000-6c33f000 rw-p 00000000 00:00 0 
6c33f000-6c3db000 rw-p 00000000 00:00 0 
6c3db000-6c494000 rw-p 00000000 00:00 0 
6c494000-6c53f000 rw-p 00000000 00:00 0 
6c53f000-6d540000 rw-p 00000000 00:00 0 
6d540000-74540000 rw-p 00000000 00:00 0 
74540000-87ba0000 rw-p 00000000 00:00 0 
87ba0000-9eff0000 rw-p 00000000 00:00 0 
9eff0000-b4540000 rw-p 00000000 00:00 0 
b4540000-b4551000 rw-p 00000000 00:00 0 
b4551000-b4600000 rw-p 00000000 00:00 0 
b4600000-b4a10000 rwxp 00000000 00:00 0 
b4a10000-b7700000 rw-p 00000000 00:00 0 
b7711000-b771a000 r--s 00065000 fd:01 931057     /usr/lib/jvm/java-1.6.0-openjdk-1.6.0.0/jre/lib/ext/gnome-java-bridge.jar
b771a000-b7729000 r--s 000e3000 fd:02 1441925    /home/kaiquesilva/android-sdk-linux/platform-tools/lib/dx.jar
b7729000-b7764000 rw-p 00000000 00:00 0 
b7764000-b779c000 rw-p 00000000 00:00 0 
b779c000-b779f000 ---p 00000000 00:00 0 
b779f000-b77ef000 rw-p 00000000 00:00 0 
b77f5000-b77f8000 r--s 0007d000 fd:01 931124     /usr/lib/jvm/java-1.6.0-openjdk-1.6.0.0/jre/lib/jsse.jar
b77f8000-b77fb000 r--s 0000f000 fd:01 931060     /usr/lib/jvm/java-1.6.0-openjdk-1.6.0.0/jre/lib/ext/pulse-java.jar
b77fb000-b7803000 rw-s 00000000 fd:01 399015     /tmp/hsperfdata_kaiquesilva/30320
b7803000-b7804000 rw-p 00000000 00:00 0 
b7804000-b7805000 r--p 00000000 00:00 0 
b7805000-b7806000 rw-p 00000000 00:00 0 
bf92d000-bf962000 rw-p 00000000 00:00 0          [stack]

VM Arguments:
jvm_args: -Xmx1024M -XX:-UseGCOverheadLimit 
java_command: /home/kaiquesilva/android-sdk-linux/platform-tools/lib/dx.jar --dex --output=/home/kaiquesilva/Documents/Projects/dataSync/build/android/bin/classes.dex /home/kaiquesilva/Documents/Projects/dataSync/build/android/bin/classes /home/kaiquesilva/.titanium/mobilesdk/linux/1.7.5/android/modules/titanium-filesystem.jar /home/kaiquesilva/.titanium/mobilesdk/linux/1.7.5/android/modules/titanium-app.jar /home/kaiquesilva/.titanium/mobilesdk/linux/1.7.5/android/modules/titanium-ui.jar /home/kaiquesilva/.titanium/mobilesdk/linux/1.7.5/android/modules/titanium-json.jar /home/kaiquesilva/.titanium/mobilesdk/linux/1.7.5/android/jaxen-1.1.1.jar /home/kaiquesilva/.titanium/mobilesdk/linux/1.7.5/android/titanium.jar /home/kaiquesilva/.titanium/mobilesdk/linux/1.7.5/android/modules/titanium-platform.jar /home/kaiquesilva/.titanium/mobilesdk/linux/1.7.5/android/modules/titanium-android.jar /home/kaiquesilva/.titanium/mobilesdk/linux/1.7.5/android/modules/titanium-media.jar /home/kaiquesilva/.titanium/mobilesdk/linux/1.7.5/android/modules/titanium-locale.jar /home/kaiquesilva/.titanium/mobilesdk/linux/1.7.5/android/ti-commons-codec-1.3.jar /home/kaiquesilva/.titanium/mobilesdk/linux/1.7.5/android/modules/titanium-api.jar /home/kaiquesilva/.titanium/mobilesdk/linux/1.7.5/android/modules/titanium-analytics.jar /home/kaiquesilva/.titanium/mobilesdk/linux/1.7.5/android/lib/titanium-verify.jar /home/kaiquesilva/.titanium/mobilesdk/linux/1.7.5/android/lib/titanium-debug.jar /home/kaiquesilva/.titanium/mobilesdk/linux/1.7.5/android/modules/titanium-network.jar /home/kaiquesilva/.titanium/mobilesdk/linux/1.7.5/android/js-debug.jar
Launcher Type: SUN_STANDARD

Environment Variables:
JAVA_HOME=/usr/lib/jvm/java-1.6.0-openjdk/bin/
PATH=/usr/lib/qt-3.3/bin:/usr/local/bin:/usr/bin:/bin:/usr/local/sbin:/usr/sbin:/sbin:/home/kaiquesilva/android-sdk-linux/tools:/home/kaiquesilva/android-sdk-linux/tools
USERNAME=kaiquesilva
LD_LIBRARY_PATH=/usr/lib/jvm/java-1.6.0-openjdk-1.6.0.0/jre/lib/i386/server:/usr/lib/jvm/java-1.6.0-openjdk-1.6.0.0/jre/lib/i386:/usr/lib/jvm/java-1.6.0-openjdk-1.6.0.0/jre/../lib/i386
SHELL=/bin/bash
DISPLAY=:0

Signal Handlers:
SIGSEGV: [libjvm.so+0x66b0c0], sa_mask[0]=0x7ffbfeff, sa_flags=0x10000004
SIGBUS: [libjvm.so+0x66b0c0], sa_mask[0]=0x7ffbfeff, sa_flags=0x10000004
SIGFPE: [libjvm.so+0x52f440], sa_mask[0]=0x7ffbfeff, sa_flags=0x10000004
SIGPIPE: [libjvm.so+0x52f440], sa_mask[0]=0x7ffbfeff, sa_flags=0x10000004
SIGXFSZ: [libjvm.so+0x52f440], sa_mask[0]=0x7ffbfeff, sa_flags=0x10000004
SIGILL: [libjvm.so+0x52f440], sa_mask[0]=0x7ffbfeff, sa_flags=0x10000004
SIGUSR1: SIG_DFL, sa_mask[0]=0x00000000, sa_flags=0x00000000
SIGUSR2: [libjvm.so+0x52f2d0], sa_mask[0]=0x00000000, sa_flags=0x10000004
SIGHUP: [libjvm.so+0x532140], sa_mask[0]=0x7ffbfeff, sa_flags=0x10000004
SIGINT: [libjvm.so+0x532140], sa_mask[0]=0x7ffbfeff, sa_flags=0x10000004
SIGTERM: [libjvm.so+0x532140], sa_mask[0]=0x7ffbfeff, sa_flags=0x10000004
SIGQUIT: [libjvm.so+0x532140], sa_mask[0]=0x7ffbfeff, sa_flags=0x10000004


---------------  S Y S T E M  ---------------

OS:Fedora release 15 (Lovelock)

uname:Linux 2.6.40.6-0.fc15.i686 #1 SMP Tue Oct 4 00:51:19 UTC 2011 i686
libc:glibc 2.14 NPTL 2.14 
rlimit: STACK 8192k, CORE 0k, NPROC 1024, NOFILE 4096, AS infinity
load average:1.20 0.64 0.47

/proc/meminfo:
MemTotal:        2831504 kB
MemFree:          246540 kB
Buffers:           12472 kB
Cached:           631504 kB
SwapCached:        22560 kB
Active:          1552580 kB
Inactive:         877940 kB
Active(anon):    1324116 kB
Inactive(anon):   650068 kB
Active(file):     228464 kB
Inactive(file):   227872 kB
Unevictable:          16 kB
Mlocked:              16 kB
HighTotal:       1973412 kB
HighFree:         132368 kB
LowTotal:         858092 kB
LowFree:          114172 kB
SwapTotal:       4915196 kB
SwapFree:        4802476 kB
Dirty:                88 kB
Writeback:             0 kB
AnonPages:       1770040 kB
Mapped:           137316 kB
Shmem:            187632 kB
Slab:             106880 kB
SReclaimable:      69816 kB
SUnreclaim:        37064 kB
KernelStack:        3400 kB
PageTables:        14792 kB
NFS_Unstable:          0 kB
Bounce:                0 kB
WritebackTmp:          0 kB
CommitLimit:     6330948 kB
Committed_AS:    4995580 kB
VmallocTotal:     122880 kB
VmallocUsed:       36632 kB
VmallocChunk:      59004 kB
HardwareCorrupted:     0 kB
AnonHugePages:    970752 kB
HugePages_Total:       0
HugePages_Free:        0
HugePages_Rsvd:        0
HugePages_Surp:        0
Hugepagesize:       4096 kB
DirectMap4k:       20472 kB
DirectMap4M:      880640 kB


CPU:total 4 (2 cores per cpu, 2 threads per core) family 6 model 37 stepping 5, cmov, cx8, fxsr, mmx, sse, sse2, sse3, ssse3, sse4.1, sse4.2, popcnt, ht

Memory: 4k page, physical 2831504k(246540k free), swap 4915196k(4802476k free)

vm_info: OpenJDK Server VM (20.0-b11) for linux-x86 JRE (1.6.0_22-b22), built on Oct 19 2011 06:35:36 by "mockbuild" with gcc 4.6.1 20110908 (Red Hat 4.6.1-9)

time: Tue Nov 22 12:13:34 2011
elapsed time: 21 seconds

