#
# A fatal error has been detected by the Java Runtime Environment:
#
#  SIGSEGV (0xb) at pc=0xb4a277ac, pid=22083, tid=3079396208
#
# JRE version: 6.0_22-b22
# Java VM: OpenJDK Server VM (20.0-b11 mixed mode linux-x86 )
# Derivative: IcedTea6 1.10.4
# Distribution: Fedora release 15 (Lovelock), package fedora-60.1.10.4.fc15-i386
# Problematic frame:
# J  com.android.dx.dex.code.OutputFinisher.addConstants(Ljava/util/HashSet;Lcom/android/dx/dex/code/DalvInsn;)V
#
# If you would like to submit a bug report, please include
# instructions how to reproduce the bug and visit:
#   http://icedtea.classpath.org/bugzilla
#

---------------  T H R E A D  ---------------

Current thread (0xb7705800):  JavaThread "main" [_thread_in_Java, id=22096, stack(0xb786d000,0xb78be000)]

siginfo:si_signo=SIGSEGV: si_errno=0, si_code=128 (), si_addr=0x00000000

Registers:
EAX=0x00000019, EBX=0x000001a0, ECX=0x00000001, EDX=0x00000000
ESP=0xb78bcde0, EBP=0x00000000, ESI=0xb78bce44, EDI=0x7843c8a8
EIP=0xb4a277ac, EFLAGS=0x00010297, CR2=0xb78d5000

Top of Stack: (sp=0xb78bcde0)
0xb78bcde0:   6cd864e8 6c9f5d80 b7705800 7843c890
0xb78bcdf0:   00000003 00000004 6c9f5b98 b7705800
0xb78bce00:   00000000 acec9760 77cea018 b47096c7
0xb78bce10:   b78bce10 74a252d0 b78bce48 7750d2d8
0xb78bce20:   6cd8638c 6c9f5c60 00000001 00000007
0xb78bce30:   b78bce6c b4702ee1 b78bce6c b4702ee1
0xb78bce40:   b4702ee1 7843c870 acec9760 b78bce4c
0xb78bce50:   6c9f5acf b78bce80 6c9f7d98 6cd865d8 

Instructions: (pc=0xb4a277ac)
0xb4a2778c:   d8 0f 84 72 1e 00 00 bb a0 01 00 00 8b 8b c0 99
0xb4a2779c:   89 6c 89 4c 24 34 8b 01 8b c8 83 e1 07 83 f9 05
0xb4a277ac:   0f 85 27 1b 00 00 b9 20 fe 6c 6c 8b 59 64 8b cb
0xb4a277bc:   8b 6c 24 08 0b cd 8b f9 33 f8 f7 c7 87 ff ff ff 

Register to memory mapping:

EAX=0x00000019 is an unknown value
EBX=0x000001a0 is an unknown value
ECX=0x00000001 is an unknown value
EDX=0x00000000 is an unknown value
ESP=0xb78bcde0 is pointing into the stack for thread: 0xb7705800
EBP=0x00000000 is an unknown value
ESI=0xb78bce44 is pointing into the stack for thread: 0xb7705800
EDI=0x7843c8a8 is an oop
[Lcom.android.dx.rop.code.RegisterSpec; 
 - klass: 'com/android/dx/rop/code/RegisterSpec'[]
 - length: 4


Stack: [0xb786d000,0xb78be000],  sp=0xb78bcde0,  free space=319k
Native frames: (J=compiled Java code, j=interpreted, Vv=VM code, C=native code)
J  com.android.dx.dex.code.OutputFinisher.addConstants(Ljava/util/HashSet;Lcom/android/dx/dex/code/DalvInsn;)V

[error occurred during error reporting (printing native stack), id 0xb]


---------------  P R O C E S S  ---------------

Java Threads: ( => current thread )
  0xb77c7400 JavaThread "Low Memory Detector" daemon [_thread_blocked, id=22107, stack(0x6b62e000,0x6b67f000)]
  0xb77c5800 JavaThread "C2 CompilerThread1" daemon [_thread_in_vm, id=22106, stack(0x6b67f000,0x6b700000)]
  0xb77c3800 JavaThread "C2 CompilerThread0" daemon [_thread_in_native, id=22105, stack(0x6b81c000,0x6b89d000)]
  0xb77c2400 JavaThread "Signal Dispatcher" daemon [_thread_blocked, id=22104, stack(0x6bc2e000,0x6bc7f000)]
  0xb77b2800 JavaThread "Finalizer" daemon [_thread_blocked, id=22103, stack(0x6be2e000,0x6be7f000)]
  0xb77b1000 JavaThread "Reference Handler" daemon [_thread_blocked, id=22102, stack(0x6b89d000,0x6b8ee000)]
=>0xb7705800 JavaThread "main" [_thread_in_Java, id=22096, stack(0xb786d000,0xb78be000)]

Other Threads:
  0xb77ad400 VMThread [stack: 0x6b8ee000,0x6b96f000] [id=22101]
  0xb77c9400 WatcherThread [stack: 0x6b27f000,0x6b300000] [id=22108]

VM state:not at safepoint (normal execution)

VM Mutex/Monitor currently owned by a thread:  ([mutex/lock_event])
[0xb7704398] CompiledIC_lock - owner thread: 0xb77c5800

Heap
 PSYoungGen      total 287936K, used 286100K [0x9f0f0000, 0xb4640000, 0xb4640000)
  eden space 231936K, 99% used [0x9f0f0000,0xad1a7600,0xad370000)
  from space 56000K, 99% used [0xad370000,0xb0a1dbe8,0xb0a20000)
  to   space 61568K, 0% used [0xb0a20000,0xb0a20000,0xb4640000)
 PSOldGen        total 220928K, used 169647K [0x74640000, 0x81e00000, 0x9f0f0000)
  object space 220928K, 76% used [0x74640000,0x7ebebf30,0x81e00000)
 PSPermGen       total 16384K, used 7453K [0x6c640000, 0x6d640000, 0x74640000)
  object space 16384K, 45% used [0x6c640000,0x6cd87780,0x6d640000)

Code Cache  [0xb4700000, 0xb4a30000, 0xb7700000)
 total_blobs=929 nmethods=824 adapters=59 free_code_cache=47093952 largest_free_block=38720

Dynamic libraries:
00110000-0011b000 r-xp 00000000 fd:01 931119     /usr/lib/jvm/java-1.6.0-openjdk-1.6.0.0/jre/lib/i386/libverify.so
0011b000-0011c000 rw-p 0000b000 fd:01 931119     /usr/lib/jvm/java-1.6.0-openjdk-1.6.0.0/jre/lib/i386/libverify.so
0011c000-00142000 r-xp 00000000 fd:01 931100     /usr/lib/jvm/java-1.6.0-openjdk-1.6.0.0/jre/lib/i386/libjava.so
00142000-00144000 rw-p 00026000 fd:01 931100     /usr/lib/jvm/java-1.6.0-openjdk-1.6.0.0/jre/lib/i386/libjava.so
00144000-0014f000 r-xp 00000000 fd:01 1353       /lib/libnss_files-2.14.so
0014f000-00150000 r--p 0000a000 fd:01 1353       /lib/libnss_files-2.14.so
00150000-00151000 rw-p 0000b000 fd:01 1353       /lib/libnss_files-2.14.so
006fc000-00703000 r-xp 00000000 fd:01 931120     /usr/lib/jvm/java-1.6.0-openjdk-1.6.0.0/jre/lib/i386/libzip.so
00703000-00704000 rw-p 00006000 fd:01 931120     /usr/lib/jvm/java-1.6.0-openjdk-1.6.0.0/jre/lib/i386/libzip.so
00830000-00831000 r-xp 00000000 00:00 0          [vdso]
00831000-01050000 r-xp 00000000 fd:01 1048579    /usr/lib/jvm/java-1.6.0-openjdk-1.6.0.0/jre/lib/i386/server/libjvm.so
01050000-010a4000 rw-p 0081e000 fd:01 1048579    /usr/lib/jvm/java-1.6.0-openjdk-1.6.0.0/jre/lib/i386/server/libjvm.so
010a4000-014be000 rw-p 00000000 00:00 0 
08048000-08051000 r-xp 00000000 fd:01 666654     /usr/lib/jvm/java-1.6.0-openjdk-1.6.0.0/jre/bin/java
08051000-08052000 rw-p 00008000 fd:01 666654     /usr/lib/jvm/java-1.6.0-openjdk-1.6.0.0/jre/bin/java
087d2000-087f5000 rw-p 00000000 00:00 0          [heap]
43047000-4306f000 r-xp 00000000 fd:01 1453       /lib/libm-2.14.so
4306f000-43070000 r--p 00028000 fd:01 1453       /lib/libm-2.14.so
43070000-43071000 rw-p 00029000 fd:01 1453       /lib/libm-2.14.so
43241000-43323000 r-xp 00000000 fd:01 141890     /usr/lib/libstdc++.so.6.0.16
43323000-43327000 r--p 000e1000 fd:01 141890     /usr/lib/libstdc++.so.6.0.16
43327000-43329000 rw-p 000e5000 fd:01 141890     /usr/lib/libstdc++.so.6.0.16
43329000-4332f000 rw-p 00000000 00:00 0 
4ae5b000-4ae5f000 r-xp 00000000 fd:01 932017     /usr/lib/jvm/java-1.6.0-openjdk-1.6.0.0/jre/lib/i386/jli/libjli.so
4ae5f000-4ae60000 rw-p 00003000 fd:01 932017     /usr/lib/jvm/java-1.6.0-openjdk-1.6.0.0/jre/lib/i386/jli/libjli.so
4aeba000-4aed7000 r-xp 00000000 fd:01 1750       /lib/ld-2.14.so
4aed7000-4aed8000 r--p 0001d000 fd:01 1750       /lib/ld-2.14.so
4aed8000-4aed9000 rw-p 0001e000 fd:01 1750       /lib/ld-2.14.so
4aedb000-4b060000 r-xp 00000000 fd:01 1817       /lib/libc-2.14.so
4b060000-4b061000 ---p 00185000 fd:01 1817       /lib/libc-2.14.so
4b061000-4b063000 r--p 00185000 fd:01 1817       /lib/libc-2.14.so
4b063000-4b064000 rw-p 00187000 fd:01 1817       /lib/libc-2.14.so
4b064000-4b067000 rw-p 00000000 00:00 0 
4b069000-4b07f000 r-xp 00000000 fd:01 1877       /lib/libpthread-2.14.so
4b07f000-4b080000 r--p 00015000 fd:01 1877       /lib/libpthread-2.14.so
4b080000-4b081000 rw-p 00016000 fd:01 1877       /lib/libpthread-2.14.so
4b081000-4b083000 rw-p 00000000 00:00 0 
4b085000-4b088000 r-xp 00000000 fd:01 1818       /lib/libdl-2.14.so
4b088000-4b089000 r--p 00002000 fd:01 1818       /lib/libdl-2.14.so
4b089000-4b08a000 rw-p 00003000 fd:01 1818       /lib/libdl-2.14.so
4b08c000-4b093000 r-xp 00000000 fd:01 1878       /lib/librt-2.14.so
4b093000-4b094000 r--p 00006000 fd:01 1878       /lib/librt-2.14.so
4b094000-4b095000 rw-p 00007000 fd:01 1878       /lib/librt-2.14.so
4b0e4000-4b100000 r-xp 00000000 fd:01 1908       /lib/libgcc_s-4.6.1-20110908.so.1
4b100000-4b101000 rw-p 0001b000 fd:01 1908       /lib/libgcc_s-4.6.1-20110908.so.1
4b103000-4b118000 r-xp 00000000 fd:01 1906       /lib/libz.so.1.2.5
4b118000-4b119000 rw-p 00014000 fd:01 1906       /lib/libz.so.1.2.5
4da1a000-4da30000 r-xp 00000000 fd:01 1916       /lib/libnsl-2.14.so
4da30000-4da31000 r--p 00016000 fd:01 1916       /lib/libnsl-2.14.so
4da31000-4da32000 rw-p 00017000 fd:01 1916       /lib/libnsl-2.14.so
4da32000-4da34000 rw-p 00000000 00:00 0 
65000000-650ea000 rw-p 00000000 00:00 0 
650ea000-65100000 ---p 00000000 00:00 0 
65200000-652ed000 rw-p 00000000 00:00 0 
652ed000-65300000 ---p 00000000 00:00 0 
65300000-653d8000 rw-p 00000000 00:00 0 
653d8000-65400000 ---p 00000000 00:00 0 
65400000-654fe000 rw-p 00000000 00:00 0 
654fe000-65500000 ---p 00000000 00:00 0 
65500000-6559e000 rw-p 00000000 00:00 0 
6559e000-65600000 ---p 00000000 00:00 0 
65600000-656ff000 rw-p 00000000 00:00 0 
656ff000-65700000 ---p 00000000 00:00 0 
65800000-659f9000 rw-p 00000000 00:00 0 
659f9000-65a00000 ---p 00000000 00:00 0 
65a00000-65c00000 rw-p 00000000 00:00 0 
65c00000-65e00000 rw-p 00000000 00:00 0 
65e00000-66000000 rw-p 00000000 00:00 0 
66000000-66100000 rw-p 00000000 00:00 0 
66200000-662ed000 rw-p 00000000 00:00 0 
662ed000-66300000 ---p 00000000 00:00 0 
66300000-663fe000 rw-p 00000000 00:00 0 
663fe000-66400000 ---p 00000000 00:00 0 
66400000-664ee000 rw-p 00000000 00:00 0 
664ee000-66500000 ---p 00000000 00:00 0 
66500000-665fa000 rw-p 00000000 00:00 0 
665fa000-66600000 ---p 00000000 00:00 0 
66600000-666e9000 rw-p 00000000 00:00 0 
666e9000-66700000 ---p 00000000 00:00 0 
66700000-66800000 rw-p 00000000 00:00 0 
66800000-668f5000 rw-p 00000000 00:00 0 
668f5000-66900000 ---p 00000000 00:00 0 
66900000-669fe000 rw-p 00000000 00:00 0 
669fe000-66a00000 ---p 00000000 00:00 0 
66a00000-66afb000 rw-p 00000000 00:00 0 
66afb000-66b00000 ---p 00000000 00:00 0 
66b00000-66bfc000 rw-p 00000000 00:00 0 
66bfc000-66c00000 ---p 00000000 00:00 0 
66c00000-66cf7000 rw-p 00000000 00:00 0 
66cf7000-66d00000 ---p 00000000 00:00 0 
66d00000-66df0000 rw-p 00000000 00:00 0 
66df0000-66e00000 ---p 00000000 00:00 0 
66f00000-66ff8000 rw-p 00000000 00:00 0 
66ff8000-67000000 ---p 00000000 00:00 0 
67000000-670fb000 rw-p 00000000 00:00 0 
670fb000-67100000 ---p 00000000 00:00 0 
67100000-671ed000 rw-p 00000000 00:00 0 
671ed000-67200000 ---p 00000000 00:00 0 
67300000-673fe000 rw-p 00000000 00:00 0 
673fe000-67400000 ---p 00000000 00:00 0 
67400000-674ff000 rw-p 00000000 00:00 0 
674ff000-67500000 ---p 00000000 00:00 0 
67500000-675f7000 rw-p 00000000 00:00 0 
675f7000-67600000 ---p 00000000 00:00 0 
67600000-676f8000 rw-p 00000000 00:00 0 
676f8000-67700000 ---p 00000000 00:00 0 
67700000-677f2000 rw-p 00000000 00:00 0 
677f2000-67800000 ---p 00000000 00:00 0 
67800000-678f8000 rw-p 00000000 00:00 0 
678f8000-67900000 ---p 00000000 00:00 0 
67900000-6799c000 rw-p 00000000 00:00 0 
6799c000-67a00000 ---p 00000000 00:00 0 
67a00000-67b00000 rw-p 00000000 00:00 0 
67b00000-67c00000 rw-p 00000000 00:00 0 
67c00000-67cff000 rw-p 00000000 00:00 0 
67cff000-67d00000 ---p 00000000 00:00 0 
67d00000-67dfc000 rw-p 00000000 00:00 0 
67dfc000-67e00000 ---p 00000000 00:00 0 
67f00000-680fd000 rw-p 00000000 00:00 0 
680fd000-68100000 ---p 00000000 00:00 0 
68100000-681f9000 rw-p 00000000 00:00 0 
681f9000-68200000 ---p 00000000 00:00 0 
68200000-682f9000 rw-p 00000000 00:00 0 
682f9000-68300000 ---p 00000000 00:00 0 
68300000-684f9000 rw-p 00000000 00:00 0 
684f9000-68500000 ---p 00000000 00:00 0 
68500000-68700000 rw-p 00000000 00:00 0 
68700000-68800000 rw-p 00000000 00:00 0 
68800000-68900000 rw-p 00000000 00:00 0 
68900000-689ff000 rw-p 00000000 00:00 0 
689ff000-68a00000 ---p 00000000 00:00 0 
68a00000-68b00000 rw-p 00000000 00:00 0 
68b00000-68c00000 rw-p 00000000 00:00 0 
68d00000-68f00000 rw-p 00000000 00:00 0 
68f00000-69000000 rw-p 00000000 00:00 0 
69100000-691f4000 rw-p 00000000 00:00 0 
691f4000-69200000 ---p 00000000 00:00 0 
69200000-692fd000 rw-p 00000000 00:00 0 
692fd000-69300000 ---p 00000000 00:00 0 
69300000-693ff000 rw-p 00000000 00:00 0 
693ff000-69400000 ---p 00000000 00:00 0 
69400000-694ff000 rw-p 00000000 00:00 0 
694ff000-69500000 ---p 00000000 00:00 0 
69500000-69600000 rw-p 00000000 00:00 0 
69700000-697fb000 rw-p 00000000 00:00 0 
697fb000-69800000 ---p 00000000 00:00 0 
69800000-698fb000 rw-p 00000000 00:00 0 
698fb000-69900000 ---p 00000000 00:00 0 
69900000-69a00000 rw-p 00000000 00:00 0 
69a00000-69afb000 rw-p 00000000 00:00 0 
69afb000-69b00000 ---p 00000000 00:00 0 
69b00000-69d00000 rw-p 00000000 00:00 0 
69d00000-69e00000 rw-p 00000000 00:00 0 
69e00000-69f00000 rw-p 00000000 00:00 0 
69f00000-6a000000 rw-p 00000000 00:00 0 
6a000000-6a100000 rw-p 00000000 00:00 0 
6a100000-6a200000 rw-p 00000000 00:00 0 
6a200000-6a2fe000 rw-p 00000000 00:00 0 
6a2fe000-6a300000 ---p 00000000 00:00 0 
6a300000-6a3da000 rw-p 00000000 00:00 0 
6a3da000-6a400000 ---p 00000000 00:00 0 
6a400000-6a500000 rw-p 00000000 00:00 0 
6a500000-6a6ff000 rw-p 00000000 00:00 0 
6a6ff000-6a700000 ---p 00000000 00:00 0 
6a700000-6a7fd000 rw-p 00000000 00:00 0 
6a7fd000-6a800000 ---p 00000000 00:00 0 
6a800000-6a900000 rw-p 00000000 00:00 0 
6a900000-6a9d0000 rw-p 00000000 00:00 0 
6a9d0000-6aa00000 ---p 00000000 00:00 0 
6aa00000-6aaf6000 rw-p 00000000 00:00 0 
6aaf6000-6ab00000 ---p 00000000 00:00 0 
6ab00000-6abef000 rw-p 00000000 00:00 0 
6abef000-6ac00000 ---p 00000000 00:00 0 
6ac00000-6acf1000 rw-p 00000000 00:00 0 
6acf1000-6ad00000 ---p 00000000 00:00 0 
6ad00000-6adfb000 rw-p 00000000 00:00 0 
6adfb000-6ae00000 ---p 00000000 00:00 0 
6ae00000-6af00000 rw-p 00000000 00:00 0 
6af00000-6affc000 rw-p 00000000 00:00 0 
6affc000-6b000000 ---p 00000000 00:00 0 
6b000000-6b0fc000 rw-p 00000000 00:00 0 
6b0fc000-6b100000 ---p 00000000 00:00 0 
6b100000-6b1d2000 rw-p 00000000 00:00 0 
6b1d2000-6b200000 ---p 00000000 00:00 0 
6b27f000-6b280000 ---p 00000000 00:00 0 
6b280000-6b300000 rw-p 00000000 00:00 0 
6b300000-6b500000 r--p 00000000 fd:01 151052     /usr/lib/locale/locale-archive
6b500000-6b521000 rw-p 00000000 00:00 0 
6b521000-6b600000 ---p 00000000 00:00 0 
6b62e000-6b631000 ---p 00000000 00:00 0 
6b631000-6b67f000 rw-p 00000000 00:00 0 
6b67f000-6b682000 ---p 00000000 00:00 0 
6b682000-6b700000 rw-p 00000000 00:00 0 
6b700000-6b7ff000 rw-p 00000000 00:00 0 
6b7ff000-6b800000 ---p 00000000 00:00 0 
6b81c000-6b81f000 ---p 00000000 00:00 0 
6b81f000-6b89d000 rw-p 00000000 00:00 0 
6b89d000-6b8a0000 ---p 00000000 00:00 0 
6b8a0000-6b8ee000 rw-p 00000000 00:00 0 
6b8ee000-6b8ef000 ---p 00000000 00:00 0 
6b8ef000-6b96f000 rw-p 00000000 00:00 0 
6b96f000-6bb00000 r--s 037b1000 fd:01 931134     /usr/lib/jvm/java-1.6.0-openjdk-1.6.0.0/jre/lib/rt.jar
6bb00000-6bbfe000 rw-p 00000000 00:00 0 
6bbfe000-6bc00000 ---p 00000000 00:00 0 
6bc2e000-6bc31000 ---p 00000000 00:00 0 
6bc31000-6bc7f000 rw-p 00000000 00:00 0 
6bc7f000-6bc80000 ---p 00000000 00:00 0 
6bc80000-6bd00000 rw-p 00000000 00:00 0 
6bd00000-6bd21000 rw-p 00000000 00:00 0 
6bd21000-6be00000 ---p 00000000 00:00 0 
6be2e000-6be31000 ---p 00000000 00:00 0 
6be31000-6be7f000 rw-p 00000000 00:00 0 
6be7f000-6be80000 ---p 00000000 00:00 0 
6be80000-6bf00000 rw-p 00000000 00:00 0 
6bf00000-6bf28000 rw-p 00000000 00:00 0 
6bf28000-6c000000 ---p 00000000 00:00 0 
6c04c000-6c07f000 rw-p 00000000 00:00 0 
6c07f000-6c080000 ---p 00000000 00:00 0 
6c080000-6c100000 rw-p 00000000 00:00 0 
6c100000-6c121000 rw-p 00000000 00:00 0 
6c121000-6c200000 ---p 00000000 00:00 0 
6c228000-6c229000 ---p 00000000 00:00 0 
6c229000-6c315000 rw-p 00000000 00:00 0 
6c315000-6c3ff000 rw-p 00000000 00:00 0 
6c3ff000-6c407000 rw-p 00000000 00:00 0 
6c407000-6c43f000 rw-p 00000000 00:00 0 
6c43f000-6c4ab000 rw-p 00000000 00:00 0 
6c4ab000-6c594000 rw-p 00000000 00:00 0 
6c594000-6c63f000 rw-p 00000000 00:00 0 
6c63f000-6d640000 rw-p 00000000 00:00 0 
6d640000-74640000 rw-p 00000000 00:00 0 
74640000-81e00000 rw-p 00000000 00:00 0 
81e00000-9f0f0000 rw-p 00000000 00:00 0 
9f0f0000-b4640000 rw-p 00000000 00:00 0 
b4640000-b464d000 rw-p 00000000 00:00 0 
b464d000-b4700000 rw-p 00000000 00:00 0 
b4700000-b4a30000 rwxp 00000000 00:00 0 
b4a30000-b77f9000 rw-p 00000000 00:00 0 
b77f9000-b7800000 ---p 00000000 00:00 0 
b7815000-b781e000 r--s 00065000 fd:01 931057     /usr/lib/jvm/java-1.6.0-openjdk-1.6.0.0/jre/lib/ext/gnome-java-bridge.jar
b781e000-b782d000 r--s 000e3000 fd:02 1441925    /home/kaiquesilva/android-sdk-linux/platform-tools/lib/dx.jar
b782d000-b7835000 rw-p 00000000 00:00 0 
b7835000-b786d000 rw-p 00000000 00:00 0 
b786d000-b7870000 ---p 00000000 00:00 0 
b7870000-b78c0000 rw-p 00000000 00:00 0 
b78c6000-b78c9000 r--s 0007d000 fd:01 931124     /usr/lib/jvm/java-1.6.0-openjdk-1.6.0.0/jre/lib/jsse.jar
b78c9000-b78cc000 r--s 0000f000 fd:01 931060     /usr/lib/jvm/java-1.6.0-openjdk-1.6.0.0/jre/lib/ext/pulse-java.jar
b78cc000-b78d4000 rw-s 00000000 fd:01 403952     /tmp/hsperfdata_kaiquesilva/22083
b78d4000-b78d5000 rw-p 00000000 00:00 0 
b78d5000-b78d6000 r--p 00000000 00:00 0 
b78d6000-b78d7000 rw-p 00000000 00:00 0 
bfa09000-bfa3e000 rw-p 00000000 00:00 0          [stack]

VM Arguments:
jvm_args: -Xmx1024M -XX:-UseGCOverheadLimit 
java_command: /home/kaiquesilva/android-sdk-linux/platform-tools/lib/dx.jar --dex --output=/home/kaiquesilva/Documents/Projects/dataSync/build/android/bin/classes.dex /home/kaiquesilva/Documents/Projects/dataSync/build/android/bin/classes /home/kaiquesilva/.titanium/mobilesdk/linux/1.7.5/android/modules/titanium-filesystem.jar /home/kaiquesilva/.titanium/mobilesdk/linux/1.7.5/android/modules/titanium-app.jar /home/kaiquesilva/.titanium/mobilesdk/linux/1.7.5/android/modules/titanium-ui.jar /home/kaiquesilva/.titanium/mobilesdk/linux/1.7.5/android/modules/titanium-json.jar /home/kaiquesilva/.titanium/mobilesdk/linux/1.7.5/android/jaxen-1.1.1.jar /home/kaiquesilva/.titanium/mobilesdk/linux/1.7.5/android/titanium.jar /home/kaiquesilva/.titanium/mobilesdk/linux/1.7.5/android/modules/titanium-android.jar /home/kaiquesilva/.titanium/mobilesdk/linux/1.7.5/android/modules/titanium-media.jar /home/kaiquesilva/.titanium/mobilesdk/linux/1.7.5/android/modules/titanium-locale.jar /home/kaiquesilva/.titanium/mobilesdk/linux/1.7.5/android/modules/titanium-database.jar /home/kaiquesilva/.titanium/mobilesdk/linux/1.7.5/android/ti-commons-codec-1.3.jar /home/kaiquesilva/.titanium/mobilesdk/linux/1.7.5/android/modules/titanium-api.jar /home/kaiquesilva/.titanium/mobilesdk/linux/1.7.5/android/modules/titanium-analytics.jar /home/kaiquesilva/.titanium/mobilesdk/linux/1.7.5/android/lib/titanium-verify.jar /home/kaiquesilva/.titanium/mobilesdk/linux/1.7.5/android/lib/titanium-debug.jar /home/kaiquesilva/.titanium/mobilesdk/linux/1.7.5/android/modules/titanium-network.jar /home/kaiquesilva/.titanium/mobilesdk/linux/1.7.5/android/js-debug.jar
Launcher Type: SUN_STANDARD

Environment Variables:
JAVA_HOME=/usr/lib/jvm/java-1.6.0-openjdk/bin/
PATH=/usr/lib/qt-3.3/bin:/usr/local/bin:/usr/bin:/bin:/usr/local/sbin:/usr/sbin:/sbin:/home/kaiquesilva/android-sdk-linux/tools:/home/kaiquesilva/android-sdk-linux/tools
USERNAME=kaiquesilva
LD_LIBRARY_PATH=/usr/lib/jvm/java-1.6.0-openjdk-1.6.0.0/jre/lib/i386/server:/usr/lib/jvm/java-1.6.0-openjdk-1.6.0.0/jre/lib/i386:/usr/lib/jvm/java-1.6.0-openjdk-1.6.0.0/jre/../lib/i386
SHELL=/bin/bash
DISPLAY=:0

Signal Handlers:
SIGSEGV: [libjvm.so+0x66b0c0], sa_mask[0]=0x7ffbfeff, sa_flags=0x10000004
SIGBUS: [libjvm.so+0x66b0c0], sa_mask[0]=0x7ffbfeff, sa_flags=0x10000004
SIGFPE: [libjvm.so+0x52f440], sa_mask[0]=0x7ffbfeff, sa_flags=0x10000004
SIGPIPE: [libjvm.so+0x52f440], sa_mask[0]=0x7ffbfeff, sa_flags=0x10000004
SIGXFSZ: [libjvm.so+0x52f440], sa_mask[0]=0x7ffbfeff, sa_flags=0x10000004
SIGILL: [libjvm.so+0x52f440], sa_mask[0]=0x7ffbfeff, sa_flags=0x10000004
SIGUSR1: SIG_DFL, sa_mask[0]=0x00000000, sa_flags=0x00000000
SIGUSR2: [libjvm.so+0x52f2d0], sa_mask[0]=0x00000000, sa_flags=0x10000004
SIGHUP: [libjvm.so+0x532140], sa_mask[0]=0x7ffbfeff, sa_flags=0x10000004
SIGINT: [libjvm.so+0x532140], sa_mask[0]=0x7ffbfeff, sa_flags=0x10000004
SIGTERM: [libjvm.so+0x532140], sa_mask[0]=0x7ffbfeff, sa_flags=0x10000004
SIGQUIT: [libjvm.so+0x532140], sa_mask[0]=0x7ffbfeff, sa_flags=0x10000004


---------------  S Y S T E M  ---------------

OS:Fedora release 15 (Lovelock)

uname:Linux 2.6.40.6-0.fc15.i686 #1 SMP Tue Oct 4 00:51:19 UTC 2011 i686
libc:glibc 2.14 NPTL 2.14 
rlimit: STACK 8192k, CORE 0k, NPROC 1024, NOFILE 4096, AS infinity
load average:1.03 0.81 0.70

/proc/meminfo:
MemTotal:        2831504 kB
MemFree:          331468 kB
Buffers:            9472 kB
Cached:           458100 kB
SwapCached:       109168 kB
Active:          1663944 kB
Inactive:         727200 kB
Active(anon):    1500796 kB
Inactive(anon):   624172 kB
Active(file):     163148 kB
Inactive(file):   103028 kB
Unevictable:          16 kB
Mlocked:              16 kB
HighTotal:       1973412 kB
HighFree:         198016 kB
LowTotal:         858092 kB
LowFree:          133452 kB
SwapTotal:       4915196 kB
SwapFree:        4426260 kB
Dirty:                60 kB
Writeback:             0 kB
AnonPages:       1860556 kB
Mapped:            90628 kB
Shmem:            201396 kB
Slab:              58268 kB
SReclaimable:      21500 kB
SUnreclaim:        36768 kB
KernelStack:        3664 kB
PageTables:        17084 kB
NFS_Unstable:          0 kB
Bounce:                0 kB
WritebackTmp:          0 kB
CommitLimit:     6330948 kB
Committed_AS:    5686428 kB
VmallocTotal:     122880 kB
VmallocUsed:       36632 kB
VmallocChunk:      44652 kB
HardwareCorrupted:     0 kB
AnonHugePages:    851968 kB
HugePages_Total:       0
HugePages_Free:        0
HugePages_Rsvd:        0
HugePages_Surp:        0
Hugepagesize:       4096 kB
DirectMap4k:       20472 kB
DirectMap4M:      880640 kB


CPU:total 4 (2 cores per cpu, 2 threads per core) family 6 model 37 stepping 5, cmov, cx8, fxsr, mmx, sse, sse2, sse3, ssse3, sse4.1, sse4.2, popcnt, ht

Memory: 4k page, physical 2831504k(331468k free), swap 4915196k(4426260k free)

vm_info: OpenJDK Server VM (20.0-b11) for linux-x86 JRE (1.6.0_22-b22), built on Oct 19 2011 06:35:36 by "mockbuild" with gcc 4.6.1 20110908 (Red Hat 4.6.1-9)

time: Fri Nov 25 15:14:56 2011
elapsed time: 16 seconds

