#
# A fatal error has been detected by the Java Runtime Environment:
#
#  SIGSEGV (0xb) at pc=0xb47e63ab, pid=22410, tid=3077585776
#
# JRE version: 6.0_22-b22
# Java VM: OpenJDK Server VM (20.0-b11 mixed mode linux-x86 )
# Derivative: IcedTea6 1.10.4
# Distribution: Fedora release 15 (Lovelock), package fedora-60.1.10.4.fc15-i386
# Problematic frame:
# J  com.android.dx.cf.code.BytecodeArray.parseInstruction(ILcom/android/dx/cf/code/BytecodeArray$Visitor;)I
#
# If you would like to submit a bug report, please include
# instructions how to reproduce the bug and visit:
#   http://icedtea.classpath.org/bugzilla
#

---------------  T H R E A D  ---------------

Current thread (0xb7505800):  JavaThread "main" [_thread_in_Java, id=22423, stack(0xb76b3000,0xb7704000)]

siginfo:si_signo=SIGSEGV: si_errno=0, si_code=128 (), si_addr=0x00000000

Registers:
EAX=0x00000040, EBX=0x000001b8, ECX=0x000001b0, EDX=0x000000ac
ESP=0xb7702ad0, EBP=0x00000198, ESI=0x00000162, EDI=0x000011c2
EIP=0xb47e63ab, EFLAGS=0x00010202, CR2=0xb771b000

Top of Stack: (sp=0xb7702ad0)
0xb7702ad0:   0000015d a94e3bb8 a948ce90 00000000
0xb7702ae0:   a94e3ab8 00000168 a9492368 00000010
0xb7702af0:   a94e3bb8 00000164 a9492378 00000161
0xb7702b00:   00000160 00000001 0000000b 00000163
0xb7702b10:   0000000b 00000008 0000016c 00000580
0xb7702b20:   747bb008 b7505800 74b47780 747bafe0
0xb7702b30:   74b69650 74b44e90 74b69598 74b44dd0
0xb7702b40:   747bb030 747bafb8 00000164 00000256 

Instructions: (pc=0xb47e63ab)
0xb47e638b:   6c 89 44 24 70 b8 a8 01 00 00 8b 80 20 82 6e 6c
0xb47e639b:   89 44 24 74 ba ac 00 00 00 8b 84 24 94 00 00 00
0xb47e63ab:   ff 24 05 e0 5d 7e b4 8b 4c 24 20 8b 54 24 1c 8b
0xb47e63bb:   5c 24 30 89 1c 24 bb 01 00 00 00 89 5c 24 04 b8 

Register to memory mapping:

EAX=0x00000040 is an unknown value
EBX=0x000001b8 is an unknown value
ECX=0x000001b0 is an unknown value
EDX=0x000000ac is an unknown value
ESP=0xb7702ad0 is pointing into the stack for thread: 0xb7505800
EBP=0x00000198 is an unknown value
ESI=0x00000162 is an unknown value
EDI=0x000011c2 is an unknown value


Stack: [0xb76b3000,0xb7704000],  sp=0xb7702ad0,  free space=318k
Native frames: (J=compiled Java code, j=interpreted, Vv=VM code, C=native code)
J  com.android.dx.cf.code.BytecodeArray.parseInstruction(ILcom/android/dx/cf/code/BytecodeArray$Visitor;)I

[error occurred during error reporting (printing native stack), id 0xb]


---------------  P R O C E S S  ---------------

Java Threads: ( => current thread )
  0xb75c7400 JavaThread "Low Memory Detector" daemon [_thread_blocked, id=22434, stack(0x6ba2e000,0x6ba7f000)]
  0xb75c5800 JavaThread "C2 CompilerThread1" daemon [_thread_in_native, id=22433, stack(0x6b47f000,0x6b500000)]
  0xb75c3800 JavaThread "C2 CompilerThread0" daemon [_thread_in_native, id=22432, stack(0x6b61c000,0x6b69d000)]
  0xb75c2400 JavaThread "Signal Dispatcher" daemon [_thread_blocked, id=22431, stack(0x6bc2e000,0x6bc7f000)]
  0xb75b2800 JavaThread "Finalizer" daemon [_thread_blocked, id=22430, stack(0x6be2e000,0x6be7f000)]
  0xb75b1000 JavaThread "Reference Handler" daemon [_thread_blocked, id=22429, stack(0x6b69d000,0x6b6ee000)]
=>0xb7505800 JavaThread "main" [_thread_in_Java, id=22423, stack(0xb76b3000,0xb7704000)]

Other Threads:
  0xb75ad400 VMThread [stack: 0x6b6ee000,0x6b76f000] [id=22428]
  0xb75c9400 WatcherThread [stack: 0x6b07f000,0x6b100000] [id=22435]

VM state:not at safepoint (normal execution)

VM Mutex/Monitor currently owned by a thread: None

Heap
 PSYoungGen      total 293056K, used 201178K [0x9eef0000, 0xb4340000, 0xb4440000)
  eden space 240064K, 71% used [0x9eef0000,0xa9678978,0xad960000)
  from space 52992K, 55% used [0xb0f80000,0xb2c6dee8,0xb4340000)
  to   space 54208K, 0% used [0xad960000,0xad960000,0xb0e50000)
 PSOldGen        total 253504K, used 168895K [0x74440000, 0x83bd0000, 0x9eef0000)
  object space 253504K, 66% used [0x74440000,0x7e92ffd0,0x83bd0000)
 PSPermGen       total 16384K, used 7003K [0x6c440000, 0x6d440000, 0x74440000)
  object space 16384K, 42% used [0x6c440000,0x6cb16ee0,0x6d440000)

Code Cache  [0xb4500000, 0xb47f8000, 0xb7500000)
 total_blobs=895 nmethods=790 adapters=59 free_code_cache=47365312 largest_free_block=66240

Dynamic libraries:
00110000-0011b000 r-xp 00000000 fd:01 931119     /usr/lib/jvm/java-1.6.0-openjdk-1.6.0.0/jre/lib/i386/libverify.so
0011b000-0011c000 rw-p 0000b000 fd:01 931119     /usr/lib/jvm/java-1.6.0-openjdk-1.6.0.0/jre/lib/i386/libverify.so
0011c000-00142000 r-xp 00000000 fd:01 931100     /usr/lib/jvm/java-1.6.0-openjdk-1.6.0.0/jre/lib/i386/libjava.so
00142000-00144000 rw-p 00026000 fd:01 931100     /usr/lib/jvm/java-1.6.0-openjdk-1.6.0.0/jre/lib/i386/libjava.so
00144000-0014f000 r-xp 00000000 fd:01 1353       /lib/libnss_files-2.14.so
0014f000-00150000 r--p 0000a000 fd:01 1353       /lib/libnss_files-2.14.so
00150000-00151000 rw-p 0000b000 fd:01 1353       /lib/libnss_files-2.14.so
00151000-00158000 r-xp 00000000 fd:01 931120     /usr/lib/jvm/java-1.6.0-openjdk-1.6.0.0/jre/lib/i386/libzip.so
00158000-00159000 rw-p 00006000 fd:01 931120     /usr/lib/jvm/java-1.6.0-openjdk-1.6.0.0/jre/lib/i386/libzip.so
0017e000-0017f000 r-xp 00000000 00:00 0          [vdso]
0017f000-0099e000 r-xp 00000000 fd:01 1048579    /usr/lib/jvm/java-1.6.0-openjdk-1.6.0.0/jre/lib/i386/server/libjvm.so
0099e000-009f2000 rw-p 0081e000 fd:01 1048579    /usr/lib/jvm/java-1.6.0-openjdk-1.6.0.0/jre/lib/i386/server/libjvm.so
009f2000-00e0c000 rw-p 00000000 00:00 0 
08048000-08051000 r-xp 00000000 fd:01 666654     /usr/lib/jvm/java-1.6.0-openjdk-1.6.0.0/jre/bin/java
08051000-08052000 rw-p 00008000 fd:01 666654     /usr/lib/jvm/java-1.6.0-openjdk-1.6.0.0/jre/bin/java
08529000-085a3000 rw-p 00000000 00:00 0          [heap]
43047000-4306f000 r-xp 00000000 fd:01 1453       /lib/libm-2.14.so
4306f000-43070000 r--p 00028000 fd:01 1453       /lib/libm-2.14.so
43070000-43071000 rw-p 00029000 fd:01 1453       /lib/libm-2.14.so
43241000-43323000 r-xp 00000000 fd:01 141890     /usr/lib/libstdc++.so.6.0.16
43323000-43327000 r--p 000e1000 fd:01 141890     /usr/lib/libstdc++.so.6.0.16
43327000-43329000 rw-p 000e5000 fd:01 141890     /usr/lib/libstdc++.so.6.0.16
43329000-4332f000 rw-p 00000000 00:00 0 
4ae5b000-4ae5f000 r-xp 00000000 fd:01 932017     /usr/lib/jvm/java-1.6.0-openjdk-1.6.0.0/jre/lib/i386/jli/libjli.so
4ae5f000-4ae60000 rw-p 00003000 fd:01 932017     /usr/lib/jvm/java-1.6.0-openjdk-1.6.0.0/jre/lib/i386/jli/libjli.so
4aeba000-4aed7000 r-xp 00000000 fd:01 1750       /lib/ld-2.14.so
4aed7000-4aed8000 r--p 0001d000 fd:01 1750       /lib/ld-2.14.so
4aed8000-4aed9000 rw-p 0001e000 fd:01 1750       /lib/ld-2.14.so
4aedb000-4b060000 r-xp 00000000 fd:01 1817       /lib/libc-2.14.so
4b060000-4b061000 ---p 00185000 fd:01 1817       /lib/libc-2.14.so
4b061000-4b063000 r--p 00185000 fd:01 1817       /lib/libc-2.14.so
4b063000-4b064000 rw-p 00187000 fd:01 1817       /lib/libc-2.14.so
4b064000-4b067000 rw-p 00000000 00:00 0 
4b069000-4b07f000 r-xp 00000000 fd:01 1877       /lib/libpthread-2.14.so
4b07f000-4b080000 r--p 00015000 fd:01 1877       /lib/libpthread-2.14.so
4b080000-4b081000 rw-p 00016000 fd:01 1877       /lib/libpthread-2.14.so
4b081000-4b083000 rw-p 00000000 00:00 0 
4b085000-4b088000 r-xp 00000000 fd:01 1818       /lib/libdl-2.14.so
4b088000-4b089000 r--p 00002000 fd:01 1818       /lib/libdl-2.14.so
4b089000-4b08a000 rw-p 00003000 fd:01 1818       /lib/libdl-2.14.so
4b08c000-4b093000 r-xp 00000000 fd:01 1878       /lib/librt-2.14.so
4b093000-4b094000 r--p 00006000 fd:01 1878       /lib/librt-2.14.so
4b094000-4b095000 rw-p 00007000 fd:01 1878       /lib/librt-2.14.so
4b0e4000-4b100000 r-xp 00000000 fd:01 1908       /lib/libgcc_s-4.6.1-20110908.so.1
4b100000-4b101000 rw-p 0001b000 fd:01 1908       /lib/libgcc_s-4.6.1-20110908.so.1
4b103000-4b118000 r-xp 00000000 fd:01 1906       /lib/libz.so.1.2.5
4b118000-4b119000 rw-p 00014000 fd:01 1906       /lib/libz.so.1.2.5
4da1a000-4da30000 r-xp 00000000 fd:01 1916       /lib/libnsl-2.14.so
4da30000-4da31000 r--p 00016000 fd:01 1916       /lib/libnsl-2.14.so
4da31000-4da32000 rw-p 00017000 fd:01 1916       /lib/libnsl-2.14.so
4da32000-4da34000 rw-p 00000000 00:00 0 
65d00000-65ded000 rw-p 00000000 00:00 0 
65ded000-65e00000 ---p 00000000 00:00 0 
65f00000-65ffe000 rw-p 00000000 00:00 0 
65ffe000-66000000 ---p 00000000 00:00 0 
66100000-662fd000 rw-p 00000000 00:00 0 
662fd000-66300000 ---p 00000000 00:00 0 
66300000-663f9000 rw-p 00000000 00:00 0 
663f9000-66400000 ---p 00000000 00:00 0 
66500000-665fe000 rw-p 00000000 00:00 0 
665fe000-66600000 ---p 00000000 00:00 0 
66600000-666ee000 rw-p 00000000 00:00 0 
666ee000-66700000 ---p 00000000 00:00 0 
66700000-667ff000 rw-p 00000000 00:00 0 
667ff000-66800000 ---p 00000000 00:00 0 
66800000-668fc000 rw-p 00000000 00:00 0 
668fc000-66900000 ---p 00000000 00:00 0 
66900000-669f9000 rw-p 00000000 00:00 0 
669f9000-66a00000 ---p 00000000 00:00 0 
66a00000-66af4000 rw-p 00000000 00:00 0 
66af4000-66b00000 ---p 00000000 00:00 0 
66b00000-66bf6000 rw-p 00000000 00:00 0 
66bf6000-66c00000 ---p 00000000 00:00 0 
66c00000-66ce2000 rw-p 00000000 00:00 0 
66ce2000-66d00000 ---p 00000000 00:00 0 
66d00000-66dfc000 rw-p 00000000 00:00 0 
66dfc000-66e00000 ---p 00000000 00:00 0 
66f00000-670fa000 rw-p 00000000 00:00 0 
670fa000-67100000 ---p 00000000 00:00 0 
67100000-671f5000 rw-p 00000000 00:00 0 
671f5000-67200000 ---p 00000000 00:00 0 
67200000-672ed000 rw-p 00000000 00:00 0 
672ed000-67300000 ---p 00000000 00:00 0 
67300000-673ed000 rw-p 00000000 00:00 0 
673ed000-67400000 ---p 00000000 00:00 0 
67400000-674f7000 rw-p 00000000 00:00 0 
674f7000-67500000 ---p 00000000 00:00 0 
67500000-675e6000 rw-p 00000000 00:00 0 
675e6000-67600000 ---p 00000000 00:00 0 
67600000-676ed000 rw-p 00000000 00:00 0 
676ed000-67700000 ---p 00000000 00:00 0 
67700000-677f1000 rw-p 00000000 00:00 0 
677f1000-67800000 ---p 00000000 00:00 0 
67800000-678f5000 rw-p 00000000 00:00 0 
678f5000-67900000 ---p 00000000 00:00 0 
67900000-679fd000 rw-p 00000000 00:00 0 
679fd000-67a00000 ---p 00000000 00:00 0 
67b00000-67bff000 rw-p 00000000 00:00 0 
67bff000-67c00000 ---p 00000000 00:00 0 
67c00000-67cfa000 rw-p 00000000 00:00 0 
67cfa000-67d00000 ---p 00000000 00:00 0 
67d00000-67dfa000 rw-p 00000000 00:00 0 
67dfa000-67e00000 ---p 00000000 00:00 0 
67e00000-67efa000 rw-p 00000000 00:00 0 
67efa000-67f00000 ---p 00000000 00:00 0 
67f00000-67fff000 rw-p 00000000 00:00 0 
67fff000-68000000 ---p 00000000 00:00 0 
68000000-680f8000 rw-p 00000000 00:00 0 
680f8000-68100000 ---p 00000000 00:00 0 
68100000-68200000 rw-p 00000000 00:00 0 
68200000-682f9000 rw-p 00000000 00:00 0 
682f9000-68300000 ---p 00000000 00:00 0 
68300000-68400000 rw-p 00000000 00:00 0 
68400000-68500000 rw-p 00000000 00:00 0 
68500000-68700000 rw-p 00000000 00:00 0 
68700000-68800000 rw-p 00000000 00:00 0 
68800000-68900000 rw-p 00000000 00:00 0 
68900000-68a00000 rw-p 00000000 00:00 0 
68a00000-68b00000 rw-p 00000000 00:00 0 
68b00000-68d00000 rw-p 00000000 00:00 0 
68d00000-68f00000 rw-p 00000000 00:00 0 
68f00000-68ff5000 rw-p 00000000 00:00 0 
68ff5000-69000000 ---p 00000000 00:00 0 
69000000-690f9000 rw-p 00000000 00:00 0 
690f9000-69100000 ---p 00000000 00:00 0 
69100000-691fc000 rw-p 00000000 00:00 0 
691fc000-69200000 ---p 00000000 00:00 0 
69200000-692ea000 rw-p 00000000 00:00 0 
692ea000-69300000 ---p 00000000 00:00 0 
69300000-693fd000 rw-p 00000000 00:00 0 
693fd000-69400000 ---p 00000000 00:00 0 
69400000-694fe000 rw-p 00000000 00:00 0 
694fe000-69500000 ---p 00000000 00:00 0 
69500000-695cb000 rw-p 00000000 00:00 0 
695cb000-69600000 ---p 00000000 00:00 0 
69600000-696fc000 rw-p 00000000 00:00 0 
696fc000-69700000 ---p 00000000 00:00 0 
69700000-697fa000 rw-p 00000000 00:00 0 
697fa000-69800000 ---p 00000000 00:00 0 
69800000-698a5000 rw-p 00000000 00:00 0 
698a5000-69900000 ---p 00000000 00:00 0 
69900000-699fc000 rw-p 00000000 00:00 0 
699fc000-69a00000 ---p 00000000 00:00 0 
69b00000-69bf4000 rw-p 00000000 00:00 0 
69bf4000-69c00000 ---p 00000000 00:00 0 
69c00000-69cfc000 rw-p 00000000 00:00 0 
69cfc000-69d00000 ---p 00000000 00:00 0 
69d00000-69dfd000 rw-p 00000000 00:00 0 
69dfd000-69e00000 ---p 00000000 00:00 0 
69e00000-69efd000 rw-p 00000000 00:00 0 
69efd000-69f00000 ---p 00000000 00:00 0 
69f00000-69ff2000 rw-p 00000000 00:00 0 
69ff2000-6a000000 ---p 00000000 00:00 0 
6a000000-6a0f8000 rw-p 00000000 00:00 0 
6a0f8000-6a100000 ---p 00000000 00:00 0 
6a100000-6a1fa000 rw-p 00000000 00:00 0 
6a1fa000-6a200000 ---p 00000000 00:00 0 
6a200000-6a2ff000 rw-p 00000000 00:00 0 
6a2ff000-6a300000 ---p 00000000 00:00 0 
6a300000-6a3fc000 rw-p 00000000 00:00 0 
6a3fc000-6a400000 ---p 00000000 00:00 0 
6a400000-6a4f6000 rw-p 00000000 00:00 0 
6a4f6000-6a500000 ---p 00000000 00:00 0 
6a500000-6a5fe000 rw-p 00000000 00:00 0 
6a5fe000-6a600000 ---p 00000000 00:00 0 
6a600000-6a700000 rw-p 00000000 00:00 0 
6a700000-6a7ff000 rw-p 00000000 00:00 0 
6a7ff000-6a800000 ---p 00000000 00:00 0 
6a800000-6a8fd000 rw-p 00000000 00:00 0 
6a8fd000-6a900000 ---p 00000000 00:00 0 
6a900000-6a9fb000 rw-p 00000000 00:00 0 
6a9fb000-6aa00000 ---p 00000000 00:00 0 
6ab00000-6acff000 rw-p 00000000 00:00 0 
6acff000-6ad00000 ---p 00000000 00:00 0 
6ad00000-6adfa000 rw-p 00000000 00:00 0 
6adfa000-6ae00000 ---p 00000000 00:00 0 
6ae00000-6aed5000 rw-p 00000000 00:00 0 
6aed5000-6af00000 ---p 00000000 00:00 0 
6af00000-6afc3000 rw-p 00000000 00:00 0 
6afc3000-6b000000 ---p 00000000 00:00 0 
6b07f000-6b080000 ---p 00000000 00:00 0 
6b080000-6b100000 rw-p 00000000 00:00 0 
6b100000-6b300000 r--p 00000000 fd:01 151052     /usr/lib/locale/locale-archive
6b300000-6b321000 rw-p 00000000 00:00 0 
6b321000-6b400000 ---p 00000000 00:00 0 
6b47f000-6b482000 ---p 00000000 00:00 0 
6b482000-6b500000 rw-p 00000000 00:00 0 
6b500000-6b5fb000 rw-p 00000000 00:00 0 
6b5fb000-6b600000 ---p 00000000 00:00 0 
6b61c000-6b61f000 ---p 00000000 00:00 0 
6b61f000-6b69d000 rw-p 00000000 00:00 0 
6b69d000-6b6a0000 ---p 00000000 00:00 0 
6b6a0000-6b6ee000 rw-p 00000000 00:00 0 
6b6ee000-6b6ef000 ---p 00000000 00:00 0 
6b6ef000-6b76f000 rw-p 00000000 00:00 0 
6b76f000-6b900000 r--s 037b1000 fd:01 931134     /usr/lib/jvm/java-1.6.0-openjdk-1.6.0.0/jre/lib/rt.jar
6b900000-6b9ff000 rw-p 00000000 00:00 0 
6b9ff000-6ba00000 ---p 00000000 00:00 0 
6ba2e000-6ba31000 ---p 00000000 00:00 0 
6ba31000-6ba7f000 rw-p 00000000 00:00 0 
6ba7f000-6ba80000 ---p 00000000 00:00 0 
6ba80000-6bb00000 rw-p 00000000 00:00 0 
6bb00000-6bb21000 rw-p 00000000 00:00 0 
6bb21000-6bc00000 ---p 00000000 00:00 0 
6bc2e000-6bc31000 ---p 00000000 00:00 0 
6bc31000-6bc7f000 rw-p 00000000 00:00 0 
6bc7f000-6bc80000 ---p 00000000 00:00 0 
6bc80000-6bd00000 rw-p 00000000 00:00 0 
6bd00000-6bd21000 rw-p 00000000 00:00 0 
6bd21000-6be00000 ---p 00000000 00:00 0 
6be2e000-6be31000 ---p 00000000 00:00 0 
6be31000-6be7f000 rw-p 00000000 00:00 0 
6be7f000-6be80000 ---p 00000000 00:00 0 
6be80000-6bf00000 rw-p 00000000 00:00 0 
6bf00000-6bf21000 rw-p 00000000 00:00 0 
6bf21000-6c000000 ---p 00000000 00:00 0 
6c028000-6c029000 ---p 00000000 00:00 0 
6c029000-6c125000 rw-p 00000000 00:00 0 
6c125000-6c1ff000 rw-p 00000000 00:00 0 
6c1ff000-6c207000 rw-p 00000000 00:00 0 
6c207000-6c23f000 rw-p 00000000 00:00 0 
6c23f000-6c2bb000 rw-p 00000000 00:00 0 
6c2bb000-6c394000 rw-p 00000000 00:00 0 
6c394000-6c43f000 rw-p 00000000 00:00 0 
6c43f000-6d440000 rw-p 00000000 00:00 0 
6d440000-74440000 rw-p 00000000 00:00 0 
74440000-83bd0000 rw-p 00000000 00:00 0 
83bd0000-9eef0000 rw-p 00000000 00:00 0 
9eef0000-b4340000 rw-p 00000000 00:00 0 
b4340000-b4440000 ---p 00000000 00:00 0 
b4440000-b444c000 rw-p 00000000 00:00 0 
b444c000-b4500000 rw-p 00000000 00:00 0 
b4500000-b47f8000 rwxp 00000000 00:00 0 
b47f8000-b7600000 rw-p 00000000 00:00 0 
b7614000-b7628000 r--s 00160000 fd:02 1708357    /home/kaiquesilva/.titanium/mobilesdk/linux/1.7.5/android/js-debug.jar
b7628000-b7631000 r--s 00065000 fd:01 931057     /usr/lib/jvm/java-1.6.0-openjdk-1.6.0.0/jre/lib/ext/gnome-java-bridge.jar
b7631000-b7640000 r--s 000e3000 fd:02 1441925    /home/kaiquesilva/android-sdk-linux/platform-tools/lib/dx.jar
b7640000-b767b000 rw-p 00000000 00:00 0 
b767b000-b76b3000 rw-p 00000000 00:00 0 
b76b3000-b76b6000 ---p 00000000 00:00 0 
b76b6000-b7706000 rw-p 00000000 00:00 0 
b770c000-b770f000 r--s 0007d000 fd:01 931124     /usr/lib/jvm/java-1.6.0-openjdk-1.6.0.0/jre/lib/jsse.jar
b770f000-b7712000 r--s 0000f000 fd:01 931060     /usr/lib/jvm/java-1.6.0-openjdk-1.6.0.0/jre/lib/ext/pulse-java.jar
b7712000-b771a000 rw-s 00000000 fd:01 403952     /tmp/hsperfdata_kaiquesilva/22410
b771a000-b771b000 rw-p 00000000 00:00 0 
b771b000-b771c000 r--p 00000000 00:00 0 
b771c000-b771d000 rw-p 00000000 00:00 0 
bf883000-bf8b9000 rw-p 00000000 00:00 0          [stack]

VM Arguments:
jvm_args: -Xmx1024M -XX:-UseGCOverheadLimit 
java_command: /home/kaiquesilva/android-sdk-linux/platform-tools/lib/dx.jar --dex --output=/home/kaiquesilva/Documents/Projects/dataSync/build/android/bin/classes.dex /home/kaiquesilva/Documents/Projects/dataSync/build/android/bin/classes /home/kaiquesilva/.titanium/mobilesdk/linux/1.7.5/android/modules/titanium-filesystem.jar /home/kaiquesilva/.titanium/mobilesdk/linux/1.7.5/android/modules/titanium-app.jar /home/kaiquesilva/.titanium/mobilesdk/linux/1.7.5/android/modules/titanium-ui.jar /home/kaiquesilva/.titanium/mobilesdk/linux/1.7.5/android/modules/titanium-json.jar /home/kaiquesilva/.titanium/mobilesdk/linux/1.7.5/android/jaxen-1.1.1.jar /home/kaiquesilva/.titanium/mobilesdk/linux/1.7.5/android/titanium.jar /home/kaiquesilva/.titanium/mobilesdk/linux/1.7.5/android/modules/titanium-android.jar /home/kaiquesilva/.titanium/mobilesdk/linux/1.7.5/android/modules/titanium-media.jar /home/kaiquesilva/.titanium/mobilesdk/linux/1.7.5/android/modules/titanium-locale.jar /home/kaiquesilva/.titanium/mobilesdk/linux/1.7.5/android/modules/titanium-database.jar /home/kaiquesilva/.titanium/mobilesdk/linux/1.7.5/android/ti-commons-codec-1.3.jar /home/kaiquesilva/.titanium/mobilesdk/linux/1.7.5/android/modules/titanium-api.jar /home/kaiquesilva/.titanium/mobilesdk/linux/1.7.5/android/modules/titanium-analytics.jar /home/kaiquesilva/.titanium/mobilesdk/linux/1.7.5/android/lib/titanium-verify.jar /home/kaiquesilva/.titanium/mobilesdk/linux/1.7.5/android/lib/titanium-debug.jar /home/kaiquesilva/.titanium/mobilesdk/linux/1.7.5/android/modules/titanium-network.jar /home/kaiquesilva/.titanium/mobilesdk/linux/1.7.5/android/js-debug.jar
Launcher Type: SUN_STANDARD

Environment Variables:
JAVA_HOME=/usr/lib/jvm/java-1.6.0-openjdk/bin/
PATH=/usr/lib/qt-3.3/bin:/usr/local/bin:/usr/bin:/bin:/usr/local/sbin:/usr/sbin:/sbin:/home/kaiquesilva/android-sdk-linux/tools:/home/kaiquesilva/android-sdk-linux/tools
USERNAME=kaiquesilva
LD_LIBRARY_PATH=/usr/lib/jvm/java-1.6.0-openjdk-1.6.0.0/jre/lib/i386/server:/usr/lib/jvm/java-1.6.0-openjdk-1.6.0.0/jre/lib/i386:/usr/lib/jvm/java-1.6.0-openjdk-1.6.0.0/jre/../lib/i386
SHELL=/bin/bash
DISPLAY=:0

Signal Handlers:
SIGSEGV: [libjvm.so+0x66b0c0], sa_mask[0]=0x7ffbfeff, sa_flags=0x10000004
SIGBUS: [libjvm.so+0x66b0c0], sa_mask[0]=0x7ffbfeff, sa_flags=0x10000004
SIGFPE: [libjvm.so+0x52f440], sa_mask[0]=0x7ffbfeff, sa_flags=0x10000004
SIGPIPE: [libjvm.so+0x52f440], sa_mask[0]=0x7ffbfeff, sa_flags=0x10000004
SIGXFSZ: [libjvm.so+0x52f440], sa_mask[0]=0x7ffbfeff, sa_flags=0x10000004
SIGILL: [libjvm.so+0x52f440], sa_mask[0]=0x7ffbfeff, sa_flags=0x10000004
SIGUSR1: SIG_DFL, sa_mask[0]=0x00000000, sa_flags=0x00000000
SIGUSR2: [libjvm.so+0x52f2d0], sa_mask[0]=0x00000000, sa_flags=0x10000004
SIGHUP: [libjvm.so+0x532140], sa_mask[0]=0x7ffbfeff, sa_flags=0x10000004
SIGINT: [libjvm.so+0x532140], sa_mask[0]=0x7ffbfeff, sa_flags=0x10000004
SIGTERM: [libjvm.so+0x532140], sa_mask[0]=0x7ffbfeff, sa_flags=0x10000004
SIGQUIT: [libjvm.so+0x532140], sa_mask[0]=0x7ffbfeff, sa_flags=0x10000004


---------------  S Y S T E M  ---------------

OS:Fedora release 15 (Lovelock)

uname:Linux 2.6.40.6-0.fc15.i686 #1 SMP Tue Oct 4 00:51:19 UTC 2011 i686
libc:glibc 2.14 NPTL 2.14 
rlimit: STACK 8192k, CORE 0k, NPROC 1024, NOFILE 4096, AS infinity
load average:0.99 0.74 0.69

/proc/meminfo:
MemTotal:        2831504 kB
MemFree:          412900 kB
Buffers:            8496 kB
Cached:           441936 kB
SwapCached:       107008 kB
Active:          1782992 kB
Inactive:         520964 kB
Active(anon):    1628540 kB
Inactive(anon):   426316 kB
Active(file):     154452 kB
Inactive(file):    94648 kB
Unevictable:          16 kB
Mlocked:              16 kB
HighTotal:       1973412 kB
HighFree:         226724 kB
LowTotal:         858092 kB
LowFree:          186176 kB
SwapTotal:       4915196 kB
SwapFree:        4426112 kB
Dirty:              1212 kB
Writeback:             0 kB
AnonPages:       1784276 kB
Mapped:            90436 kB
Shmem:            201328 kB
Slab:              58012 kB
SReclaimable:      21212 kB
SUnreclaim:        36800 kB
KernelStack:        3664 kB
PageTables:        17076 kB
NFS_Unstable:          0 kB
Bounce:                0 kB
WritebackTmp:          0 kB
CommitLimit:     6330948 kB
Committed_AS:    5698148 kB
VmallocTotal:     122880 kB
VmallocUsed:       36632 kB
VmallocChunk:      44652 kB
HardwareCorrupted:     0 kB
AnonHugePages:    790528 kB
HugePages_Total:       0
HugePages_Free:        0
HugePages_Rsvd:        0
HugePages_Surp:        0
Hugepagesize:       4096 kB
DirectMap4k:       20472 kB
DirectMap4M:      880640 kB


CPU:total 4 (2 cores per cpu, 2 threads per core) family 6 model 37 stepping 5, cmov, cx8, fxsr, mmx, sse, sse2, sse3, ssse3, sse4.1, sse4.2, popcnt, ht

Memory: 4k page, physical 2831504k(412900k free), swap 4915196k(4426112k free)

vm_info: OpenJDK Server VM (20.0-b11) for linux-x86 JRE (1.6.0_22-b22), built on Oct 19 2011 06:35:36 by "mockbuild" with gcc 4.6.1 20110908 (Red Hat 4.6.1-9)

time: Fri Nov 25 15:19:39 2011
elapsed time: 15 seconds

