#
# A fatal error has been detected by the Java Runtime Environment:
#
#  SIGSEGV (0xb) at pc=0xb48c06bb, pid=29769, tid=3079256944
#
# JRE version: 6.0_22-b22
# Java VM: OpenJDK Server VM (20.0-b11 mixed mode linux-x86 )
# Derivative: IcedTea6 1.10.4
# Distribution: Fedora release 15 (Lovelock), package fedora-60.1.10.4.fc15-i386
# Problematic frame:
# J  com.android.dx.cf.code.Simulator$SimVisitor.visitLocal(IIIILcom/android/dx/rop/type/Type;I)V
#
# If you would like to submit a bug report, please include
# instructions how to reproduce the bug and visit:
#   http://icedtea.classpath.org/bugzilla
#

---------------  T H R E A D  ---------------

Current thread (0xb7705800):  JavaThread "main" [_thread_in_Java, id=29782, stack(0xb784b000,0xb789c000)]

siginfo:si_signo=SIGSEGV: si_errno=0, si_code=128 (), si_addr=0x00000000

Registers:
EAX=0x00000000, EBX=0x00000001, ECX=0xa1babb38, EDX=0xa1bac040
ESP=0xb789aaf0, EBP=0x00000015, ESI=0x6c8e8580, EDI=0xa1babb38
EIP=0xb48c06bb, EFLAGS=0x00010246, CR2=0x00000004

Top of Stack: (sp=0xb789aaf0)
0xb789aaf0:   00000001 00000015 a172cfd0 a1bac040
0xb789ab00:   74f0aec8 b7705800 b789ab70 a1babca8
0xb789ab10:   00000015 a172cfa8 00000003 00000004
0xb789ab20:   0000000d 00000001 b789ab90 b47033bd
0xb789ab30:   00000001 00000001 00000000 a1babb38
0xb789ab40:   a1babba8 00000000 00000001 b7705800
0xb789ab50:   b47033bd 00000000 74f0aec8 00000000
0xb789ab60:   00000001 00000001 00000015 a1babca8 

Instructions: (pc=0xb48c06bb)
0xb48c069b:   8b 4d 04 81 f9 28 cb 93 6c 0f 85 93 04 00 00 8b
0xb48c06ab:   cd 8b 5c 24 40 89 1c 24 8b 6c 24 20 89 6c 24 04
0xb48c06bb:   e8 cc a2 0a 00 83 c4 38 5d 85 05 00 30 8b b7 c3
0xb48c06cb:   89 54 24 0c 89 6c 24 08 83 f8 36 0f 8e 06 03 00 

Register to memory mapping:

EAX=0x00000000 is an unknown value
EBX=0x00000001 is an unknown value
ECX=0xa1babb38 is an oop
com.android.dx.cf.code.RopperMachine 
 - klass: 'com/android/dx/cf/code/RopperMachine'
EDX=0xa1bac040 is an oop
com.android.dx.cf.code.Frame 
 - klass: 'com/android/dx/cf/code/Frame'
ESP=0xb789aaf0 is pointing into the stack for thread: 0xb7705800
EBP=0x00000015 is an unknown value
ESI=0x6c8e8580 is an oop
{instance class} 
 - klass: {other class}
EDI=0xa1babb38 is an oop
com.android.dx.cf.code.RopperMachine 
 - klass: 'com/android/dx/cf/code/RopperMachine'


Stack: [0xb784b000,0xb789c000],  sp=0xb789aaf0,  free space=318k
Native frames: (J=compiled Java code, j=interpreted, Vv=VM code, C=native code)
J  com.android.dx.cf.code.Simulator$SimVisitor.visitLocal(IIIILcom/android/dx/rop/type/Type;I)V


---------------  P R O C E S S  ---------------

Java Threads: ( => current thread )
  0xb77c7400 JavaThread "Low Memory Detector" daemon [_thread_blocked, id=29793, stack(0x6b62e000,0x6b67f000)]
  0xb77c5800 JavaThread "C2 CompilerThread1" daemon [_thread_in_native, id=29792, stack(0x6b67f000,0x6b700000)]
  0xb77c3800 JavaThread "C2 CompilerThread0" daemon [_thread_in_native, id=29791, stack(0x6b81c000,0x6b89d000)]
  0xb77c2400 JavaThread "Signal Dispatcher" daemon [_thread_blocked, id=29790, stack(0x6bc2e000,0x6bc7f000)]
  0xb77b2800 JavaThread "Finalizer" daemon [_thread_blocked, id=29789, stack(0x6be2e000,0x6be7f000)]
  0xb77b1000 JavaThread "Reference Handler" daemon [_thread_blocked, id=29788, stack(0x6b89d000,0x6b8ee000)]
=>0xb7705800 JavaThread "main" [_thread_in_Java, id=29782, stack(0xb784b000,0xb789c000)]

Other Threads:
  0xb77ad400 VMThread [stack: 0x6b8ee000,0x6b96f000] [id=29787]
  0xb77c9400 WatcherThread [stack: 0x6b27f000,0x6b300000] [id=29794]

VM state:not at safepoint (normal execution)

VM Mutex/Monitor currently owned by a thread: None

Heap
 PSYoungGen      total 151360K, used 67648K [0x9f0f0000, 0xabca0000, 0xb4640000)
  eden space 129280K, 35% used [0x9f0f0000,0xa1d71b28,0xa6f30000)
  from space 22080K, 99% used [0xa6f30000,0xa84be690,0xa84c0000)
  to   space 29696K, 0% used [0xa9fa0000,0xa9fa0000,0xabca0000)
 PSOldGen        total 54144K, used 43096K [0x74640000, 0x77b20000, 0x9f0f0000)
  object space 54144K, 79% used [0x74640000,0x770562d8,0x77b20000)
 PSPermGen       total 16384K, used 5314K [0x6c640000, 0x6d640000, 0x74640000)
  object space 16384K, 32% used [0x6c640000,0x6cb70ae0,0x6d640000)

Code Cache  [0xb4700000, 0xb4978000, 0xb7700000)
 total_blobs=743 nmethods=638 adapters=59 free_code_cache=47802752 largest_free_block=28416

Dynamic libraries:
00110000-0011b000 r-xp 00000000 fd:01 931119     /usr/lib/jvm/java-1.6.0-openjdk-1.6.0.0/jre/lib/i386/libverify.so
0011b000-0011c000 rw-p 0000b000 fd:01 931119     /usr/lib/jvm/java-1.6.0-openjdk-1.6.0.0/jre/lib/i386/libverify.so
0011c000-00142000 r-xp 00000000 fd:01 931100     /usr/lib/jvm/java-1.6.0-openjdk-1.6.0.0/jre/lib/i386/libjava.so
00142000-00144000 rw-p 00026000 fd:01 931100     /usr/lib/jvm/java-1.6.0-openjdk-1.6.0.0/jre/lib/i386/libjava.so
00144000-0014f000 r-xp 00000000 fd:01 1353       /lib/libnss_files-2.14.so
0014f000-00150000 r--p 0000a000 fd:01 1353       /lib/libnss_files-2.14.so
00150000-00151000 rw-p 0000b000 fd:01 1353       /lib/libnss_files-2.14.so
00151000-00158000 r-xp 00000000 fd:01 931120     /usr/lib/jvm/java-1.6.0-openjdk-1.6.0.0/jre/lib/i386/libzip.so
00158000-00159000 rw-p 00006000 fd:01 931120     /usr/lib/jvm/java-1.6.0-openjdk-1.6.0.0/jre/lib/i386/libzip.so
00352000-00353000 r-xp 00000000 00:00 0          [vdso]
00353000-00b72000 r-xp 00000000 fd:01 1048579    /usr/lib/jvm/java-1.6.0-openjdk-1.6.0.0/jre/lib/i386/server/libjvm.so
00b72000-00bc6000 rw-p 0081e000 fd:01 1048579    /usr/lib/jvm/java-1.6.0-openjdk-1.6.0.0/jre/lib/i386/server/libjvm.so
00bc6000-00fe0000 rw-p 00000000 00:00 0 
08048000-08051000 r-xp 00000000 fd:01 666654     /usr/lib/jvm/java-1.6.0-openjdk-1.6.0.0/jre/bin/java
08051000-08052000 rw-p 00008000 fd:01 666654     /usr/lib/jvm/java-1.6.0-openjdk-1.6.0.0/jre/bin/java
09a67000-09b66000 rw-p 00000000 00:00 0          [heap]
43047000-4306f000 r-xp 00000000 fd:01 1453       /lib/libm-2.14.so
4306f000-43070000 r--p 00028000 fd:01 1453       /lib/libm-2.14.so
43070000-43071000 rw-p 00029000 fd:01 1453       /lib/libm-2.14.so
43241000-43323000 r-xp 00000000 fd:01 141890     /usr/lib/libstdc++.so.6.0.16
43323000-43327000 r--p 000e1000 fd:01 141890     /usr/lib/libstdc++.so.6.0.16
43327000-43329000 rw-p 000e5000 fd:01 141890     /usr/lib/libstdc++.so.6.0.16
43329000-4332f000 rw-p 00000000 00:00 0 
4ae5b000-4ae5f000 r-xp 00000000 fd:01 932017     /usr/lib/jvm/java-1.6.0-openjdk-1.6.0.0/jre/lib/i386/jli/libjli.so
4ae5f000-4ae60000 rw-p 00003000 fd:01 932017     /usr/lib/jvm/java-1.6.0-openjdk-1.6.0.0/jre/lib/i386/jli/libjli.so
4aeba000-4aed7000 r-xp 00000000 fd:01 1750       /lib/ld-2.14.so
4aed7000-4aed8000 r--p 0001d000 fd:01 1750       /lib/ld-2.14.so
4aed8000-4aed9000 rw-p 0001e000 fd:01 1750       /lib/ld-2.14.so
4aedb000-4b060000 r-xp 00000000 fd:01 1817       /lib/libc-2.14.so
4b060000-4b061000 ---p 00185000 fd:01 1817       /lib/libc-2.14.so
4b061000-4b063000 r--p 00185000 fd:01 1817       /lib/libc-2.14.so
4b063000-4b064000 rw-p 00187000 fd:01 1817       /lib/libc-2.14.so
4b064000-4b067000 rw-p 00000000 00:00 0 
4b069000-4b07f000 r-xp 00000000 fd:01 1877       /lib/libpthread-2.14.so
4b07f000-4b080000 r--p 00015000 fd:01 1877       /lib/libpthread-2.14.so
4b080000-4b081000 rw-p 00016000 fd:01 1877       /lib/libpthread-2.14.so
4b081000-4b083000 rw-p 00000000 00:00 0 
4b085000-4b088000 r-xp 00000000 fd:01 1818       /lib/libdl-2.14.so
4b088000-4b089000 r--p 00002000 fd:01 1818       /lib/libdl-2.14.so
4b089000-4b08a000 rw-p 00003000 fd:01 1818       /lib/libdl-2.14.so
4b08c000-4b093000 r-xp 00000000 fd:01 1878       /lib/librt-2.14.so
4b093000-4b094000 r--p 00006000 fd:01 1878       /lib/librt-2.14.so
4b094000-4b095000 rw-p 00007000 fd:01 1878       /lib/librt-2.14.so
4b0e4000-4b100000 r-xp 00000000 fd:01 1908       /lib/libgcc_s-4.6.1-20110908.so.1
4b100000-4b101000 rw-p 0001b000 fd:01 1908       /lib/libgcc_s-4.6.1-20110908.so.1
4b103000-4b118000 r-xp 00000000 fd:01 1906       /lib/libz.so.1.2.5
4b118000-4b119000 rw-p 00014000 fd:01 1906       /lib/libz.so.1.2.5
4da1a000-4da30000 r-xp 00000000 fd:01 1916       /lib/libnsl-2.14.so
4da30000-4da31000 r--p 00016000 fd:01 1916       /lib/libnsl-2.14.so
4da31000-4da32000 rw-p 00017000 fd:01 1916       /lib/libnsl-2.14.so
4da32000-4da34000 rw-p 00000000 00:00 0 
66f00000-66ffb000 rw-p 00000000 00:00 0 
66ffb000-67000000 ---p 00000000 00:00 0 
67100000-671f8000 rw-p 00000000 00:00 0 
671f8000-67200000 ---p 00000000 00:00 0 
67200000-67235000 rw-p 00000000 00:00 0 
67235000-67300000 ---p 00000000 00:00 0 
67300000-673fb000 rw-p 00000000 00:00 0 
673fb000-67400000 ---p 00000000 00:00 0 
67500000-675e4000 rw-p 00000000 00:00 0 
675e4000-67600000 ---p 00000000 00:00 0 
67600000-676f8000 rw-p 00000000 00:00 0 
676f8000-67700000 ---p 00000000 00:00 0 
67700000-677fa000 rw-p 00000000 00:00 0 
677fa000-67800000 ---p 00000000 00:00 0 
67800000-678ed000 rw-p 00000000 00:00 0 
678ed000-67900000 ---p 00000000 00:00 0 
67900000-679fc000 rw-p 00000000 00:00 0 
679fc000-67a00000 ---p 00000000 00:00 0 
67a00000-67afd000 rw-p 00000000 00:00 0 
67afd000-67b00000 ---p 00000000 00:00 0 
67b00000-67bff000 rw-p 00000000 00:00 0 
67bff000-67c00000 ---p 00000000 00:00 0 
67d00000-67df2000 rw-p 00000000 00:00 0 
67df2000-67e00000 ---p 00000000 00:00 0 
67e00000-67efd000 rw-p 00000000 00:00 0 
67efd000-67f00000 ---p 00000000 00:00 0 
67f00000-67ffd000 rw-p 00000000 00:00 0 
67ffd000-68000000 ---p 00000000 00:00 0 
68100000-681fb000 rw-p 00000000 00:00 0 
681fb000-68200000 ---p 00000000 00:00 0 
68200000-68300000 rw-p 00000000 00:00 0 
68300000-683f9000 rw-p 00000000 00:00 0 
683f9000-68400000 ---p 00000000 00:00 0 
68400000-68500000 rw-p 00000000 00:00 0 
68500000-685f8000 rw-p 00000000 00:00 0 
685f8000-68600000 ---p 00000000 00:00 0 
68600000-68689000 rw-p 00000000 00:00 0 
68689000-68700000 ---p 00000000 00:00 0 
68700000-68800000 rw-p 00000000 00:00 0 
68800000-68900000 rw-p 00000000 00:00 0 
68900000-68a00000 rw-p 00000000 00:00 0 
68a00000-68b00000 rw-p 00000000 00:00 0 
68b00000-68c00000 rw-p 00000000 00:00 0 
68c00000-68d00000 rw-p 00000000 00:00 0 
68d00000-68e00000 rw-p 00000000 00:00 0 
68e00000-68f00000 rw-p 00000000 00:00 0 
68f00000-69000000 rw-p 00000000 00:00 0 
69000000-69100000 rw-p 00000000 00:00 0 
69100000-69200000 rw-p 00000000 00:00 0 
69200000-69300000 rw-p 00000000 00:00 0 
69300000-69500000 rw-p 00000000 00:00 0 
69500000-695fe000 rw-p 00000000 00:00 0 
695fe000-69600000 ---p 00000000 00:00 0 
69600000-696fb000 rw-p 00000000 00:00 0 
696fb000-69700000 ---p 00000000 00:00 0 
69700000-697eb000 rw-p 00000000 00:00 0 
697eb000-69800000 ---p 00000000 00:00 0 
69800000-698f8000 rw-p 00000000 00:00 0 
698f8000-69900000 ---p 00000000 00:00 0 
69900000-699f1000 rw-p 00000000 00:00 0 
699f1000-69a00000 ---p 00000000 00:00 0 
69a00000-69afe000 rw-p 00000000 00:00 0 
69afe000-69b00000 ---p 00000000 00:00 0 
69b00000-69bfd000 rw-p 00000000 00:00 0 
69bfd000-69c00000 ---p 00000000 00:00 0 
69c00000-69cf9000 rw-p 00000000 00:00 0 
69cf9000-69d00000 ---p 00000000 00:00 0 
69d00000-69dfd000 rw-p 00000000 00:00 0 
69dfd000-69e00000 ---p 00000000 00:00 0 
69e00000-69f00000 rw-p 00000000 00:00 0 
69f00000-69ffa000 rw-p 00000000 00:00 0 
69ffa000-6a000000 ---p 00000000 00:00 0 
6a000000-6a0fb000 rw-p 00000000 00:00 0 
6a0fb000-6a100000 ---p 00000000 00:00 0 
6a100000-6a1e8000 rw-p 00000000 00:00 0 
6a1e8000-6a200000 ---p 00000000 00:00 0 
6a200000-6a2e9000 rw-p 00000000 00:00 0 
6a2e9000-6a300000 ---p 00000000 00:00 0 
6a300000-6a3fa000 rw-p 00000000 00:00 0 
6a3fa000-6a400000 ---p 00000000 00:00 0 
6a400000-6a500000 rw-p 00000000 00:00 0 
6a500000-6a5fb000 rw-p 00000000 00:00 0 
6a5fb000-6a600000 ---p 00000000 00:00 0 
6a600000-6a6ff000 rw-p 00000000 00:00 0 
6a6ff000-6a700000 ---p 00000000 00:00 0 
6a700000-6a7ff000 rw-p 00000000 00:00 0 
6a7ff000-6a800000 ---p 00000000 00:00 0 
6a800000-6a8fa000 rw-p 00000000 00:00 0 
6a8fa000-6a900000 ---p 00000000 00:00 0 
6a900000-6a9ff000 rw-p 00000000 00:00 0 
6a9ff000-6aa00000 ---p 00000000 00:00 0 
6aa00000-6aafd000 rw-p 00000000 00:00 0 
6aafd000-6ab00000 ---p 00000000 00:00 0 
6ab00000-6abfe000 rw-p 00000000 00:00 0 
6abfe000-6ac00000 ---p 00000000 00:00 0 
6ac00000-6acfb000 rw-p 00000000 00:00 0 
6acfb000-6ad00000 ---p 00000000 00:00 0 
6ad00000-6addf000 rw-p 00000000 00:00 0 
6addf000-6ae00000 ---p 00000000 00:00 0 
6ae00000-6aefc000 rw-p 00000000 00:00 0 
6aefc000-6af00000 ---p 00000000 00:00 0 
6af00000-6affe000 rw-p 00000000 00:00 0 
6affe000-6b000000 ---p 00000000 00:00 0 
6b000000-6b0f9000 rw-p 00000000 00:00 0 
6b0f9000-6b100000 ---p 00000000 00:00 0 
6b100000-6b1fa000 rw-p 00000000 00:00 0 
6b1fa000-6b200000 ---p 00000000 00:00 0 
6b27f000-6b280000 ---p 00000000 00:00 0 
6b280000-6b300000 rw-p 00000000 00:00 0 
6b300000-6b500000 r--p 00000000 fd:01 151052     /usr/lib/locale/locale-archive
6b500000-6b521000 rw-p 00000000 00:00 0 
6b521000-6b600000 ---p 00000000 00:00 0 
6b62e000-6b631000 ---p 00000000 00:00 0 
6b631000-6b67f000 rw-p 00000000 00:00 0 
6b67f000-6b682000 ---p 00000000 00:00 0 
6b682000-6b700000 rw-p 00000000 00:00 0 
6b700000-6b7f3000 rw-p 00000000 00:00 0 
6b7f3000-6b800000 ---p 00000000 00:00 0 
6b81c000-6b81f000 ---p 00000000 00:00 0 
6b81f000-6b89d000 rw-p 00000000 00:00 0 
6b89d000-6b8a0000 ---p 00000000 00:00 0 
6b8a0000-6b8ee000 rw-p 00000000 00:00 0 
6b8ee000-6b8ef000 ---p 00000000 00:00 0 
6b8ef000-6b96f000 rw-p 00000000 00:00 0 
6b96f000-6bb00000 r--s 037b1000 fd:01 931134     /usr/lib/jvm/java-1.6.0-openjdk-1.6.0.0/jre/lib/rt.jar
6bb00000-6bc00000 rw-p 00000000 00:00 0 
6bc2e000-6bc31000 ---p 00000000 00:00 0 
6bc31000-6bc7f000 rw-p 00000000 00:00 0 
6bc7f000-6bc80000 ---p 00000000 00:00 0 
6bc80000-6bd00000 rw-p 00000000 00:00 0 
6bd00000-6bd21000 rw-p 00000000 00:00 0 
6bd21000-6be00000 ---p 00000000 00:00 0 
6be2e000-6be31000 ---p 00000000 00:00 0 
6be31000-6be7f000 rw-p 00000000 00:00 0 
6be7f000-6be80000 ---p 00000000 00:00 0 
6be80000-6bf00000 rw-p 00000000 00:00 0 
6bf00000-6bf21000 rw-p 00000000 00:00 0 
6bf21000-6c000000 ---p 00000000 00:00 0 
6c04c000-6c07f000 rw-p 00000000 00:00 0 
6c07f000-6c080000 ---p 00000000 00:00 0 
6c080000-6c100000 rw-p 00000000 00:00 0 
6c100000-6c121000 rw-p 00000000 00:00 0 
6c121000-6c200000 ---p 00000000 00:00 0 
6c208000-6c219000 r--s 000f3000 fd:02 1708465    /home/kaiquesilva/.titanium/mobilesdk/linux/1.7.5/android/titanium.jar
6c219000-6c228000 r--s 000e3000 fd:02 1441925    /home/kaiquesilva/android-sdk-linux/platform-tools/lib/dx.jar
6c228000-6c229000 ---p 00000000 00:00 0 
6c229000-6c2c4000 rw-p 00000000 00:00 0 
6c2c4000-6c3ff000 rw-p 00000000 00:00 0 
6c3ff000-6c407000 rw-p 00000000 00:00 0 
6c407000-6c43f000 rw-p 00000000 00:00 0 
6c43f000-6c45a000 rw-p 00000000 00:00 0 
6c45a000-6c594000 rw-p 00000000 00:00 0 
6c594000-6c5fb000 rw-p 00000000 00:00 0 
6c5fb000-6c63f000 rw-p 00000000 00:00 0 
6c63f000-6d640000 rw-p 00000000 00:00 0 
6d640000-74640000 rw-p 00000000 00:00 0 
74640000-77b20000 rw-p 00000000 00:00 0 
77b20000-9f0f0000 rw-p 00000000 00:00 0 
9f0f0000-abca0000 rw-p 00000000 00:00 0 
abca0000-b4640000 rw-p 00000000 00:00 0 
b4640000-b464a000 rw-p 00000000 00:00 0 
b464a000-b4700000 rw-p 00000000 00:00 0 
b4700000-b4978000 rwxp 00000000 00:00 0 
b4978000-b7800000 rw-p 00000000 00:00 0 
b7808000-b780b000 r--s 0007d000 fd:01 931124     /usr/lib/jvm/java-1.6.0-openjdk-1.6.0.0/jre/lib/jsse.jar
b780b000-b7813000 rw-p 00000000 00:00 0 
b7813000-b784b000 rw-p 00000000 00:00 0 
b784b000-b784e000 ---p 00000000 00:00 0 
b784e000-b789e000 rw-p 00000000 00:00 0 
b789e000-b78a1000 r--s 0000f000 fd:01 931060     /usr/lib/jvm/java-1.6.0-openjdk-1.6.0.0/jre/lib/ext/pulse-java.jar
b78a1000-b78aa000 r--s 00065000 fd:01 931057     /usr/lib/jvm/java-1.6.0-openjdk-1.6.0.0/jre/lib/ext/gnome-java-bridge.jar
b78aa000-b78b2000 rw-s 00000000 fd:01 399015     /tmp/hsperfdata_kaiquesilva/29769
b78b2000-b78b3000 rw-p 00000000 00:00 0 
b78b3000-b78b4000 r--p 00000000 00:00 0 
b78b4000-b78b5000 rw-p 00000000 00:00 0 
bff82000-bffb8000 rw-p 00000000 00:00 0          [stack]

VM Arguments:
jvm_args: -Xmx1024M -XX:-UseGCOverheadLimit 
java_command: /home/kaiquesilva/android-sdk-linux/platform-tools/lib/dx.jar --dex --output=/home/kaiquesilva/Documents/Projects/dataSync/build/android/bin/classes.dex /home/kaiquesilva/Documents/Projects/dataSync/build/android/bin/classes /home/kaiquesilva/.titanium/mobilesdk/linux/1.7.5/android/modules/titanium-filesystem.jar /home/kaiquesilva/.titanium/mobilesdk/linux/1.7.5/android/modules/titanium-app.jar /home/kaiquesilva/.titanium/mobilesdk/linux/1.7.5/android/modules/titanium-ui.jar /home/kaiquesilva/.titanium/mobilesdk/linux/1.7.5/android/modules/titanium-json.jar /home/kaiquesilva/.titanium/mobilesdk/linux/1.7.5/android/jaxen-1.1.1.jar /home/kaiquesilva/.titanium/mobilesdk/linux/1.7.5/android/titanium.jar /home/kaiquesilva/.titanium/mobilesdk/linux/1.7.5/android/modules/titanium-platform.jar /home/kaiquesilva/.titanium/mobilesdk/linux/1.7.5/android/modules/titanium-android.jar /home/kaiquesilva/.titanium/mobilesdk/linux/1.7.5/android/modules/titanium-media.jar /home/kaiquesilva/.titanium/mobilesdk/linux/1.7.5/android/modules/titanium-locale.jar /home/kaiquesilva/.titanium/mobilesdk/linux/1.7.5/android/ti-commons-codec-1.3.jar /home/kaiquesilva/.titanium/mobilesdk/linux/1.7.5/android/modules/titanium-api.jar /home/kaiquesilva/.titanium/mobilesdk/linux/1.7.5/android/modules/titanium-analytics.jar /home/kaiquesilva/.titanium/mobilesdk/linux/1.7.5/android/lib/titanium-verify.jar /home/kaiquesilva/.titanium/mobilesdk/linux/1.7.5/android/lib/titanium-debug.jar /home/kaiquesilva/.titanium/mobilesdk/linux/1.7.5/android/modules/titanium-network.jar /home/kaiquesilva/.titanium/mobilesdk/linux/1.7.5/android/js-debug.jar
Launcher Type: SUN_STANDARD

Environment Variables:
JAVA_HOME=/usr/lib/jvm/java-1.6.0-openjdk/bin/
PATH=/usr/lib/qt-3.3/bin:/usr/local/bin:/usr/bin:/bin:/usr/local/sbin:/usr/sbin:/sbin:/home/kaiquesilva/android-sdk-linux/tools:/home/kaiquesilva/android-sdk-linux/tools
USERNAME=kaiquesilva
LD_LIBRARY_PATH=/usr/lib/jvm/java-1.6.0-openjdk-1.6.0.0/jre/lib/i386/server:/usr/lib/jvm/java-1.6.0-openjdk-1.6.0.0/jre/lib/i386:/usr/lib/jvm/java-1.6.0-openjdk-1.6.0.0/jre/../lib/i386
SHELL=/bin/bash
DISPLAY=:0

Signal Handlers:
SIGSEGV: [libjvm.so+0x66b0c0], sa_mask[0]=0x7ffbfeff, sa_flags=0x10000004
SIGBUS: [libjvm.so+0x66b0c0], sa_mask[0]=0x7ffbfeff, sa_flags=0x10000004
SIGFPE: [libjvm.so+0x52f440], sa_mask[0]=0x7ffbfeff, sa_flags=0x10000004
SIGPIPE: [libjvm.so+0x52f440], sa_mask[0]=0x7ffbfeff, sa_flags=0x10000004
SIGXFSZ: [libjvm.so+0x52f440], sa_mask[0]=0x7ffbfeff, sa_flags=0x10000004
SIGILL: [libjvm.so+0x52f440], sa_mask[0]=0x7ffbfeff, sa_flags=0x10000004
SIGUSR1: SIG_DFL, sa_mask[0]=0x00000000, sa_flags=0x00000000
SIGUSR2: [libjvm.so+0x52f2d0], sa_mask[0]=0x00000000, sa_flags=0x10000004
SIGHUP: [libjvm.so+0x532140], sa_mask[0]=0x7ffbfeff, sa_flags=0x10000004
SIGINT: [libjvm.so+0x532140], sa_mask[0]=0x7ffbfeff, sa_flags=0x10000004
SIGTERM: [libjvm.so+0x532140], sa_mask[0]=0x7ffbfeff, sa_flags=0x10000004
SIGQUIT: [libjvm.so+0x532140], sa_mask[0]=0x7ffbfeff, sa_flags=0x10000004


---------------  S Y S T E M  ---------------

OS:Fedora release 15 (Lovelock)

uname:Linux 2.6.40.6-0.fc15.i686 #1 SMP Tue Oct 4 00:51:19 UTC 2011 i686
libc:glibc 2.14 NPTL 2.14 
rlimit: STACK 8192k, CORE 0k, NPROC 1024, NOFILE 4096, AS infinity
load average:0.83 0.34 0.28

/proc/meminfo:
MemTotal:        2831504 kB
MemFree:          500952 kB
Buffers:           12948 kB
Cached:           725472 kB
SwapCached:        22488 kB
Active:          1347080 kB
Inactive:         794604 kB
Active(anon):    1074584 kB
Inactive(anon):   516048 kB
Active(file):     272496 kB
Inactive(file):   278556 kB
Unevictable:          16 kB
Mlocked:              16 kB
HighTotal:       1973412 kB
HighFree:         363860 kB
LowTotal:         858092 kB
LowFree:          137092 kB
SwapTotal:       4915196 kB
SwapFree:        4837032 kB
Dirty:               988 kB
Writeback:             0 kB
AnonPages:       1350084 kB
Mapped:           138684 kB
Shmem:            187368 kB
Slab:             131700 kB
SReclaimable:      93504 kB
SUnreclaim:        38196 kB
KernelStack:        3424 kB
PageTables:        14320 kB
NFS_Unstable:          0 kB
Bounce:                0 kB
WritebackTmp:          0 kB
CommitLimit:     6330948 kB
Committed_AS:    4599836 kB
VmallocTotal:     122880 kB
VmallocUsed:       36644 kB
VmallocChunk:      59004 kB
HardwareCorrupted:     0 kB
AnonHugePages:    614400 kB
HugePages_Total:       0
HugePages_Free:        0
HugePages_Rsvd:        0
HugePages_Surp:        0
Hugepagesize:       4096 kB
DirectMap4k:       20472 kB
DirectMap4M:      880640 kB


CPU:total 4 (2 cores per cpu, 2 threads per core) family 6 model 37 stepping 5, cmov, cx8, fxsr, mmx, sse, sse2, sse3, ssse3, sse4.1, sse4.2, popcnt, ht

Memory: 4k page, physical 2831504k(500952k free), swap 4915196k(4837032k free)

vm_info: OpenJDK Server VM (20.0-b11) for linux-x86 JRE (1.6.0_22-b22), built on Oct 19 2011 06:35:36 by "mockbuild" with gcc 4.6.1 20110908 (Red Hat 4.6.1-9)

time: Tue Nov 22 12:03:09 2011
elapsed time: 7 seconds

