Logfile initialized
[INFO] logfile = /home/kaiquesilva/Documents/Projects/dataSync/build.log
[DEBUG] /home/kaiquesilva/.titanium/mobilesdk/linux/1.7.5/android/builder.py run /home/kaiquesilva/Documents/Projects/dataSync /home/kaiquesilva/android-sdk-linux/
[INFO] Titanium SDK version: 1.7.5 (11/02/11 17:00 ab20af7)
[DEBUG] Waiting for device to be ready ...
[TRACE] adb devices returned 1 devices/emulators
[DEBUG] Device connected... (waited 0 seconds)
[DEBUG] waited 0.009218 seconds on emulator to get ready
[DEBUG] br.com.visie.dataSync installed? True
[WARN] Fastdev enabled, but server isn't running, deploying normally
[INFO] Copying project resources..
[TRACE] COPYING MODIFIED FILE: /home/kaiquesilva/Documents/Projects/dataSync/Resources/main.js => /home/kaiquesilva/Documents/Projects/dataSync/build/android/bin/assets/Resources/main.js
[TRACE] Generating Java Classes
[DEBUG] Processing Android resource drawables
[DEBUG] copying app icon: /home/kaiquesilva/Documents/Projects/dataSync/build/android/bin/assets/Resources/appicon.png
[DEBUG] generating theme.xml
[DEBUG] found drawable-notlong-port-mdpi splash screen at /home/kaiquesilva/Documents/Projects/dataSync/Resources/android/images/res-notlong-port-mdpi/default.png
[DEBUG] copying /home/kaiquesilva/Documents/Projects/dataSync/Resources/android/images/res-notlong-port-mdpi/default.png splash screen to /home/kaiquesilva/Documents/Projects/dataSync/build/android/res/drawable-notlong-port-mdpi/background.png
[DEBUG] found drawable-notlong-land-hdpi splash screen at /home/kaiquesilva/Documents/Projects/dataSync/Resources/android/images/res-notlong-land-hdpi/default.png
[DEBUG] copying /home/kaiquesilva/Documents/Projects/dataSync/Resources/android/images/res-notlong-land-hdpi/default.png splash screen to /home/kaiquesilva/Documents/Projects/dataSync/build/android/res/drawable-notlong-land-hdpi/background.png
[DEBUG] found drawable-notlong-land-ldpi splash screen at /home/kaiquesilva/Documents/Projects/dataSync/Resources/android/images/res-notlong-land-ldpi/default.png
[DEBUG] copying /home/kaiquesilva/Documents/Projects/dataSync/Resources/android/images/res-notlong-land-ldpi/default.png splash screen to /home/kaiquesilva/Documents/Projects/dataSync/build/android/res/drawable-notlong-land-ldpi/background.png
[DEBUG] found drawable-long-land-ldpi splash screen at /home/kaiquesilva/Documents/Projects/dataSync/Resources/android/images/res-long-land-ldpi/default.png
[DEBUG] copying /home/kaiquesilva/Documents/Projects/dataSync/Resources/android/images/res-long-land-ldpi/default.png splash screen to /home/kaiquesilva/Documents/Projects/dataSync/build/android/res/drawable-long-land-ldpi/background.png
[DEBUG] found drawable-notlong-land-mdpi splash screen at /home/kaiquesilva/Documents/Projects/dataSync/Resources/android/images/res-notlong-land-mdpi/default.png
[DEBUG] copying /home/kaiquesilva/Documents/Projects/dataSync/Resources/android/images/res-notlong-land-mdpi/default.png splash screen to /home/kaiquesilva/Documents/Projects/dataSync/build/android/res/drawable-notlong-land-mdpi/background.png
[DEBUG] found drawable-notlong-port-ldpi splash screen at /home/kaiquesilva/Documents/Projects/dataSync/Resources/android/images/res-notlong-port-ldpi/default.png
[DEBUG] copying /home/kaiquesilva/Documents/Projects/dataSync/Resources/android/images/res-notlong-port-ldpi/default.png splash screen to /home/kaiquesilva/Documents/Projects/dataSync/build/android/res/drawable-notlong-port-ldpi/background.png
[DEBUG] found drawable-long-port-ldpi splash screen at /home/kaiquesilva/Documents/Projects/dataSync/Resources/android/images/res-long-port-ldpi/default.png
[DEBUG] copying /home/kaiquesilva/Documents/Projects/dataSync/Resources/android/images/res-long-port-ldpi/default.png splash screen to /home/kaiquesilva/Documents/Projects/dataSync/build/android/res/drawable-long-port-ldpi/background.png
[DEBUG] found drawable-notlong-port-hdpi splash screen at /home/kaiquesilva/Documents/Projects/dataSync/Resources/android/images/res-notlong-port-hdpi/default.png
[DEBUG] copying /home/kaiquesilva/Documents/Projects/dataSync/Resources/android/images/res-notlong-port-hdpi/default.png splash screen to /home/kaiquesilva/Documents/Projects/dataSync/build/android/res/drawable-notlong-port-hdpi/background.png
[DEBUG] found drawable-long-land-hdpi splash screen at /home/kaiquesilva/Documents/Projects/dataSync/Resources/android/images/res-long-land-hdpi/default.png
[DEBUG] copying /home/kaiquesilva/Documents/Projects/dataSync/Resources/android/images/res-long-land-hdpi/default.png splash screen to /home/kaiquesilva/Documents/Projects/dataSync/build/android/res/drawable-long-land-hdpi/background.png
[DEBUG] found drawable-long-port-hdpi splash screen at /home/kaiquesilva/Documents/Projects/dataSync/Resources/android/images/res-long-port-hdpi/default.png
[DEBUG] copying /home/kaiquesilva/Documents/Projects/dataSync/Resources/android/images/res-long-port-hdpi/default.png splash screen to /home/kaiquesilva/Documents/Projects/dataSync/build/android/res/drawable-long-port-hdpi/background.png
[DEBUG] found splash screen at /home/kaiquesilva/Documents/Projects/dataSync/build/android/bin/assets/Resources/default.png
[TRACE] Writing out AndroidManifest.xml
[DEBUG] adding /home/kaiquesilva/Documents/Projects/dataSync/build/android/gen/br/com/visie/dataSync/DatasyncAppInfo.java to javac build list
[DEBUG] adding /home/kaiquesilva/Documents/Projects/dataSync/build/android/gen/br/com/visie/dataSync/DatasyncApplication.java to javac build list
[DEBUG] adding /home/kaiquesilva/Documents/Projects/dataSync/build/android/gen/br/com/visie/dataSync/DatasyncActivity.java to javac build list
[DEBUG] adding /home/kaiquesilva/Documents/Projects/dataSync/build/android/gen/br/com/visie/dataSync/R.java to javac build list
[DEBUG] Building Java Sources: "/home/kaiquesilva/Documents/Projects/dataSync/build/android/gen/br/com/visie/dataSync/DatasyncAppInfo.java" "/home/kaiquesilva/Documents/Projects/dataSync/build/android/gen/br/com/visie/dataSync/DatasyncApplication.java" "/home/kaiquesilva/Documents/Projects/dataSync/build/android/gen/br/com/visie/dataSync/DatasyncActivity.java" "/home/kaiquesilva/Documents/Projects/dataSync/build/android/gen/br/com/visie/dataSync/R.java"
[INFO] Waiting for SDCard to become available..
[INFO] Compiling Android Resources... This could take some time
[DEBUG] Android classes.dex built
[DEBUG] creating unsigned apk: /home/kaiquesilva/Documents/Projects/dataSync/build/android/bin/app-unsigned.apk
[DEBUG] from resource zip => assets/Resources/data/insert.js
[DEBUG] from resource zip => assets/Resources/data/remove.js
[DEBUG] from resource zip => assets/Resources/data/search.js
[DEBUG] from resource zip => assets/Resources/data/view.js
[DEBUG] from resource zip => assets/Resources/databases/datas.sqlite
[DEBUG] from resource zip => assets/Resources/app.js
[DEBUG] from resource zip => assets/Resources/appicon.png
[DEBUG] from resource zip => assets/Resources/default.png
[DEBUG] from resource zip => assets/Resources/main.js
[DEBUG] from resource zip => assets/tiapp.xml
[DEBUG] from resource zip => res/drawable/appicon.png
[DEBUG] from resource zip => res/drawable/background.png
[DEBUG] from resource zip => res/layout/titanium_tabgroup.xml
[DEBUG] from resource zip => AndroidManifest.xml
[DEBUG] from resource zip => resources.arsc
[DEBUG] from resource zip => res/drawable-long-land-hdpi/background.png
[DEBUG] from resource zip => res/drawable-long-land-ldpi/background.png
[DEBUG] from resource zip => res/drawable-long-port-hdpi/background.png
[DEBUG] from resource zip => res/drawable-long-port-ldpi/background.png
[DEBUG] from resource zip => res/drawable-notlong-land-hdpi/background.png
[DEBUG] from resource zip => res/drawable-notlong-land-ldpi/background.png
[DEBUG] from resource zip => res/drawable-notlong-land-mdpi/background.png
[DEBUG] from resource zip => res/drawable-notlong-port-hdpi/background.png
[DEBUG] from resource zip => res/drawable-notlong-port-ldpi/background.png
[DEBUG] from resource zip => res/drawable-notlong-port-mdpi/background.png
[DEBUG] from JAR /home/kaiquesilva/.titanium/mobilesdk/linux/1.7.5/android/modules/titanium-ui.jar => ti/modules/titanium/ui/widget/webview/binding.js
[DEBUG] from JAR /home/kaiquesilva/.titanium/mobilesdk/linux/1.7.5/android/modules/titanium-ui.jar => ti/modules/titanium/ui/widget/webview/binding.min.js
[DEBUG] from JAR /home/kaiquesilva/.titanium/mobilesdk/linux/1.7.5/android/modules/titanium-ui.jar => ti/modules/titanium/ui/widget/webview/json2.js
[DEBUG] from JAR /home/kaiquesilva/.titanium/mobilesdk/linux/1.7.5/android/smalljs.jar => org/mozilla/javascript/resources/Messages.properties
[DEBUG] from JAR /home/kaiquesilva/.titanium/mobilesdk/linux/1.7.5/android/smalljs.jar => org/mozilla/javascript/resources/Messages_fr.properties
[DEBUG] from JAR /home/kaiquesilva/.titanium/mobilesdk/linux/1.7.5/android/titanium.jar => org/apache/Commons-NOTICE.txt
[DEBUG] from JAR /home/kaiquesilva/.titanium/mobilesdk/linux/1.7.5/android/titanium.jar => org/apache/HttpComponents-NOTICE.txt
[DEBUG] from JAR /home/kaiquesilva/.titanium/mobilesdk/linux/1.7.5/android/titanium.jar => org/apache/mime4j-NOTICE.txt
[DEBUG] from JAR /home/kaiquesilva/.titanium/mobilesdk/linux/1.7.5/android/titanium.jar => org/appcelerator/titanium/build.properties
[DEBUG] from JAR /home/kaiquesilva/.titanium/mobilesdk/linux/1.7.5/android/titanium.jar => org/appcelerator/titanium/res/drawable/background.png
[DEBUG] from JAR /home/kaiquesilva/.titanium/mobilesdk/linux/1.7.5/android/titanium.jar => org/appcelerator/titanium/res/drawable/btn_check_buttonless_on.png
[DEBUG] from JAR /home/kaiquesilva/.titanium/mobilesdk/linux/1.7.5/android/titanium.jar => org/appcelerator/titanium/res/drawable/btn_check_buttonless_on_18.png
[DEBUG] from JAR /home/kaiquesilva/.titanium/mobilesdk/linux/1.7.5/android/titanium.jar => org/appcelerator/titanium/res/drawable/btn_check_buttonless_on_48.png
[DEBUG] from JAR /home/kaiquesilva/.titanium/mobilesdk/linux/1.7.5/android/titanium.jar => org/appcelerator/titanium/res/drawable/btn_more.png
[DEBUG] from JAR /home/kaiquesilva/.titanium/mobilesdk/linux/1.7.5/android/titanium.jar => org/appcelerator/titanium/res/drawable/btn_more_18.png
[DEBUG] from JAR /home/kaiquesilva/.titanium/mobilesdk/linux/1.7.5/android/titanium.jar => org/appcelerator/titanium/res/drawable/btn_more_48.png
[DEBUG] from JAR /home/kaiquesilva/.titanium/mobilesdk/linux/1.7.5/android/titanium.jar => org/appcelerator/titanium/res/drawable/btn_picker_normal.9.png
[DEBUG] from JAR /home/kaiquesilva/.titanium/mobilesdk/linux/1.7.5/android/titanium.jar => org/appcelerator/titanium/res/drawable/btn_picker_pressed.9.png
[DEBUG] from JAR /home/kaiquesilva/.titanium/mobilesdk/linux/1.7.5/android/titanium.jar => org/appcelerator/titanium/res/drawable/btn_picker_selected.9.png
[DEBUG] from JAR /home/kaiquesilva/.titanium/mobilesdk/linux/1.7.5/android/titanium.jar => org/appcelerator/titanium/res/drawable/default_icon.png
[DEBUG] from JAR /home/kaiquesilva/.titanium/mobilesdk/linux/1.7.5/android/titanium.jar => org/appcelerator/titanium/res/drawable/photoDefault.png
[DEBUG] Waiting for device to be ready ...
[TRACE] adb devices returned 1 devices/emulators
[DEBUG] Device connected... (waited 0 seconds)
[DEBUG] waited 0.005407 seconds on emulator to get ready
[INFO] Installing application on device
[INFO] Launching application ... dataSync
[TRACE] Launch output: Starting: Intent { act=android.intent.action.MAIN cat=[android.intent.category.LAUNCHER] cmp=br.com.visie.dataSync/.DatasyncActivity }

[INFO] Deployed dataSync ... Application should be running.
